# stats: dump at 1610435646
stats: users 0 5
stats: {load,"tsung_controller@ip-172-31-36-11"} 1 0.0 0 0.0 0.0 0 0
stats: {freemem,"tsung_controller@ip-172-31-36-11"} 1 7344.125 0 7344.125 7344.125 0 0
stats: {cpu,"tsung_controller@ip-172-31-36-11"} 1 0.2313508494282519 0 0.2313508494282519 0.2313508494282519 0 0
stats: session 40 209.57649999999998 88.71899372034152 540.55 124.109 0 0
stats: users_count 40 40
stats: finish_users_count 40 40
stats: request 151 52.45771523178809 62.52727212162615 347.24 10.606 0 0
stats: connect 39 1.3219230769230772 1.854989230525313 12.135 0.792 0 0
stats: page 75 105.48619999999997 90.30421490746338 457.416 23.03 0 0
stats: 302 38 38
stats: match 151 151
stats: 200 113 113
stats: size_rcv 3759740 3759740
stats: size_sent 78038 78038
stats: connected 2 2
# stats: dump at 1610435656
stats: users 3 6
stats: {load,"tsung_controller@ip-172-31-36-11"} 1 0.0 0.0 0.0 0.0 0.0 1
stats: {freemem,"tsung_controller@ip-172-31-36-11"} 1 7342.78515625 0.0 7344.125 7342.78515625 7344.125 1
stats: {cpu,"tsung_controller@ip-172-31-36-11"} 1 1.1528822055137844 0.0 1.1528822055137844 0.2313508494282519 0.2313508494282519 1
stats: session 40 240.21307499999995 118.64211008878497 540.55 124.109 209.57649999999998 40
stats: users_count 43 83
stats: finish_users_count 40 80
stats: request 150 54.61342666666665 62.83152531050492 347.24 10.272 52.45771523178809 151
stats: connect 39 0.9347435897435901 0.11195574170150566 12.135 0.792 1.3219230769230772 39
stats: page 75 106.37439999999998 89.90533098231717 457.416 22.546 105.48619999999997 75
stats: 302 37 75
stats: match 150 301
stats: 200 113 226
stats: size_rcv 4178564 7938304
stats: size_sent 76732 154770
stats: connected 1 3
# stats: dump at 1610435666
stats: users 2 9
stats: {load,"tsung_controller@ip-172-31-36-11"} 1 0.0 0.0 0.0 0.0 0.0 2
stats: {freemem,"tsung_controller@ip-172-31-36-11"} 1 7340.8515625 0.0 7344.125 7340.8515625 7343.455078125 2
stats: {cpu,"tsung_controller@ip-172-31-36-11"} 1 1.1511511511511512 0.0 1.1528822055137844 0.2313508494282519 0.6921165274710182 2
stats: session 53 305.9497547169811 176.45276538206357 730.908 124.109 224.89478749999998 80
stats: users_count 52 135
stats: finish_users_count 53 133
stats: request 219 77.77792237442924 91.86167813729216 452.039 10.272 53.53199003322259 301
stats: connect 53 0.9032075471698114 0.105524987381701 12.135 0.68 1.1283333333333336 78
stats: page 110 157.2233454545454 140.64037011298365 528.837 22.546 105.93029999999996 150
stats: 302 55 130
stats: match 219 520
stats: 200 164 390
stats: size_rcv 6705173 14643477
stats: size_sent 112180 266950
stats: connected -2 1
# stats: dump at 1610435676
stats: users 0 9
stats: {load,"tsung_controller@ip-172-31-36-11"} 1 0.0 0.0 0.0 0.0 0.0 3
stats: {freemem,"tsung_controller@ip-172-31-36-11"} 1 7339.7109375 0.0 7344.125 7339.7109375 7342.587239583333 3
stats: {cpu,"tsung_controller@ip-172-31-36-11"} 1 1.4529058116232465 0.0 1.4529058116232465 0.2313508494282519 0.8451280686977292 3
stats: session 45 301.8446222222222 127.91360104804926 730.908 124.109 257.1948872180451 133
stats: users_count 43 178
stats: finish_users_count 45 178
stats: request 192 73.92482812500006 91.66884547128411 510.787 10.272 63.7432576923077 520
stats: connect 47 0.9692978723404253 0.30992263378405144 12.135 0.68 1.0372519083969467 131
stats: page 96 147.99006250000005 127.07228283013868 554.773 22.546 127.63120384615381 260
stats: 302 48 178
stats: match 192 712
stats: 200 144 534
stats: size_rcv 6683422 21326899
stats: size_sent 98364 365314
stats: connected -1 0
# stats: dump at 1610435686
stats: users 1 9
stats: {load,"tsung_controller@ip-172-31-36-11"} 1 0.0 0.0 0.0 0.0 0.0 4
stats: {freemem,"tsung_controller@ip-172-31-36-11"} 1 7340.265625 0.0 7344.125 7339.7109375 7341.8681640625 4
stats: {cpu,"tsung_controller@ip-172-31-36-11"} 1 1.6008004002001 0.0 1.6008004002001 0.2313508494282519 0.9970725044291084 4
stats: session 49 295.22671428571414 106.80760598269724 730.908 124.109 268.4827415730337 178
stats: users_count 50 228
stats: finish_users_count 49 227
stats: request 181 74.58896685082868 95.26803572462087 510.787 10.272 66.48884971910114 712
stats: connect 48 0.9238333333333336 0.4132800368864783 12.135 0.68 1.019308988764045 178
stats: page 90 148.28079999999997 128.24356494674066 554.773 22.546 133.12123314606742 356
stats: 302 45 223
stats: match 181 893
stats: 200 136 670
stats: size_rcv 7041359 28368258
stats: size_sent 93046 458360
stats: connected 3 3
# stats: dump at 1610435696
stats: users 1 13
stats: {load,"tsung_controller@ip-172-31-36-11"} 1 0.0 0.0 0.0 0.0 0.0 5
stats: {freemem,"tsung_controller@ip-172-31-36-11"} 1 7337.1328125 0.0 7344.125 7337.1328125 7341.54765625 5
stats: {cpu,"tsung_controller@ip-172-31-36-11"} 1 2.004008016032064 0.0 2.004008016032064 0.2313508494282519 1.1178180835833067 5
stats: session 57 647.0678245614037 354.1460280344335 1483.229 124.109 274.2556696035242 227
stats: users_count 57 285
stats: finish_users_count 57 284
stats: request 226 158.8654469026549 164.64178479078984 688.237 10.272 68.13064277715566 893
stats: page 113 315.7005044247787 255.72135963362433 974.248 22.546 136.18033856502242 446
stats: 302 56 279
stats: connect 58 0.9510689655172416 0.47375065688495865 12.135 0.662 0.9990309734513276 226
stats: match 226 1119
stats: 200 170 840
stats: size_rcv 9594318 37962576
stats: size_sent 116390 574750
stats: connected 2 5
# stats: dump at 1610435702
stats: users 0 13
stats: {load,"tsung_controller@ip-172-31-36-11"} 1 0.0 0.0 0.0 0.0 0.0 6
stats: {freemem,"tsung_controller@ip-172-31-36-11"} 1 7333.8203125 0.0 7344.125 7333.8203125 7340.811848958333 6
stats: {cpu,"tsung_controller@ip-172-31-36-11"} 1 2.0561685055165495 0.0 2.0561685055165495 0.2313508494282519 1.2655164056580996 6
stats: session 9 383.9334444444445 85.89007742601538 1483.229 124.109 349.0806443661972 284
stats: users_count 8 293
stats: finish_users_count 9 293
stats: 302 14 293
stats: request 53 96.47579245283013 129.79830060642325 688.237 10.272 86.45599195710456 1119
stats: match 53 1172
stats: 200 39 879
stats: connect 9 3.6215555555555548 7.8085701367309825 25.704 0.662 0.9892359154929579 284
stats: size_rcv 2163062 40125638
stats: size_sent 26451 601201
stats: page 27 204.8117777777778 173.54300457968108 974.248 22.546 172.4697459749553 559
stats: connected -5 0
EndMonitor:{1610,435702,692540}
