# stats: dump at 1610436490
stats: users 2 5
stats: {load,"tsung_controller@ip-172-31-36-11"} 1 0.01953125 0 0.01953125 0.01953125 0 0
stats: {freemem,"tsung_controller@ip-172-31-36-11"} 1 7343.7578125 0 7343.7578125 7343.7578125 0 0
stats: {cpu,"tsung_controller@ip-172-31-36-11"} 1 0.2470233773557599 0 0.2470233773557599 0.2470233773557599 0 0
stats: session 41 232.07124390243908 151.15812043374473 788.457 126.414 0 0
stats: users_count 43 43
stats: finish_users_count 41 41
stats: request 152 58.27626973684206 66.67091140119057 311.508 10.814 0 0
stats: connect 38 1.5343947368421056 3.215784438470517 20.801 0.716 0 0
stats: page 76 116.71106578947365 104.10235977106171 604.655 24.144 0 0
stats: 302 38 38
stats: match 152 152
stats: 200 114 114
stats: size_rcv 3759486 3759486
stats: size_sent 77912 77912
stats: connected 0 0
# stats: dump at 1610436500
stats: users 0 7
stats: {load,"tsung_controller@ip-172-31-36-11"} 1 0.01171875 0.0 0.01953125 0.01171875 0.01953125 1
stats: {freemem,"tsung_controller@ip-172-31-36-11"} 1 7340.48046875 0.0 7343.7578125 7340.48046875 7343.7578125 1
stats: {cpu,"tsung_controller@ip-172-31-36-11"} 1 1.7964071856287425 0.0 1.7964071856287425 0.2470233773557599 0.2470233773557599 1
stats: session 55 280.9717454545454 152.2523020457363 827.394 126.414 232.07124390243908 41
stats: users_count 53 96
stats: finish_users_count 55 96
stats: connect 58 1.0106724137931038 0.6048108677849013 20.801 0.716 1.5343947368421056 38
stats: page 107 129.9031869158879 106.19311632962298 604.655 23.274 116.71106578947365 76
stats: 302 53 91
stats: request 216 66.97310185185182 77.74972584522818 418.556 10.515 58.27626973684206 152
stats: match 216 368
stats: 200 164 278
stats: size_rcv 6304212 10063698
stats: size_sent 112318 190230
stats: connected 6 6
# stats: dump at 1610436510
stats: users 1 7
stats: {load,"tsung_controller@ip-172-31-36-11"} 1 0.01171875 0.0 0.01953125 0.01171875 0.015625 2
stats: {freemem,"tsung_controller@ip-172-31-36-11"} 1 7340.48046875 0.0 7343.7578125 7340.48046875 7342.119140625 2
stats: {cpu,"tsung_controller@ip-172-31-36-11"} 1 1.9441674975074776 0.0 1.9441674975074776 0.2470233773557599 1.0217152814922512 2
stats: session 47 250.84487234042555 90.95861327224175 827.394 126.414 260.08715624999996 96
stats: users_count 48 144
stats: finish_users_count 47 143
stats: 302 50 141
stats: request 196 65.01311734693876 80.36319384983669 612.792 10.515 63.38093206521735 368
stats: connect 46 0.8616521739130435 0.09149583440061845 20.801 0.679 1.217979166666667 96
stats: page 99 134.74528282828277 112.97970999049416 637.703 23.274 124.4244918032787 183
stats: match 196 564
stats: 200 145 423
stats: size_rcv 6052841 16116539
stats: size_sent 99139 289369
stats: connected -5 1
# stats: dump at 1610436520
stats: users 0 8
stats: {load,"tsung_controller@ip-172-31-36-11"} 1 0.078125 0.0 0.078125 0.01171875 0.014322916666666666 3
stats: {freemem,"tsung_controller@ip-172-31-36-11"} 1 7340.359375 0.0 7343.7578125 7340.359375 7341.572916666667 3
stats: {cpu,"tsung_controller@ip-172-31-36-11"} 1 1.6483516483516485 0.0 1.9441674975074776 0.2470233773557599 1.3291993534973268 3
stats: session 56 341.91607142857146 192.05756684156458 890.629 126.414 257.04948251748255 143
stats: users_count 55 199
stats: finish_users_count 56 199
stats: page 116 166.80732758620687 138.54067447702084 637.703 23.274 128.04774822695035 282
stats: 302 58 199
stats: request 232 83.3349224137931 92.96738676487864 612.792 10.515 63.9481453900709 564
stats: match 232 796
stats: 200 174 597
stats: connect 57 0.9908070175438591 0.5790704419954963 20.801 0.679 1.102549295774648 142
stats: size_rcv 8353272 24469811
stats: size_sent 118948 408317
stats: connected -1 0
# stats: dump at 1610436530
stats: users 3 8
stats: {load,"tsung_controller@ip-172-31-36-11"} 1 0.0703125 0.0 0.078125 0.01171875 0.0302734375 4
stats: {freemem,"tsung_controller@ip-172-31-36-11"} 1 7337.57421875 0.0 7343.7578125 7337.57421875 7341.26953125 4
stats: {cpu,"tsung_controller@ip-172-31-36-11"} 1 2.242152466367713 0.0 2.242152466367713 0.2470233773557599 1.4089874272109073 4
stats: session 65 454.5822153846154 181.4010882514632 890.629 126.414 280.93153768844223 199
stats: users_count 68 267
stats: finish_users_count 65 264
stats: request 244 111.85826639344263 129.26016855906056 739.432 10.515 69.59856281407033 796
stats: connect 66 0.9683939393939397 0.7031728284212466 20.801 0.679 1.0705427135678391 199
stats: page 122 223.86237704918037 179.70624236803283 800.185 23.274 139.34451005025124 398
stats: 302 60 259
stats: match 244 1040
stats: 200 184 781
stats: size_rcv 10031600 34501411
stats: size_sent 126390 534707
stats: connected 6 6
# stats: dump at 1610436540
stats: users 0 8
stats: {load,"tsung_controller@ip-172-31-36-11"} 1 0.05859375 0.0 0.078125 0.01171875 0.03828125 5
stats: {freemem,"tsung_controller@ip-172-31-36-11"} 1 7336.70703125 0.0 7343.7578125 7336.70703125 7340.53046875 5
stats: {cpu,"tsung_controller@ip-172-31-36-11"} 1 2.1999999999999997 0.0 2.242152466367713 0.2470233773557599 1.5756204350422685 5
stats: session 36 387.3939444444443 189.85070675254642 920.282 126.414 323.6864393939394 264
stats: users_count 33 300
stats: finish_users_count 36 300
stats: request 160 99.64460000000005 121.32333688527326 739.432 10.515 79.51333942307691 1040
stats: connect 35 0.890742857142857 0.07216740176527778 20.801 0.679 1.0451018867924529 265
stats: page 80 199.42579999999998 174.5195513267353 809.748 23.274 159.17370192307695 520
stats: 302 41 300
stats: match 160 1200
stats: 200 119 900
stats: size_rcv 6908560 41409971
stats: size_sent 80965 615672
stats: connected -6 0
# stats: dump at 1610436544
stats: users 0 8
stats: {load,"tsung_controller@ip-172-31-36-11"} 1 0.05078125 0.0 0.078125 0.01171875 0.041666666666666664 6
stats: {freemem,"tsung_controller@ip-172-31-36-11"} 1 7335.04296875 0.0 7343.7578125 7335.04296875 7339.893229166667 6
stats: {cpu,"tsung_controller@ip-172-31-36-11"} 1 1.6450648055832504 0.0 2.242152466367713 0.2470233773557599 1.679683695868557 6
stats: session 0 0 0 920.282 126.414 331.33134 300
stats: users_count 0 300
stats: finish_users_count 0 300
stats: request 0 0 0 739.432 10.515 82.1975075 1200
stats: connect 0 0 0 20.801 0.679 1.0270933333333332 300
stats: page 0 0 0 809.748 23.274 164.54064833333334 600
stats: 302 0 300
stats: match 0 1200
stats: 200 0 900
stats: size_rcv 0 41409971
stats: size_sent 0 615672
stats: connected 0 0
EndMonitor:{1610,436544,211270}
