# stats: dump at 1610439983
stats: users 1 4
stats: {load,"tsung_controller@ip-172-31-36-11"} 1 0.0 0 0.0 0.0 0 0
stats: {freemem,"tsung_controller@ip-172-31-36-11"} 1 7344.7265625 0 7344.7265625 7344.7265625 0 0
stats: {cpu,"tsung_controller@ip-172-31-36-11"} 1 0.3460070094222648 0 0.3460070094222648 0.3460070094222648 0 0
stats: session 15 290.23493333333334 138.19056677138116 546.259 134.691 0 0
stats: users_count 16 16
stats: finish_users_count 15 15
stats: request 60 71.85901666666663 72.40252312949038 334.458 12.493 0 0
stats: connect 15 2.1853333333333333 4.403018065928062 18.553 0.658 0 0
stats: page 30 143.90773333333337 111.57928454240756 430.778 26.819 0 0
stats: 302 15 15
stats: match 60 60
stats: 200 45 45
stats: size_rcv 1434271 1434271
stats: size_sent 30791 30791
stats: connected 0 0
# stats: dump at 1610439993
stats: users 0 6
stats: {load,"tsung_controller@ip-172-31-36-11"} 1 0.0 0.0 0.0 0.0 0.0 1
stats: {freemem,"tsung_controller@ip-172-31-36-11"} 1 7341.35546875 0.0 7344.7265625 7341.35546875 7344.7265625 1
stats: {cpu,"tsung_controller@ip-172-31-36-11"} 1 0.8512769153730596 0.0 0.8512769153730596 0.3460070094222648 0.3460070094222648 1
stats: session 19 346.8461052631579 191.486848820348 793.259 134.691 290.23493333333334 15
stats: users_count 18 34
stats: finish_users_count 19 34
stats: request 76 86.08303947368422 111.81639766028115 625.273 11.38 71.85901666666663 60
stats: connect 19 0.911105263157895 0.057292320360578575 18.553 0.658 2.1853333333333333 15
stats: page 38 172.3137105263158 171.0733838384643 722.032 25.0 143.90773333333337 30
stats: 302 19 34
stats: match 76 136
stats: 200 57 102
stats: size_rcv 1908916 3343187
stats: size_sent 38885 69676
stats: connected 0 0
# stats: dump at 1610440003
stats: users 1 6
stats: {load,"tsung_controller@ip-172-31-36-11"} 1 0.0 0.0 0.0 0.0 0.0 2
stats: {freemem,"tsung_controller@ip-172-31-36-11"} 1 7341.09765625 0.0 7344.7265625 7341.09765625 7343.041015625 2
stats: {cpu,"tsung_controller@ip-172-31-36-11"} 1 0.5005005005005005 0.0 0.8512769153730596 0.3460070094222648 0.5986419623976622 2
stats: session 19 192.8906315789474 34.57193168363537 793.259 134.691 321.8705882352941 34
stats: users_count 20 54
stats: finish_users_count 19 53
stats: request 76 47.60181578947368 42.80822830143957 625.273 10.728 79.80773529411763 136
stats: connect 19 0.9654736842105264 0.12005058952092375 18.553 0.658 1.4732647058823531 34
stats: page 38 95.3428947368421 55.56125560410517 722.032 25.0 159.78166176470592 68
stats: 302 19 53
stats: match 76 212
stats: 200 57 159
stats: size_rcv 2021462 5364649
stats: size_sent 38965 108641
stats: connected 0 0
# stats: dump at 1610440013
stats: users 0 6
stats: {load,"tsung_controller@ip-172-31-36-11"} 1 0.0 0.0 0.0 0.0 0.0 3
stats: {freemem,"tsung_controller@ip-172-31-36-11"} 1 7340.734375 0.0 7344.7265625 7340.734375 7342.393229166667 3
stats: {cpu,"tsung_controller@ip-172-31-36-11"} 1 0.35035035035035034 0.0 0.8512769153730596 0.3460070094222648 0.565928141765275 3
stats: session 24 236.2770416666667 73.14779093467733 793.259 134.691 275.63249056603775 53
stats: users_count 23 77
stats: finish_users_count 24 77
stats: 302 24 77
stats: request 96 58.448583333333346 66.24318924372946 625.273 10.668 68.26221698113207 212
stats: match 96 308
stats: connect 24 1.090583333333333 0.6915466914018814 18.553 0.658 1.2912264150943398 53
stats: 200 72 231
stats: page 48 117.03750000000001 93.19803619309796 722.032 23.236 136.6809716981132 106
stats: size_rcv 2707199 8071848
stats: size_sent 49274 157915
stats: connected 0 0
# stats: dump at 1610440023
stats: users 0 6
stats: {load,"tsung_controller@ip-172-31-36-11"} 1 0.0 0.0 0.0 0.0 0.0 4
stats: {freemem,"tsung_controller@ip-172-31-36-11"} 1 7340.4609375 0.0 7344.7265625 7340.4609375 7341.978515625 4
stats: {cpu,"tsung_controller@ip-172-31-36-11"} 1 0.45090180360721444 0.0 0.8512769153730596 0.3460070094222648 0.5120336939115437 4
stats: session 19 206.6805789473684 49.587372584386 793.259 134.691 263.3658571428572 77
stats: users_count 19 96
stats: finish_users_count 19 96
stats: 302 17 94
stats: request 68 51.273441176470605 58.73515725931065 625.273 10.6 65.20342207792207 308
stats: connect 18 1.0478333333333336 0.5344933478434403 18.553 0.658 1.2286883116883116 77
stats: page 34 102.68497058823529 78.47135172768292 722.032 23.176 130.55833116883116 154
stats: match 68 376
stats: 200 51 282
stats: size_rcv 2023355 10095203
stats: size_sent 35015 192930
stats: connected 1 1
# stats: dump at 1610440033
stats: users 0 6
stats: {load,"tsung_controller@ip-172-31-36-11"} 1 0.0 0.0 0.0 0.0 0.0 5
stats: {freemem,"tsung_controller@ip-172-31-36-11"} 1 7340.72265625 0.0 7344.7265625 7340.4609375 7341.675 5
stats: {cpu,"tsung_controller@ip-172-31-36-11"} 1 0.5002501250625313 0.0 0.8512769153730596 0.3460070094222648 0.4998073158506779 5
stats: session 24 195.82129166666667 52.96008550351793 793.259 134.691 252.14689583333336 96
stats: users_count 24 120
stats: finish_users_count 24 120
stats: 302 26 120
stats: match 104 480
stats: request 104 48.407355769230776 51.19906109075977 625.273 10.6 62.684170212765956 376
stats: 200 78 360
stats: size_rcv 3262350 13357553
stats: connect 25 0.9909599999999998 0.4135721924888084 18.553 0.658 1.1944210526315788 95
stats: size_sent 53218 246148
stats: connected -1 0
stats: page 52 96.94603846153849 70.37415761894023 722.032 23.176 125.51740425531915 188
# stats: dump at 1610440043
stats: users 1 6
stats: {load,"tsung_controller@ip-172-31-36-11"} 1 0.0 0.0 0.0 0.0 0.0 6
stats: {freemem,"tsung_controller@ip-172-31-36-11"} 1 7340.71484375 0.0 7344.7265625 7340.4609375 7341.516276041667 6
stats: {cpu,"tsung_controller@ip-172-31-36-11"} 1 0.4511278195488722 0.0 0.8512769153730596 0.3460070094222648 0.4998811173859868 6
stats: session 27 216.92792592592593 52.99635828154255 793.259 134.691 240.881775 120
stats: users_count 28 148
stats: finish_users_count 27 147
stats: 302 27 147
stats: request 108 53.611944444444454 59.19654836406541 625.273 10.6 59.59086041666667 480
stats: match 108 588
stats: 200 81 441
stats: connect 27 1.7008148148148148 3.835568971622961 21.184 0.658 1.152033333333333 120
stats: size_rcv 3600489 16958042
stats: newphase 1 1
stats: page 54 107.35905555555556 78.85904934553864 722.032 23.176 119.32694166666667 240
stats: size_sent 55423 301571
stats: connected 0 0
# stats: dump at 1610440053
stats: users 0 6
stats: {load,"tsung_controller@ip-172-31-36-11"} 1 0.0 0.0 0.0 0.0 0.0 7
stats: {freemem,"tsung_controller@ip-172-31-36-11"} 1 7340.828125 0.0 7344.7265625 7340.4609375 7341.401785714285 7
stats: {cpu,"tsung_controller@ip-172-31-36-11"} 1 1.3006503251625814 0.0 1.3006503251625814 0.3460070094222648 0.4929163605521133 7
stats: session 43 202.48046511627908 37.911225015234734 793.259 134.691 236.48208843537415 147
stats: users_count 42 190
stats: finish_users_count 43 190
stats: request 171 50.231649122807035 57.70851572219947 625.273 10.512 58.49269217687075 588
stats: connect 43 0.9805348837209305 0.41642422180278643 21.184 0.658 1.252829931972789 147
stats: page 85 101.0215882352941 73.5152871590495 722.032 23.176 117.12875850340137 294
stats: 302 43 190
stats: match 171 759
stats: 200 129 570
stats: size_rcv 6182029 23140071
stats: newphase 0 1
stats: size_sent 88241 389812
stats: connected 1 1
# stats: dump at 1610440063
stats: users 0 6
stats: {load,"tsung_controller@ip-172-31-36-11"} 1 0.0 0.0 0.0 0.0 0.0 8
stats: {freemem,"tsung_controller@ip-172-31-36-11"} 1 7340.70703125 0.0 7344.7265625 7340.4609375 7341.330078125 8
stats: {cpu,"tsung_controller@ip-172-31-36-11"} 1 0.7522567703109327 0.0 1.3006503251625814 0.3460070094222648 0.5938831061284218 8
stats: session 28 275.2692142857143 90.43758011719508 793.259 134.691 228.78698421052633 190
stats: users_count 28 218
stats: finish_users_count 28 218
stats: request 109 68.31137614678897 90.1573100763214 625.273 10.512 56.63150856389987 759
stats: connect 28 0.9594285714285712 0.1851071945370783 21.184 0.658 1.1912052631578947 190
stats: page 55 135.75418181818185 119.15584912467153 722.032 23.176 113.51633245382587 379
stats: 302 27 217
stats: match 109 868
stats: 200 81 651
stats: size_rcv 4163968 27304039
stats: newphase 0 1
stats: size_sent 55445 445257
stats: connected 0 1
# stats: dump at 1610440073
stats: users 0 6
stats: {load,"tsung_controller@ip-172-31-36-11"} 1 0.0 0.0 0.0 0.0 0.0 9
stats: {freemem,"tsung_controller@ip-172-31-36-11"} 1 7338.26171875 0.0 7344.7265625 7338.26171875 7341.260850694444 9
stats: {cpu,"tsung_controller@ip-172-31-36-11"} 1 0.8012018027040559 0.0 1.3006503251625814 0.3460070094222648 0.6114801799264785 9
stats: session 36 321.00049999999993 133.14173891206235 793.259 134.691 234.7571788990826 218
stats: users_count 36 254
stats: finish_users_count 36 254
stats: request 138 79.63960869565217 112.75591366550373 625.273 10.512 58.09822004608294 868
stats: connect 36 0.975138888888889 0.22271520837879455 21.184 0.658 1.1614357798165136 218
stats: page 68 161.06170588235298 152.2975090357742 722.032 23.176 116.33449308755762 434
stats: 302 35 252
stats: match 138 1006
stats: 200 103 754
stats: size_rcv 5717725 33021764
stats: newphase 0 1
stats: size_sent 72077 517334
stats: connected 3 4
# stats: dump at 1610440083
stats: users 3 6
stats: {load,"tsung_controller@ip-172-31-36-11"} 1 0.0 0.0 0.0 0.0 0.0 10
stats: {freemem,"tsung_controller@ip-172-31-36-11"} 1 7339.1640625 0.0 7344.7265625 7338.26171875 7340.9609375 10
stats: {cpu,"tsung_controller@ip-172-31-36-11"} 1 0.9523809523809524 0.0 1.3006503251625814 0.3460070094222648 0.6304523422042363 10
stats: session 21 267.87485714285714 64.8753741835512 793.259 134.691 246.98064173228346 254
stats: users_count 24 278
stats: finish_users_count 21 275
stats: request 90 66.90054444444448 86.05079054309998 625.273 10.512 61.053201789264406 1006
stats: connect 21 0.9144285714285714 0.08574856457417004 21.184 0.658 1.135031496062992 254
stats: page 46 132.03665217391298 108.31084136615428 722.032 23.176 122.39315936254982 502
stats: 302 22 274
stats: match 90 1096
stats: 200 68 822
stats: size_rcv 3788313 36810077
stats: newphase 0 1
stats: size_sent 45116 562450
stats: connected -3 1
# stats: dump at 1610440093
stats: users 0 6
stats: {load,"tsung_controller@ip-172-31-36-11"} 1 0.0 0.0 0.0 0.0 0.0 11
stats: {freemem,"tsung_controller@ip-172-31-36-11"} 1 7339.75390625 0.0 7344.7265625 7338.26171875 7340.797585227273 11
stats: {cpu,"tsung_controller@ip-172-31-36-11"} 1 0.6513026052104208 0.0 1.3006503251625814 0.3460070094222648 0.6597185794930287 11
stats: session 25 388.4106799999999 187.30335595535283 865.696 134.691 248.5762 275
stats: users_count 22 300
stats: finish_users_count 25 300
stats: request 104 95.03126923076924 141.02046821228512 648.978 10.512 61.53336678832116 1096
stats: connect 25 1.1388399999999996 0.7508070154174107 21.184 0.658 1.1181854545454541 275
stats: page 52 190.1911538461538 193.67298065001464 794.615 23.176 123.20264963503652 548
stats: 302 26 300
stats: match 104 1200
stats: 200 78 900
stats: size_rcv 4654438 41464515
stats: newphase 0 1
stats: size_sent 53252 615702
stats: connected -1 0
# stats: dump at 1610440103
stats: users 2 6
stats: {load,"tsung_controller@ip-172-31-36-11"} 1 0.0 0.0 0.0 0.0 0.0 12
stats: {freemem,"tsung_controller@ip-172-31-36-11"} 1 7340.85546875 0.0 7344.7265625 7338.26171875 7340.710611979167 12
stats: {cpu,"tsung_controller@ip-172-31-36-11"} 1 0.4506760140210316 0.0 1.3006503251625814 0.3460070094222648 0.6590172483028114 12
stats: session 30 326.86779999999993 140.88365061955673 865.696 134.691 260.2290733333333 300
stats: users_count 32 332
stats: finish_users_count 30 330
stats: request 112 81.76683928571433 119.66098874935882 648.978 10.512 64.43651833333332 1200
stats: connect 30 1.6092666666666666 3.695465662433116 21.494 0.658 1.1199066666666662 300
stats: page 56 163.67514285714284 160.10901934378836 794.615 23.176 129.00832000000003 600
stats: 302 28 328
stats: match 112 1312
stats: 200 84 984
stats: size_rcv 5242625 46707140
stats: newphase 1 2
stats: size_sent 57704 673406
stats: connected 2 2
# stats: dump at 1610440113
stats: users 6 9
stats: {load,"tsung_controller@ip-172-31-36-11"} 1 0.0 0.0 0.0 0.0 0.0 13
stats: {freemem,"tsung_controller@ip-172-31-36-11"} 1 7339.28125 0.0 7344.7265625 7338.26171875 7340.721754807692 13
stats: {cpu,"tsung_controller@ip-172-31-36-11"} 1 1.255650426921145 0.0 1.3006503251625814 0.3460070094222648 0.6429909995119053 13
stats: session 44 459.4778181818181 222.66198879766296 953.695 134.691 266.28713939393936 330
stats: users_count 48 380
stats: finish_users_count 44 374
stats: request 184 112.38926086956523 175.9588222936085 809.395 10.512 65.91593597560974 1312
stats: connect 47 0.9322340425531916 0.49730778229429135 21.494 0.658 1.164393939393939 330
stats: page 92 224.9111413043478 236.58158110141926 889.783 23.176 131.9676829268293 656
stats: 302 46 374
stats: match 184 1496
stats: 200 138 1122
stats: size_rcv 9113196 55820336
stats: newphase 0 2
stats: size_sent 94474 767880
stats: connected 1 3
# stats: dump at 1610440123
stats: users 1 9
stats: {load,"tsung_controller@ip-172-31-36-11"} 1 0.0 0.0 0.0 0.0 0.0 14
stats: {freemem,"tsung_controller@ip-172-31-36-11"} 1 7338.31640625 0.0 7344.7265625 7338.26171875 7340.618861607143 14
stats: {cpu,"tsung_controller@ip-172-31-36-11"} 1 1.55700652938222 0.0 1.55700652938222 0.3460070094222648 0.6867523871839938 14
stats: session 52 426.5518653846154 140.35296400312552 953.695 134.691 289.01545454545453 374
stats: users_count 47 427
stats: finish_users_count 52 426
stats: request 201 107.09440298507462 150.75625889782302 809.395 10.512 71.63190641711229 1496
stats: connect 50 0.97988 0.3853864886059188 21.494 0.658 1.1354509283819625 377
stats: page 100 212.93081000000012 198.27916914339212 889.783 23.176 143.39923128342247 748
stats: 302 50 424
stats: match 201 1697
stats: 200 151 1273
stats: size_rcv 10832582 66652918
stats: newphase 0 2
stats: size_sent 103309 871189
stats: connected 0 3
# stats: dump at 1610440133
stats: users 1 9
stats: {load,"tsung_controller@ip-172-31-36-11"} 1 0.0 0.0 0.0 0.0 0.0 15
stats: {freemem,"tsung_controller@ip-172-31-36-11"} 1 7338.671875 0.0 7344.7265625 7338.26171875 7340.465364583333 15
stats: {cpu,"tsung_controller@ip-172-31-36-11"} 1 1.1049723756906076 0.0 1.55700652938222 0.3460070094222648 0.7447693299972088 15
stats: session 41 453.6002195121951 249.50928898789422 1164.467 134.691 305.8039366197183 426
stats: users_count 41 468
stats: finish_users_count 41 467
stats: request 171 111.25629239766079 186.82094825143045 1037.863 10.512 75.83223747790217 1697
stats: connect 40 0.9432000000000003 0.2772237543934503 21.494 0.658 1.1172341920374704 427
stats: page 86 224.2011744186046 247.7280827105055 1093.777 23.176 151.59870990566037 848
stats: 302 43 467
stats: match 171 1868
stats: 200 128 1401
stats: size_rcv 9534214 76187132
stats: newphase 0 2
stats: size_sent 87482 958671
stats: connected -3 0
# stats: dump at 1610440143
stats: users 1 9
stats: {load,"tsung_controller@ip-172-31-36-11"} 1 0.0 0.0 0.0 0.0 0.0 16
stats: {freemem,"tsung_controller@ip-172-31-36-11"} 1 7337.6328125 0.0 7344.7265625 7337.6328125 7340.353271484375 16
stats: {cpu,"tsung_controller@ip-172-31-36-11"} 1 0.8529854490717512 0.0 1.55700652938222 0.3460070094222648 0.7672820203530463 16
stats: session 44 519.621204545454 259.5366547095892 1164.467 134.691 318.7796274089935 467
stats: users_count 44 512
stats: finish_users_count 44 511
stats: request 176 129.2916022727273 212.21582827398208 1037.863 10.512 79.07501766595287 1868
stats: connect 44 0.9755227272727275 0.28563927415188645 21.494 0.658 1.102327623126338 467
stats: page 88 258.70882954545453 280.20473693826347 1093.777 23.176 158.28373340471092 934
stats: 302 44 511
stats: match 176 2044
stats: 200 132 1533
stats: size_rcv 10539556 86726688
stats: newphase 0 2
stats: size_sent 90326 1048997
stats: connected 0 0
# stats: dump at 1610440153
stats: users 0 9
stats: {load,"tsung_controller@ip-172-31-36-11"} 1 0.0 0.0 0.0 0.0 0.0 17
stats: {freemem,"tsung_controller@ip-172-31-36-11"} 1 7340.01171875 0.0 7344.7265625 7337.6328125 7340.193244485294 17
stats: {cpu,"tsung_controller@ip-172-31-36-11"} 1 1.053159478435306 0.0 1.55700652938222 0.3460070094222648 0.77232339851297 17
stats: session 29 349.6212068965517 122.93528147387406 1164.467 134.691 336.07322700587076 511
stats: users_count 28 540
stats: finish_users_count 29 540
stats: request 116 86.79468965517243 123.86802913233026 1037.863 10.512 83.39895058708414 2044
stats: connect 29 0.897310344827586 0.051575256997555045 21.494 0.658 1.0914090019569467 511
stats: page 58 173.71365517241378 160.58130930064272 1093.777 23.176 166.93090410958902 1022
stats: 302 29 540
stats: match 116 2160
stats: 200 87 1620
stats: size_rcv 7271973 93998661
stats: newphase 0 2
stats: size_sent 59599 1108596
stats: connected 0 0
# stats: dump at 1610440163
stats: users 28 28
stats: {load,"tsung_controller@ip-172-31-36-11"} 1 0.0 0.0 0.0 0.0 0.0 18
stats: {freemem,"tsung_controller@ip-172-31-36-11"} 1 7339.41015625 0.0 7344.7265625 7337.6328125 7340.183159722223 18
stats: {cpu,"tsung_controller@ip-172-31-36-11"} 1 0.4518072289156626 0.0 1.55700652938222 0.3460070094222648 0.7879254029530999 18
stats: session 28 1297.4962500000001 908.7013558485785 3332.091 134.691 336.8008037037036 540
stats: users_count 56 596
stats: finish_users_count 28 568
stats: request 119 507.2594369747899 924.0708640890934 3850.187 10.512 83.58131435185184 2160
stats: connect 55 1.2250000000000008 2.7764373050891877 21.606 0.619 1.0809851851851848 540
stats: page 56 647.6091071428569 815.4749986830786 3130.799 23.176 167.29516296296293 1080
stats: 302 28 568
stats: match 119 2279
stats: 200 91 1711
stats: size_rcv 8961552 102960213
stats: newphase 1 3
stats: size_sent 63327 1171923
stats: connected 27 27
# stats: dump at 1610440173
stats: users 15 29
stats: {load,"tsung_controller@ip-172-31-36-11"} 1 0.0 0.0 0.0 0.0 0.0 19
stats: {freemem,"tsung_controller@ip-172-31-36-11"} 1 7335.65625 0.0 7344.7265625 7335.65625 7340.1424753289475 19
stats: {cpu,"tsung_controller@ip-172-31-36-11"} 1 1.560140915953699 0.0 1.560140915953699 0.3460070094222648 0.7702349727406032 19
stats: session 61 4451.200098360653 561.8479315628316 5835.068 134.691 384.1590299295774 568
stats: users_count 48 644
stats: finish_users_count 61 629
stats: request 241 1060.4407717842328 1634.1282147743598 5132.234 10.512 105.70404212373847 2279
stats: connect 48 1.0749374999999999 0.9347455403800633 21.606 0.619 1.0942974789915965 595
stats: 302 61 629
stats: page 123 2229.369544715447 2048.3990924921245 5449.046 23.176 190.9726109154929 1136
stats: match 241 2520
stats: 200 180 1891
stats: size_rcv 15327037 118287250
stats: newphase 0 3
stats: size_sent 122914 1294837
stats: connected -13 14
# stats: dump at 1610440183
stats: users 23 29
stats: {load,"tsung_controller@ip-172-31-36-11"} 1 0.0 0.0 0.0 0.0 0.0 20
stats: {freemem,"tsung_controller@ip-172-31-36-11"} 1 7333.8203125 0.0 7344.7265625 7333.8203125 7339.9181640625 20
stats: {cpu,"tsung_controller@ip-172-31-36-11"} 1 1.4661274014155714 0.0 1.560140915953699 0.3460070094222648 0.8097302699012578 20
stats: session 46 3296.4160217391295 813.0017173661871 5835.068 134.691 778.5779570747214 629
stats: users_count 54 698
stats: finish_users_count 46 675
stats: request 185 850.9444972972979 1302.365548623743 5132.234 10.512 197.0102134920635 2520
stats: connect 54 0.8804444444444441 0.09141331993603777 21.606 0.619 1.0928522550544322 643
stats: page 92 1671.7943152173912 1608.7916343219874 5449.046 23.176 390.1170293884034 1259
stats: 302 47 676
stats: match 185 2705
stats: 200 138 2029
stats: size_rcv 13131710 131418960
stats: newphase 0 3
stats: size_sent 95785 1390622
stats: connected 8 22
# stats: dump at 1610440193
stats: users 20 29
stats: {load,"tsung_controller@ip-172-31-36-11"} 1 0.0 0.0 0.0 0.0 0.0 21
stats: {freemem,"tsung_controller@ip-172-31-36-11"} 1 7332.3984375 0.0 7344.7265625 7332.3984375 7339.627790178572 21
stats: {cpu,"tsung_controller@ip-172-31-36-11"} 1 1.2588116817724069 0.0 1.560140915953699 0.3460070094222648 0.8409872761638443 21
stats: session 53 4490.669207547167 516.4928442022095 5835.068 134.691 950.1639585185183 675
stats: users_count 50 748
stats: finish_users_count 53 728
stats: request 210 1086.8386095238109 1654.846564923735 5132.234 10.512 241.73400000000007 2705
stats: connect 51 0.8944117647058826 0.0878254008704901 21.606 0.619 1.076395982783357 697
stats: page 106 2238.3028867924522 2065.574444352984 5449.046 23.176 477.39631162102137 1351
stats: 302 53 729
stats: match 210 2915
stats: 200 157 2186
stats: size_rcv 15222314 146641274
stats: newphase 0 3
stats: size_sent 107507 1498129
stats: connected -2 20
# stats: dump at 1610440203
stats: users 22 29
stats: {load,"tsung_controller@ip-172-31-36-11"} 1 0.0 0.0 0.0 0.0 0.0 22
stats: {freemem,"tsung_controller@ip-172-31-36-11"} 1 7332.39453125 0.0 7344.7265625 7332.39453125 7339.299183238636 22
stats: {cpu,"tsung_controller@ip-172-31-36-11"} 1 0.7560483870967742 0.0 1.560140915953699 0.3460070094222648 0.8599792946005972 22
stats: session 45 4776.974577777779 476.7032259239373 5964.693 134.691 1207.9205219780215 728
stats: users_count 47 795
stats: finish_users_count 45 773
stats: 302 44 773
stats: request 178 1205.5946067415732 1781.3947881883857 5479.353 10.512 302.61632178387663 2915
stats: match 178 3093
stats: 200 134 2320
stats: connect 47 0.8788936170212766 0.09341243118388 21.606 0.619 1.0639879679144382 748
stats: size_rcv 14066354 160707628
stats: newphase 0 3
stats: page 89 2411.1373483146094 2176.7523710043133 5738.18 23.176 605.5061928620452 1457
stats: size_sent 91842 1589971
stats: connected 3 23
# stats: dump at 1610440213
stats: users 42 48
stats: {load,"tsung_controller@ip-172-31-36-11"} 1 0.0 0.0 0.0 0.0 0.0 23
stats: {freemem,"tsung_controller@ip-172-31-36-11"} 1 7332.21875 0.0 7344.7265625 7332.21875 7338.998980978261 23
stats: {cpu,"tsung_controller@ip-172-31-36-11"} 1 1.558572146807441 0.0 1.560140915953699 0.3460070094222648 0.8554605594917354 23
stats: session 25 6440.386519999997 1631.104063656618 9030.449 134.691 1415.6921034928846 773
stats: users_count 45 840
stats: finish_users_count 25 798
stats: request 131 2153.097038167939 2244.033603952029 7162.346 10.512 354.58209440672493 3093
stats: connect 45 0.8997777777777778 0.08383234297331227 21.606 0.619 1.0530452830188675 795
stats: page 61 3905.4665573770494 2681.899279229062 8735.678 23.176 709.4526177231565 1546
stats: 302 29 802
stats: match 131 3224
stats: 200 102 2422
stats: size_rcv 13222941 173930569
stats: newphase 0 3
stats: size_sent 71708 1661679
stats: connected 19 42
# stats: dump at 1610440217
stats: users 0 48
stats: {load,"tsung_controller@ip-172-31-36-11"} 1 0.0 0.0 0.0 0.0 0.0 24
stats: {freemem,"tsung_controller@ip-172-31-36-11"} 1 7326.24609375 0.0 7344.7265625 7326.24609375 7338.716471354167 24
stats: {cpu,"tsung_controller@ip-172-31-36-11"} 1 0.8564231738035265 0.0 1.560140915953699 0.3460070094222648 0.8847568756298898 24
stats: session 42 7410.470952380954 1297.9432105663514 9854.482 134.691 1573.107342105263 798
stats: users_count 0 840
stats: finish_users_count 42 840
stats: request 136 1365.4669485294112 2348.9430827479496 7617.397 10.512 427.66071029776685 3224
stats: connect 0 0 0 21.606 0.619 1.0448345238095234 840
stats: 302 38 840
stats: page 73 3146.112219178082 3187.257092645268 8735.678 23.176 830.7698861232109 1607
stats: match 136 3360
stats: 200 98 2520
stats: size_rcv 8381994 182312563
stats: newphase 0 3
stats: size_sent 62366 1724045
stats: connected -42 0
EndMonitor:{1610,440217,198527}
