# stats: dump at 1610436344
stats: users 1 5
stats: {load,"tsung_controller@ip-172-31-36-11"} 1 0.109375 0 0.109375 0.109375 0 0
stats: {freemem,"tsung_controller@ip-172-31-36-11"} 1 7343.08203125 0 7343.08203125 7343.08203125 0 0
stats: {cpu,"tsung_controller@ip-172-31-36-11"} 1 0.24443557477004293 0 0.24443557477004293 0.24443557477004293 0 0
stats: session 51 255.45762745098043 149.29774818061517 806.966 131.537 0 0
stats: users_count 52 52
stats: finish_users_count 51 51
stats: request 200 63.475544999999975 76.17643572908867 457.84 11.105 0 0
stats: connect 51 1.143588235294118 1.6430256305385773 12.711 0.675 0 0
stats: page 100 127.11686000000009 109.9932837315097 609.55 23.727 0 0
stats: 302 50 50
stats: match 200 200
stats: 200 150 150
stats: size_rcv 5034467 5034467
stats: size_sent 102736 102736
stats: connected 1 1
# stats: dump at 1610436354
stats: users 6 8
stats: {load,"tsung_controller@ip-172-31-36-11"} 1 0.08984375 0.0 0.109375 0.08984375 0.109375 1
stats: {freemem,"tsung_controller@ip-172-31-36-11"} 1 7339.890625 0.0 7343.08203125 7339.890625 7343.08203125 1
stats: {cpu,"tsung_controller@ip-172-31-36-11"} 1 1.998001998001998 0.0 1.998001998001998 0.24443557477004293 0.24443557477004293 1
stats: session 39 257.8064358974359 117.53827761437371 806.966 131.537 255.45762745098043 51
stats: users_count 44 96
stats: finish_users_count 39 90
stats: request 153 60.06518300653596 66.30610238464958 457.84 10.681 63.475544999999975 200
stats: connect 41 0.9686341463414632 0.2845506304211111 12.711 0.675 1.143588235294118 51
stats: page 76 119.25042105263152 89.27550464053795 609.55 23.727 127.11686000000009 100
stats: 302 38 88
stats: match 153 353
stats: 200 115 265
stats: size_rcv 4432420 9466887
stats: size_sent 78623 181359
stats: connected 3 4
# stats: dump at 1610436364
stats: users 5 8
stats: {load,"tsung_controller@ip-172-31-36-11"} 1 0.16015625 0.0 0.16015625 0.08984375 0.099609375 2
stats: {freemem,"tsung_controller@ip-172-31-36-11"} 1 7337.609375 0.0 7343.08203125 7337.609375 7341.486328125 2
stats: {cpu,"tsung_controller@ip-172-31-36-11"} 1 1.0505252626313157 0.0 1.998001998001998 0.24443557477004293 1.1212187863860206 2
stats: session 56 305.47585714285714 171.326279490587 870.225 131.537 256.47544444444446 90
stats: users_count 55 151
stats: finish_users_count 56 146
stats: request 214 75.57960747663559 97.01525850012422 685.26 10.681 61.997399433427745 353
stats: connect 54 0.9077962962962965 0.08803731944983449 12.711 0.671 1.0656195652173914 92
stats: page 106 149.30967924528318 138.33789641701873 721.752 23.727 123.71998863636367 176
stats: 302 53 141
stats: match 214 567
stats: 200 161 426
stats: size_rcv 7023136 16490023
stats: size_sent 110520 291879
stats: connected 2 6
# stats: dump at 1610436374
stats: users 2 8
stats: {load,"tsung_controller@ip-172-31-36-11"} 1 0.12890625 0.0 0.16015625 0.08984375 0.11979166666666667 3
stats: {freemem,"tsung_controller@ip-172-31-36-11"} 1 7338.09375 0.0 7343.08203125 7337.609375 7340.194010416667 3
stats: {cpu,"tsung_controller@ip-172-31-36-11"} 1 1.4521782674011017 0.0 1.998001998001998 0.24443557477004293 1.0976542784677856 3
stats: session 45 317.148688888889 158.6760211260419 870.225 131.537 275.27012328767125 146
stats: users_count 42 193
stats: finish_users_count 45 191
stats: request 183 80.85232786885253 88.47884484845878 685.26 10.681 67.12366490299826 567
stats: connect 44 1.097454545454546 0.7853235712559811 12.711 0.671 1.007246575342466 146
stats: page 93 164.5941505376344 123.09130800554107 721.752 23.712 133.3388085106384 282
stats: 302 46 187
stats: match 183 750
stats: 200 137 563
stats: size_rcv 6316516 22806539
stats: size_sent 93368 385247
stats: connected -3 3
# stats: dump at 1610436384
stats: users 3 8
stats: {load,"tsung_controller@ip-172-31-36-11"} 1 0.109375 0.0 0.16015625 0.08984375 0.1220703125 4
stats: {freemem,"tsung_controller@ip-172-31-36-11"} 1 7337.1328125 0.0 7343.08203125 7337.1328125 7339.6689453125 4
stats: {cpu,"tsung_controller@ip-172-31-36-11"} 1 1.0505252626313157 0.0 1.998001998001998 0.24443557477004293 1.1862852757011146 4
stats: session 46 293.8061521739131 117.40000450410467 870.225 131.537 285.13680104712046 191
stats: users_count 47 240
stats: finish_users_count 46 237
stats: 302 49 236
stats: request 194 73.90501030927835 88.00190754592506 685.26 10.339 70.47345866666669 750
stats: match 194 944
stats: 200 145 708
stats: size_rcv 7522965 30329504
stats: connect 47 0.9053617021276595 0.11589841948730772 12.711 0.671 1.0281368421052632 190
stats: size_sent 99081 484328
stats: connected -2 1
stats: page 97 147.95181443298966 119.00389296052201 721.752 23.079 141.09013333333337 375
# stats: dump at 1610436394
stats: users 4 8
stats: {load,"tsung_controller@ip-172-31-36-11"} 1 0.08984375 0.0 0.16015625 0.08984375 0.11953125 5
stats: {freemem,"tsung_controller@ip-172-31-36-11"} 1 7337.4765625 0.0 7343.08203125 7337.1328125 7339.16171875 5
stats: {cpu,"tsung_controller@ip-172-31-36-11"} 1 1.6974538192710935 0.0 1.998001998001998 0.24443557477004293 1.1591332730871549 5
stats: session 46 399.2992826086958 268.4578364234489 1155.415 131.537 286.8194599156119 237
stats: users_count 47 287
stats: finish_users_count 46 283
stats: connect 45 0.8769999999999999 0.11325487480310362 12.711 0.671 1.003789029535865 237
stats: request 181 99.9719889502763 137.8433627258853 728.579 10.339 71.1786716101695 944
stats: page 90 199.56971111111122 209.79104105176467 1033.927 23.079 142.50026694915255 472
stats: 302 45 281
stats: match 181 1125
stats: 200 136 844
stats: size_rcv 7837588 38167092
stats: size_sent 92988 577316
stats: connected 0 1
# stats: dump at 1610436400
stats: users 0 12
stats: {load,"tsung_controller@ip-172-31-36-11"} 1 0.078125 0.0 0.16015625 0.078125 0.11458333333333333 6
stats: {freemem,"tsung_controller@ip-172-31-36-11"} 1 7332.890625 0.0 7343.08203125 7332.890625 7338.880859375 6
stats: {cpu,"tsung_controller@ip-172-31-36-11"} 1 1.999000499750125 0.0 1.999000499750125 0.24443557477004293 1.2488533641178112 6
stats: session 13 1200.2029999999997 272.6450280261582 1588.104 131.537 305.1023992932863 283
stats: users_count 9 296
stats: finish_users_count 13 296
stats: request 59 269.6744576271187 247.53138420775565 795.847 10.339 75.81119644444446 1125
stats: connect 14 2.5781428571428573 6.329495870888285 25.399 0.671 0.9835567375886525 282
stats: page 30 535.4352000000001 388.79157992849247 1384.063 23.079 151.63950177935945 562
stats: 302 15 296
stats: match 59 1184
stats: 200 44 888
stats: size_rcv 2515239 40682331
stats: size_sent 30214 607530
stats: connected -1 0
EndMonitor:{1610,436400,834657}
