# stats: dump at 1610437432
stats: users 4 12
stats: {load,"tsung_controller@ip-172-31-36-11"} 1 0.0 0 0.0 0.0 0 0
stats: {freemem,"tsung_controller@ip-172-31-36-11"} 1 7344.70703125 0 7344.70703125 7344.70703125 0 0
stats: {cpu,"tsung_controller@ip-172-31-36-11"} 1 0.2703072400631138 0 0.2703072400631138 0.2703072400631138 0 0
stats: session 44 402.427318181818 373.37586795143795 1539.422 128.074 0 0
stats: users_count 48 48
stats: finish_users_count 44 44
stats: request 168 102.2672797619047 152.73780851495638 739.818 11.295 0 0
stats: connect 43 2.158906976744186 5.44721671542771 30.007 0.638 0 0
stats: page 84 204.68869047619046 233.91627408749412 864.749 24.696 0 0
stats: 302 42 42
stats: match 168 168
stats: 200 126 126
stats: size_rcv 4164499 4164499
stats: size_sent 86176 86176
stats: connected 1 1
# stats: dump at 1610437442
stats: users 0 12
stats: {load,"tsung_controller@ip-172-31-36-11"} 1 0.0703125 0.0 0.0703125 0.0 0.0 1
stats: {freemem,"tsung_controller@ip-172-31-36-11"} 1 7342.1484375 0.0 7344.70703125 7342.1484375 7344.70703125 1
stats: {cpu,"tsung_controller@ip-172-31-36-11"} 1 1.4014014014014013 0.0 1.4014014014014013 0.2703072400631138 0.2703072400631138 1
stats: session 56 231.67150000000007 99.10325429444788 1539.422 128.074 402.427318181818 44
stats: users_count 52 100
stats: finish_users_count 56 100
stats: request 224 57.1808348214286 66.10383517418718 739.818 11.003 102.2672797619047 168
stats: page 112 114.50528571428572 91.41602065190258 864.749 24.532 204.68869047619046 84
stats: connect 56 1.0982321428571422 0.9064240175994469 30.007 0.638 2.158906976744186 43
stats: 302 56 98
stats: match 224 392
stats: 200 168 294
stats: size_rcv 6396206 10560705
stats: size_sent 115170 201346
stats: connected 0 1
# stats: dump at 1610437452
stats: users 4 12
stats: {load,"tsung_controller@ip-172-31-36-11"} 1 0.05859375 0.0 0.0703125 0.0 0.03515625 2
stats: {freemem,"tsung_controller@ip-172-31-36-11"} 1 7340.11328125 0.0 7344.70703125 7340.11328125 7343.427734375 2
stats: {cpu,"tsung_controller@ip-172-31-36-11"} 1 1.3993003498250876 0.0 1.4014014014014013 0.2703072400631138 0.8358543207322575 2
stats: session 44 310.17368181818176 204.8726446705559 1539.422 128.074 306.80405999999994 100
stats: users_count 48 148
stats: finish_users_count 44 144
stats: request 174 72.97294827586205 89.71531669940389 739.818 11.003 76.5035969387755 392
stats: connect 46 0.9795652173913041 0.46878908079053094 30.007 0.638 1.5589292929292924 99
stats: page 86 145.52141860465116 134.09659394157535 864.749 24.306 153.1553163265306 196
stats: 302 43 141
stats: match 174 566
stats: 200 131 425
stats: size_rcv 5800585 16361290
stats: size_sent 90342 291688
stats: connected 4 5
# stats: dump at 1610437462
stats: users 7 12
stats: {load,"tsung_controller@ip-172-31-36-11"} 1 0.05078125 0.0 0.0703125 0.0 0.04296875 3
stats: {freemem,"tsung_controller@ip-172-31-36-11"} 1 7337.8125 0.0 7344.70703125 7337.8125 7342.322916666667 3
stats: {cpu,"tsung_controller@ip-172-31-36-11"} 1 1.1523046092184368 0.0 1.4014014014014013 0.2703072400631138 1.0236696637632008 3
stats: session 61 469.674737704918 310.6632984895227 1539.422 128.074 307.83366666666666 144
stats: users_count 64 212
stats: finish_users_count 61 205
stats: request 250 117.6159 151.77821278922087 964.698 10.757 75.418203180212 566
stats: connect 60 0.987016666666667 0.9347891471996356 30.007 0.638 1.3751310344827583 145
stats: page 126 235.06123809523808 222.0593218500383 1160.174 24.02 150.82724822695036 282
stats: 302 63 204
stats: match 250 816
stats: 200 187 612
stats: size_rcv 8852289 25213579
stats: size_sent 127232 418920
stats: connected -4 1
# stats: dump at 1610437472
stats: users 0 12
stats: {load,"tsung_controller@ip-172-31-36-11"} 1 0.0390625 0.0 0.0703125 0.0 0.044921875 4
stats: {freemem,"tsung_controller@ip-172-31-36-11"} 1 7338.41796875 0.0 7344.70703125 7337.8125 7341.1953125 4
stats: {cpu,"tsung_controller@ip-172-31-36-11"} 1 2.059266700150678 0.0 2.059266700150678 0.2703072400631138 1.0558284001270097 4
stats: session 61 396.8880491803279 242.70498002478985 1539.422 128.074 355.99125365853655 205
stats: users_count 54 266
stats: finish_users_count 61 266
stats: connect 60 0.9489 0.5606954520949854 30.007 0.638 1.2615365853658533 205
stats: 302 61 265
stats: request 244 99.32084836065573 133.31886900132545 964.698 10.757 88.34641911764705 816
stats: match 244 1060
stats: 200 183 795
stats: page 122 198.78008196721314 196.6778383703728 1160.174 24.02 176.8406862745098 408
stats: size_rcv 9962065 35175644
stats: size_sent 125085 544005
stats: connected -1 0
# stats: dump at 1610437482
stats: users 0 12
stats: {load,"tsung_controller@ip-172-31-36-11"} 1 0.0390625 0.0 0.0703125 0.0 0.04375 5
stats: {freemem,"tsung_controller@ip-172-31-36-11"} 1 7337.6875 0.0 7344.70703125 7337.6875 7340.63984375 5
stats: {cpu,"tsung_controller@ip-172-31-36-11"} 1 2.0 0.0 2.059266700150678 0.2703072400631138 1.2565160601317433 5
stats: session 34 696.033823529412 458.15819244233506 1544.707 128.074 365.36984210526316 266
stats: users_count 34 300
stats: finish_users_count 34 300
stats: request 140 169.7722142857143 202.01984559835358 1036.611 10.511 90.87260849056602 1060
stats: connect 35 0.9018571428571427 0.09929498415101849 30.007 0.638 1.1907509433962262 265
stats: page 70 339.71407142857146 308.26677694116654 1276.439 23.813 181.89088679245282 530
stats: 302 35 300
stats: match 140 1200
stats: 200 105 900
stats: size_rcv 6205337 41380981
stats: size_sent 71909 615914
stats: connected 0 0
# stats: dump at 1610437483
stats: users 0 12
stats: {load,"tsung_controller@ip-172-31-36-11"} 1 0.03125 0.0 0.0703125 0.0 0.04296875 6
stats: {freemem,"tsung_controller@ip-172-31-36-11"} 1 7337.80078125 0.0 7344.70703125 7337.6875 7340.147786458333 6
stats: {cpu,"tsung_controller@ip-172-31-36-11"} 1 0.8517034068136272 0.0 2.059266700150678 0.2703072400631138 1.3804300501097861 6
stats: session 0 0 0 1544.707 128.074 402.84509333333335 300
stats: users_count 0 300
stats: finish_users_count 0 300
stats: request 0 0 0 1036.611 10.511 100.07756249999998 1200
stats: connect 0 0 0 30.007 0.638 1.1570466666666663 300
stats: page 0 0 0 1276.439 23.813 200.30359166666668 600
stats: 302 0 300
stats: match 0 1200
stats: 200 0 900
stats: size_rcv 0 41380981
stats: size_sent 0 615914
stats: connected 0 0
EndMonitor:{1610,437483,734198}
