# stats: dump at 1610439601
stats: users 0 3
stats: {load,"tsung_controller@ip-172-31-36-11"} 1 0.08984375 0 0.08984375 0.08984375 0 0
stats: {freemem,"tsung_controller@ip-172-31-36-11"} 1 7345.2421875 0 7345.2421875 7345.2421875 0 0
stats: {cpu,"tsung_controller@ip-172-31-36-11"} 1 0.3410696114577472 0 0.3410696114577472 0.3410696114577472 0 0
stats: session 19 223.5801052631579 119.03309831917596 539.89 135.525 0 0
stats: users_count 19 19
stats: finish_users_count 19 19
stats: request 76 55.20632894736846 66.60332793494794 329.346 11.243 0 0
stats: connect 19 1.6643684210526315 2.863640087105301 13.762 0.816 0 0
stats: page 38 110.60018421052627 103.37959572215684 489.211 25.418 0 0
stats: 302 19 19
stats: match 76 76
stats: 200 57 57
stats: size_rcv 1828520 1828520
stats: size_sent 39005 39005
stats: connected 0 0
# stats: dump at 1610439611
stats: users 0 3
stats: {load,"tsung_controller@ip-172-31-36-11"} 1 0.0703125 0.0 0.08984375 0.0703125 0.08984375 1
stats: {freemem,"tsung_controller@ip-172-31-36-11"} 1 7343.421875 0.0 7345.2421875 7343.421875 7345.2421875 1
stats: {cpu,"tsung_controller@ip-172-31-36-11"} 1 1.0494752623688157 0.0 1.0494752623688157 0.3410696114577472 0.3410696114577472 1
stats: session 13 159.7900769230769 20.254082006281084 539.89 135.525 223.5801052631579 19
stats: users_count 13 32
stats: finish_users_count 13 32
stats: request 48 39.68541666666666 37.96783377952609 329.346 11.243 55.20632894736846 76
stats: connect 13 1.2218461538461542 0.9245414535910675 13.762 0.81 1.6643684210526315 19
stats: page 24 79.51070833333331 48.597593451630196 489.211 25.418 110.60018421052627 38
stats: 302 12 31
stats: match 48 124
stats: 200 36 93
stats: size_rcv 1211332 3039852
stats: size_sent 24730 63735
stats: connected 1 1
# stats: dump at 1610439621
stats: users 2 3
stats: {load,"tsung_controller@ip-172-31-36-11"} 1 0.05859375 0.0 0.08984375 0.05859375 0.080078125 2
stats: {freemem,"tsung_controller@ip-172-31-36-11"} 1 7342.359375 0.0 7345.2421875 7342.359375 7344.33203125 2
stats: {cpu,"tsung_controller@ip-172-31-36-11"} 1 0.4 0.0 1.0494752623688157 0.3410696114577472 0.6952724369132814 2
stats: session 18 152.8148333333333 17.612098547589383 539.89 133.187 197.66540625 32
stats: users_count 20 52
stats: finish_users_count 18 50
stats: request 76 37.45921052631581 35.89785457279255 329.346 10.965 49.19823387096776 124
stats: connect 18 0.9559444444444445 0.09063570073052664 13.762 0.81 1.4845937500000002 32
stats: page 38 75.0556315789474 46.66335949082029 489.211 23.788 98.56554838709674 62
stats: 302 19 50
stats: match 76 200
stats: 200 57 150
stats: size_rcv 2006389 5046241
stats: size_sent 38845 102580
stats: connected -1 0
# stats: dump at 1610439631
stats: users 0 3
stats: {load,"tsung_controller@ip-172-31-36-11"} 1 0.05078125 0.0 0.08984375 0.05078125 0.07291666666666667 3
stats: {freemem,"tsung_controller@ip-172-31-36-11"} 1 7342.73828125 0.0 7345.2421875 7342.359375 7343.674479166667 3
stats: {cpu,"tsung_controller@ip-172-31-36-11"} 1 0.5499999999999999 0.0 1.0494752623688157 0.3410696114577472 0.596848291275521 3
stats: session 16 188.42375000000004 33.77635900948325 539.89 133.187 181.51919999999998 50
stats: users_count 14 66
stats: finish_users_count 16 66
stats: request 60 46.83196666666665 50.66139920359045 329.346 10.965 44.73740500000002 200
stats: connect 15 0.9552666666666666 0.10912773351546447 13.762 0.729 1.2942799999999999 50
stats: page 30 93.79753333333333 65.26821229497727 489.211 23.788 89.63177999999998 100
stats: 302 15 65
stats: match 60 260
stats: 200 45 195
stats: size_rcv 1659510 6705751
stats: size_sent 30811 133391
stats: connected 0 0
# stats: dump at 1610439641
stats: users 2 3
stats: {load,"tsung_controller@ip-172-31-36-11"} 1 0.0390625 0.0 0.08984375 0.0390625 0.0673828125 4
stats: {freemem,"tsung_controller@ip-172-31-36-11"} 1 7341.77734375 0.0 7345.2421875 7341.77734375 7343.4404296875 4
stats: {cpu,"tsung_controller@ip-172-31-36-11"} 1 0.5491762356465303 0.0 1.0494752623688157 0.3410696114577472 0.5851362184566407 4
stats: session 24 172.06866666666667 27.87267671583688 539.89 133.187 183.1930303030303 66
stats: users_count 26 92
stats: finish_users_count 24 90
stats: request 96 42.58346875 42.22887946801362 329.346 10.742 45.2207653846154 260
stats: connect 25 0.92592 0.04359350410324912 13.762 0.729 1.2160461538461538 65
stats: page 48 85.30091666666665 55.45518976045485 489.211 23.496 90.59310769230767 130
stats: 302 24 89
stats: match 96 356
stats: 200 72 267
stats: size_rcv 2794828 9500579
stats: size_sent 49398 182789
stats: connected 1 1
# stats: dump at 1610439651
stats: users 1 3
stats: {load,"tsung_controller@ip-172-31-36-11"} 1 0.0390625 0.0 0.08984375 0.0390625 0.06171875 5
stats: {freemem,"tsung_controller@ip-172-31-36-11"} 1 7341.55859375 0.0 7345.2421875 7341.55859375 7343.1078125 5
stats: {cpu,"tsung_controller@ip-172-31-36-11"} 1 0.8487269096355468 0.0 1.0494752623688157 0.3410696114577472 0.5779442218946186 5
stats: session 16 187.68156249999998 31.375583060257128 539.89 133.187 180.22653333333332 90
stats: users_count 15 107
stats: finish_users_count 16 106
stats: request 64 45.85871875 49.82840991889965 329.346 10.742 44.50958426966293 356
stats: connect 15 0.9299999999999999 0.07704890222017008 13.762 0.729 1.1354555555555554 90
stats: page 32 91.84437500000001 64.0969557241947 489.211 23.496 89.16599999999998 178
stats: 302 16 105
stats: match 64 420
stats: 200 48 315
stats: size_rcv 1959874 11460453
stats: size_sent 32838 215627
stats: connected -1 0
# stats: dump at 1610439661
stats: users 0 3
stats: {load,"tsung_controller@ip-172-31-36-11"} 1 0.03125 0.0 0.08984375 0.03125 0.057942708333333336 6
stats: {freemem,"tsung_controller@ip-172-31-36-11"} 1 7341.65625 0.0 7345.2421875 7341.55859375 7342.849609375 6
stats: {cpu,"tsung_controller@ip-172-31-36-11"} 1 0.7488766849725411 0.0 1.0494752623688157 0.3410696114577472 0.62307466985144 6
stats: session 28 194.55225000000002 31.52670922705857 539.89 133.187 181.35182075471695 106
stats: users_count 27 134
stats: finish_users_count 28 134
stats: request 112 48.047919642857146 51.30380666991388 329.346 10.482 44.715166666666676 420
stats: connect 28 1.2241785714285711 1.3478534006118088 13.762 0.729 1.106104761904762 105
stats: page 56 96.22553571428573 67.14214983684249 489.211 22.779 89.57413333333334 210
stats: 302 28 133
stats: match 112 532
stats: 200 84 399
stats: size_rcv 3613473 15073926
stats: newphase 1 1
stats: size_sent 57568 273195
stats: connected 0 0
# stats: dump at 1610439671
stats: users 0 4
stats: {load,"tsung_controller@ip-172-31-36-11"} 1 0.01953125 0.0 0.08984375 0.01953125 0.05412946428571429 7
stats: {freemem,"tsung_controller@ip-172-31-36-11"} 1 7341.74609375 0.0 7345.2421875 7341.55859375 7342.679129464285 7
stats: {cpu,"tsung_controller@ip-172-31-36-11"} 1 0.8487269096355468 0.0 1.0494752623688157 0.3410696114577472 0.6410463862973116 7
stats: session 30 216.26899999999998 58.52883029926361 539.89 133.187 184.11011940298505 134
stats: users_count 30 164
stats: finish_users_count 30 164
stats: request 120 53.511525000000006 61.552801000707575 329.346 10.482 45.41679887218045 532
stats: connect 30 0.9286333333333335 0.09280857838703394 13.762 0.729 1.1309624060150376 133
stats: page 60 107.13841666666666 82.08766051063778 489.211 22.779 90.97442857142858 266
stats: 302 30 163
stats: match 120 652
stats: 200 90 489
stats: size_rcv 4130087 19204013
stats: newphase 0 1
stats: size_sent 61578 334773
stats: connected 0 0
# stats: dump at 1610439681
stats: users 0 4
stats: {load,"tsung_controller@ip-172-31-36-11"} 1 0.01953125 0.0 0.08984375 0.01953125 0.0498046875 8
stats: {freemem,"tsung_controller@ip-172-31-36-11"} 1 7340.9375 0.0 7345.2421875 7340.9375 7342.5625 8
stats: {cpu,"tsung_controller@ip-172-31-36-11"} 1 0.999000999000999 0.0 1.0494752623688157 0.3410696114577472 0.6670064517145909 8
stats: session 28 196.36089285714283 34.08712431228803 539.89 133.187 189.9928414634146 164
stats: users_count 28 192
stats: finish_users_count 28 192
stats: request 112 48.34842857142856 55.79204725277263 329.346 10.482 46.90662576687117 652
stats: connect 28 1.0538928571428572 0.5775987447605644 13.762 0.729 1.0937239263803682 163
stats: page 56 96.82842857142862 70.51078099174853 489.211 22.779 93.94939570552147 326
stats: 302 28 191
stats: match 112 764
stats: 200 84 573
stats: size_rcv 4100280 23304293
stats: newphase 0 1
stats: size_sent 57518 392291
stats: connected 0 0
# stats: dump at 1610439691
stats: users 0 6
stats: {load,"tsung_controller@ip-172-31-36-11"} 1 0.01953125 0.0 0.08984375 0.01953125 0.046440972222222224 9
stats: {freemem,"tsung_controller@ip-172-31-36-11"} 1 7341.17578125 0.0 7345.2421875 7340.9375 7342.381944444444 9
stats: {cpu,"tsung_controller@ip-172-31-36-11"} 1 1.0972568578553616 0.0 1.0972568578553616 0.3410696114577472 0.7038947347464141 9
stats: session 29 276.43258620689653 124.61813549330923 559.722 133.187 190.92151562499998 192
stats: users_count 29 221
stats: finish_users_count 29 221
stats: request 120 67.73437500000004 89.46788161458304 482.132 10.482 47.117989528795825 764
stats: connect 30 0.9415333333333336 0.08686492707390915 13.762 0.729 1.0878848167539268 191
stats: page 60 135.59526666666673 125.08626412305321 518.243 22.779 94.37145287958114 382
stats: 302 30 221
stats: match 120 884
stats: 200 90 663
stats: size_rcv 4649458 27953751
stats: newphase 0 1
stats: size_sent 61602 453893
stats: connected 0 0
# stats: dump at 1610439701
stats: users 0 6
stats: {load,"tsung_controller@ip-172-31-36-11"} 1 0.01171875 0.0 0.08984375 0.01171875 0.04375 10
stats: {freemem,"tsung_controller@ip-172-31-36-11"} 1 7341.17578125 0.0 7345.2421875 7340.9375 7342.261328125 10
stats: {cpu,"tsung_controller@ip-172-31-36-11"} 1 0.9485771342985523 0.0 1.0972568578553616 0.3410696114577472 0.7432309470573089 10
stats: session 35 267.69897142857144 56.199655807022125 559.722 133.187 202.1424253393665 221
stats: users_count 35 256
stats: finish_users_count 35 256
stats: 302 34 255
stats: request 136 66.41316911764707 83.96350099820641 482.132 10.482 49.916593891402734 884
stats: match 136 1020
stats: connect 35 0.9751999999999997 0.2596565643856735 13.762 0.729 1.0680180995475115 221
stats: 200 102 765
stats: page 68 132.95738235294112 105.65375182629083 518.243 22.779 99.96744570135748 442
stats: size_rcv 5595653 33549404
stats: newphase 0 1
stats: size_sent 69858 523751
stats: connected 1 1
# stats: dump at 1610439711
stats: users 0 6
stats: {load,"tsung_controller@ip-172-31-36-11"} 1 0.01171875 0.0 0.08984375 0.01171875 0.040838068181818184 11
stats: {freemem,"tsung_controller@ip-172-31-36-11"} 1 7340.44921875 0.0 7345.2421875 7340.44921875 7342.162642045455 11
stats: {cpu,"tsung_controller@ip-172-31-36-11"} 1 1.150575287643822 0.0 1.150575287643822 0.3410696114577472 0.7618987822610582 11
stats: session 33 318.06554545454543 127.73920559153727 606.489 133.187 211.10523437499998 256
stats: users_count 33 289
stats: finish_users_count 33 289
stats: request 132 79.26586363636358 106.21622898545445 482.132 10.482 52.11613725490198 1020
stats: connect 33 1.2199090909090908 1.2938092539763855 13.762 0.729 1.0553281250000002 256
stats: page 66 158.68324242424245 141.5322699975822 537.633 22.779 104.36610392156864 510
stats: 302 33 288
stats: match 132 1152
stats: 200 99 864
stats: size_rcv 5760549 39309953
stats: newphase 0 1
stats: size_sent 67761 591512
stats: connected 0 1
# stats: dump at 1610439721
stats: users 0 6
stats: {load,"tsung_controller@ip-172-31-36-11"} 1 0.01171875 0.0 0.08984375 0.01171875 0.038411458333333336 12
stats: {freemem,"tsung_controller@ip-172-31-36-11"} 1 7341.515625 0.0 7345.2421875 7340.44921875 7342.019856770833 12
stats: {cpu,"tsung_controller@ip-172-31-36-11"} 1 1.4485514485514486 0.0 1.4485514485514486 0.3410696114577472 0.7942884910429552 12
stats: session 29 282.32506896551735 69.3539224179416 606.489 133.187 223.31869550173008 289
stats: users_count 29 318
stats: finish_users_count 29 318
stats: request 120 69.3072333333333 88.99686680353167 482.132 10.482 55.22704340277779 1152
stats: connect 29 1.1436896551724136 1.0246213801456638 13.762 0.729 1.074121107266436 289
stats: page 60 138.74658333333335 113.95277822725396 537.633 22.779 110.58994270833334 576
stats: 302 30 318
stats: match 120 1272
stats: 200 90 954
stats: size_rcv 5522876 44832829
stats: newphase 1 2
stats: size_sent 61412 652924
stats: connected -1 0
# stats: dump at 1610439731
stats: users 1 6
stats: {load,"tsung_controller@ip-172-31-36-11"} 1 0.01171875 0.0 0.08984375 0.01171875 0.03635817307692308 13
stats: {freemem,"tsung_controller@ip-172-31-36-11"} 1 7342.24609375 0.0 7345.2421875 7340.44921875 7341.981069711538 13
stats: {cpu,"tsung_controller@ip-172-31-36-11"} 1 1.1970074812967582 0.0 1.4485514485514486 0.3410696114577472 0.8446164108513009 13
stats: session 44 389.2406363636364 126.03229623017107 694.866 133.187 228.69977987421385 318
stats: users_count 45 363
stats: finish_users_count 44 362
stats: request 176 96.6939715909091 129.19042085392385 618.365 10.482 56.555363207547174 1272
stats: 302 44 362
stats: connect 44 0.9606818181818183 0.30115518294539784 13.762 0.699 1.0804654088050316 318
stats: page 88 193.51588636363633 171.1941070600876 656.881 22.779 113.24622955974843 636
stats: match 176 1448
stats: 200 132 1086
stats: size_rcv 8577844 53410673
stats: newphase 0 2
stats: size_sent 90234 743158
stats: connected 0 0
# stats: dump at 1610439741
stats: users 0 6
stats: {load,"tsung_controller@ip-172-31-36-11"} 1 0.01171875 0.0 0.08984375 0.01171875 0.03459821428571429 14
stats: {freemem,"tsung_controller@ip-172-31-36-11"} 1 7342.51171875 0.0 7345.2421875 7340.44921875 7342.0 14
stats: {cpu,"tsung_controller@ip-172-31-36-11"} 1 1.4485514485514486 0.0 1.4485514485514486 0.3410696114577472 0.869787201597405 14
stats: session 43 357.92858139534883 152.63436111409678 772.051 133.187 248.21303314917128 362
stats: users_count 42 405
stats: finish_users_count 43 405
stats: request 172 88.86367441860465 123.65315378640464 618.365 10.482 61.4340890883978 1448
stats: connect 43 0.9263023255813956 0.10877981492044629 13.762 0.699 1.0659060773480664 362
stats: page 86 177.86001162790694 164.70508390682932 660.184 22.779 123.00276243093923 724
stats: 302 43 405
stats: match 172 1620
stats: 200 129 1215
stats: size_rcv 8947084 62357757
stats: newphase 0 2
stats: size_sent 88209 831367
stats: connected 0 0
# stats: dump at 1610439751
stats: users 0 9
stats: {load,"tsung_controller@ip-172-31-36-11"} 1 0.0 0.0 0.08984375 0.0 0.03307291666666667 15
stats: {freemem,"tsung_controller@ip-172-31-36-11"} 1 7341.640625 0.0 7345.2421875 7340.44921875 7342.034114583334 15
stats: {cpu,"tsung_controller@ip-172-31-36-11"} 1 1.5968063872255487 0.0 1.5968063872255487 0.3410696114577472 0.9083714847276745 15
stats: session 38 561.6373684210524 312.46061516979273 1262.739 133.187 259.86184444444444 405
stats: users_count 38 443
stats: finish_users_count 38 443
stats: request 150 141.41917333333342 179.62339297510766 733.78 10.482 64.34636604938272 1620
stats: connect 38 0.9860526315789475 0.3018590597725353 13.762 0.699 1.0510839506172842 405
stats: page 75 282.9619199999999 262.36992908882223 967.205 22.779 128.827112345679 810
stats: 302 37 442
stats: match 150 1770
stats: 200 113 1328
stats: size_rcv 8358632 70716389
stats: newphase 0 2
stats: size_sent 77455 908822
stats: connected 1 1
# stats: dump at 1610439761
stats: users 1 9
stats: {load,"tsung_controller@ip-172-31-36-11"} 1 0.0 0.0 0.08984375 0.0 0.031005859375 16
stats: {freemem,"tsung_controller@ip-172-31-36-11"} 1 7341.05078125 0.0 7345.2421875 7340.44921875 7342.009521484375 16
stats: {cpu,"tsung_controller@ip-172-31-36-11"} 1 1.3026052104208417 0.0 1.5968063872255487 0.3410696114577472 0.9513986661337916 16
stats: session 33 328.97463636363636 83.32908685622334 1262.739 133.187 285.7477810383747 443
stats: users_count 34 477
stats: finish_users_count 33 476
stats: request 130 80.2182846153846 105.60780639074531 733.78 10.482 70.87795988700567 1770
stats: 302 33 475
stats: connect 34 1.0915588235294122 0.5851012074935247 13.762 0.699 1.045505643340858 443
stats: page 65 160.56478461538458 136.43071678807325 967.205 22.779 141.88938418079093 885
stats: match 130 1900
stats: 200 97 1425
stats: size_rcv 7387726 78104115
stats: newphase 0 2
stats: size_sent 66469 975291
stats: connected 1 2
# stats: dump at 1610439771
stats: users 12 15
stats: {load,"tsung_controller@ip-172-31-36-11"} 1 0.0 0.0 0.08984375 0.0 0.029181985294117647 17
stats: {freemem,"tsung_controller@ip-172-31-36-11"} 1 7341.15234375 0.0 7345.2421875 7340.44921875 7341.953125 17
stats: {cpu,"tsung_controller@ip-172-31-36-11"} 1 0.95 0.0 1.5968063872255487 0.3410696114577472 0.9720578746212652 17
stats: session 36 809.3405277777774 712.4137749719645 2370.858 133.187 288.74460084033615 476
stats: users_count 47 524
stats: finish_users_count 36 512
stats: request 164 245.02153658536594 280.54863256947505 1211.997 10.482 71.51703473684212 1900
stats: connect 46 0.9369347826086958 0.18469509564519446 13.762 0.699 1.0487882599580716 477
stats: page 80 477.01781250000005 478.00339640971936 1554.328 22.779 143.16717473684207 950
stats: 302 40 515
stats: match 164 2064
stats: 200 124 1549
stats: size_rcv 10603372 88707487
stats: newphase 0 2
stats: size_sent 87083 1062374
stats: connected 9 11
# stats: dump at 1610439781
stats: users 1 15
stats: {load,"tsung_controller@ip-172-31-36-11"} 1 0.078125 0.0 0.08984375 0.0 0.027560763888888888 18
stats: {freemem,"tsung_controller@ip-172-31-36-11"} 1 7339.97265625 0.0 7345.2421875 7339.97265625 7341.908637152777 18
stats: {cpu,"tsung_controller@ip-172-31-36-11"} 1 1.945137157107232 0.0 1.945137157107232 0.3410696114577472 0.970832437142306 18
stats: session 56 1075.6531964285716 556.623747177969 2370.858 133.187 325.34900195312497 512
stats: users_count 45 569
stats: finish_users_count 56 568
stats: request 208 237.23238942307705 257.1731175500107 1211.997 10.392 85.30324515503878 2064
stats: connect 45 1.5220222222222222 3.7122793386806254 26.073 0.699 1.0389502868068838 523
stats: page 106 484.81837735849064 381.63835690429795 1601.067 22.779 169.0973213592233 1030
stats: 302 53 568
stats: match 208 2272
stats: 200 155 1704
stats: size_rcv 12533187 101240674
stats: newphase 1 3
stats: size_sent 103532 1165906
stats: connected -11 0
# stats: dump at 1610439791
stats: users 3 15
stats: {load,"tsung_controller@ip-172-31-36-11"} 1 0.0703125 0.0 0.08984375 0.0 0.03022203947368421 19
stats: {freemem,"tsung_controller@ip-172-31-36-11"} 1 7338.27734375 0.0 7345.2421875 7338.27734375 7341.8067434210525 19
stats: {cpu,"tsung_controller@ip-172-31-36-11"} 1 1.7473789316025963 0.0 1.945137157107232 0.3410696114577472 1.0221116329299338 19
stats: session 36 498.95397222222226 271.1488393529861 2370.858 133.187 399.3226549295774 568
stats: users_count 38 607
stats: finish_users_count 36 604
stats: request 144 124.13295138888894 177.8011459252665 1211.997 10.392 99.21225132042257 2272
stats: connect 38 0.9871052631578948 0.43114869760441515 26.073 0.699 1.0772218309859158 568
stats: page 72 248.3864027777778 244.8435456123325 1601.067 22.779 198.55720862676057 1136
stats: 302 36 604
stats: match 144 2416
stats: 200 108 1812
stats: size_rcv 9672996 110913670
stats: newphase 0 3
stats: size_sent 73988 1239894
stats: connected 2 2
# stats: dump at 1610439801
stats: users 25 25
stats: {load,"tsung_controller@ip-172-31-36-11"} 1 0.05859375 0.0 0.08984375 0.0 0.0322265625 20
stats: {freemem,"tsung_controller@ip-172-31-36-11"} 1 7337.54296875 0.0 7345.2421875 7337.54296875 7341.6302734375 20
stats: {cpu,"tsung_controller@ip-172-31-36-11"} 1 1.4985014985014986 0.0 1.945137157107232 0.3410696114577472 1.058374997863567 20
stats: session 38 1471.2142631578945 642.9157228767147 2789.229 133.187 405.26094536423835 604
stats: users_count 60 667
stats: finish_users_count 38 642
stats: request 175 442.893325714286 369.99212720799824 1367.498 10.392 100.69759105960269 2416
stats: connect 61 1.0728688524590166 0.8604468811375511 26.073 0.699 1.07157095709571 606
stats: page 84 829.4144285714283 564.6718571543352 2195.154 22.779 201.52716059602648 1208
stats: 302 41 645
stats: match 175 2591
stats: 200 134 1946
stats: size_rcv 13951681 124865351
stats: newphase 0 3
stats: size_sent 94603 1334497
stats: connected 23 25
# stats: dump at 1610439811
stats: users 35 42
stats: {load,"tsung_controller@ip-172-31-36-11"} 1 0.05078125 0.0 0.08984375 0.0 0.033482142857142856 21
stats: {freemem,"tsung_controller@ip-172-31-36-11"} 1 7331.1171875 0.0 7345.2421875 7331.1171875 7341.435639880952 21
stats: {cpu,"tsung_controller@ip-172-31-36-11"} 1 1.5 0.0 1.945137157107232 0.3410696114577472 1.0793334026558494 21
stats: session 39 6547.842230769231 1281.954328899083 7898.875 133.187 468.35475545171334 642
stats: users_count 49 716
stats: finish_users_count 39 681
stats: request 182 1841.8768626373635 378.54023773555133 2704.36 10.392 123.8100007719028 2591
stats: connect 49 0.9330000000000002 0.10056229666333241 26.073 0.691 1.0716896551724142 667
stats: page 87 3540.6588390804586 553.883058154347 4625.595 22.779 242.34955263157892 1292
stats: 302 43 688
stats: match 182 2773
stats: 200 139 2085
stats: size_rcv 15100522 139965873
stats: newphase 0 3
stats: size_sent 97267 1431764
stats: connected 10 35
# stats: dump at 1610439821
stats: users 19 42
stats: {load,"tsung_controller@ip-172-31-36-11"} 1 0.0390625 0.0 0.08984375 0.0 0.03426846590909091 22
stats: {freemem,"tsung_controller@ip-172-31-36-11"} 1 7320.8515625 0.0 7345.2421875 7320.8515625 7340.966619318182 22
stats: {cpu,"tsung_controller@ip-172-31-36-11"} 1 1.7000000000000002 0.0 1.945137157107232 0.3410696114577472 1.098454611626038 22
stats: session 63 4487.1804603174605 1985.8110839852068 7898.875 133.187 816.5192364170338 681
stats: users_count 47 763
stats: finish_users_count 63 744
stats: request 216 905.4599074074076 520.2355104039159 2704.36 10.392 236.57169166967196 2773
stats: connect 47 1.029744680851064 0.5967675861115521 26.073 0.691 1.0621983240223467 716
stats: page 112 1980.9630446428575 1034.4757416001178 4625.595 22.779 450.43723060188535 1379
stats: 302 56 744
stats: match 216 2989
stats: 200 160 2245
stats: size_rcv 14880897 154846770
stats: newphase 0 3
stats: size_sent 104492 1536256
stats: connected -16 19
# stats: dump at 1610439831
stats: users 44 45
stats: {load,"tsung_controller@ip-172-31-36-11"} 1 0.03125 0.0 0.08984375 0.0 0.03447690217391304 23
stats: {freemem,"tsung_controller@ip-172-31-36-11"} 1 7325.2421875 0.0 7345.2421875 7320.8515625 7340.092051630435 23
stats: {cpu,"tsung_controller@ip-172-31-36-11"} 1 1.2543903662819869 0.0 1.945137157107232 0.3410696114577472 1.124608758946645 23
stats: session 33 5395.744303030304 472.8990259883138 7898.875 133.187 1127.3413561827958 744
stats: users_count 58 821
stats: finish_users_count 33 777
stats: request 159 1515.8394402515723 515.3722419047293 3115.497 10.392 284.9088795583809 2989
stats: 302 36 780
stats: connect 58 1.0459482758620688 0.9066218734745732 26.073 0.691 1.0601992136304066 763
stats: page 75 2839.820906666667 676.5369220476128 4625.595 22.779 565.40630583501 1491
stats: match 159 3148
stats: 200 123 2368
stats: size_rcv 15368222 170214992
stats: newphase 0 3
stats: size_sent 86794 1623050
stats: connected 25 44
# stats: dump at 1610439839
stats: users 0 51
stats: {load,"tsung_controller@ip-172-31-36-11"} 1 0.03125 0.0 0.08984375 0.0 0.034342447916666664 24
stats: {freemem,"tsung_controller@ip-172-31-36-11"} 1 7318.953125 0.0 7345.2421875 7318.953125 7339.473307291667 24
stats: {cpu,"tsung_controller@ip-172-31-36-11"} 1 1.55 0.0 1.945137157107232 0.3410696114577472 1.1300163259189508 24
stats: session 53 8062.371735849054 1730.9039326037293 10403.186 133.187 1308.6248790218792 777
stats: users_count 9 830
stats: finish_users_count 53 830
stats: request 172 2031.623622093022 1371.3364126258073 4140.568 10.392 347.0810393900891 3148
stats: connect 9 0.9495555555555555 0.21570716317942146 26.073 0.691 1.0591924482338615 821
stats: page 94 4109.179723404256 2256.3624000598816 7178.589 22.779 674.3342081736909 1566
stats: 302 50 830
stats: match 172 3320
stats: 200 122 2490
stats: size_rcv 9444354 179659346
stats: newphase 0 3
stats: size_sent 80597 1703647
stats: connected -44 0
EndMonitor:{1610,439839,479028}
