# stats: dump at 1610439284
stats: users 0 3
stats: {load,"tsung_controller@ip-172-31-36-11"} 1 0.0 0 0.0 0.0 0 0
stats: {freemem,"tsung_controller@ip-172-31-36-11"} 1 7345.12890625 0 7345.12890625 7345.12890625 0 0
stats: {cpu,"tsung_controller@ip-172-31-36-11"} 1 0.3368154749889773 0 0.3368154749889773 0.3368154749889773 0 0
stats: session 20 203.12150000000003 90.73962291000551 485.345 129.679 0 0
stats: users_count 20 20
stats: finish_users_count 20 20
stats: request 78 51.06639743589747 59.543290405953265 323.085 11.252 0 0
stats: connect 20 1.7519500000000001 2.7770618911900398 12.916 0.765 0 0
stats: page 39 102.30592307692307 87.62617023861301 400.713 24.107 0 0
stats: 302 19 19
stats: match 78 78
stats: 200 59 59
stats: size_rcv 1925578 1925578
stats: size_sent 40363 40363
stats: connected 1 1
# stats: dump at 1610439294
stats: users 0 3
stats: {load,"tsung_controller@ip-172-31-36-11"} 1 0.0 0.0 0.0 0.0 0.0 1
stats: {freemem,"tsung_controller@ip-172-31-36-11"} 1 7344.59765625 0.0 7345.12890625 7344.59765625 7345.12890625 1
stats: {cpu,"tsung_controller@ip-172-31-36-11"} 1 0.750375187593797 0.0 0.750375187593797 0.3368154749889773 0.3368154749889773 1
stats: session 26 204.5801923076923 44.04839941737099 485.345 129.679 203.12150000000003 20
stats: users_count 26 46
stats: finish_users_count 26 46
stats: request 94 47.47722340425533 51.91310315102767 323.085 10.767 51.06639743589747 78
stats: connect 26 1.0284615384615388 0.6235679736415903 12.916 0.67 1.7519500000000001 20
stats: page 47 95.08370212765958 67.44003818488953 400.713 23.755 102.30592307692307 39
stats: 302 24 43
stats: match 94 172
stats: 200 70 129
stats: size_rcv 2366500 4292078
stats: size_sent 48228 88591
stats: connected 2 3
# stats: dump at 1610439304
stats: users 0 3
stats: {load,"tsung_controller@ip-172-31-36-11"} 1 0.0 0.0 0.0 0.0 0.0 2
stats: {freemem,"tsung_controller@ip-172-31-36-11"} 1 7344.03125 0.0 7345.12890625 7344.03125 7344.86328125 2
stats: {cpu,"tsung_controller@ip-172-31-36-11"} 1 0.501002004008016 0.0 0.750375187593797 0.3368154749889773 0.5435953312913872 2
stats: session 19 174.08468421052632 38.352230001797864 485.345 129.679 203.94597826086957 46
stats: users_count 19 65
stats: finish_users_count 19 65
stats: request 84 46.4939761904762 52.20694974558012 323.085 10.616 49.10487209302328 172
stats: connect 18 1.1430555555555555 0.6338606990518257 12.916 0.67 1.343021739130435 46
stats: page 42 93.12519047619048 71.90618219306853 400.713 23.705 98.35889534883721 86
stats: 302 21 64
stats: match 84 256
stats: 200 63 192
stats: size_rcv 2297959 6590037
stats: size_sent 42749 131340
stats: connected -3 0
# stats: dump at 1610439314
stats: users 1 3
stats: {load,"tsung_controller@ip-172-31-36-11"} 1 0.0 0.0 0.0 0.0 0.0 3
stats: {freemem,"tsung_controller@ip-172-31-36-11"} 1 7344.4375 0.0 7345.12890625 7344.03125 7344.5859375 3
stats: {cpu,"tsung_controller@ip-172-31-36-11"} 1 0.2506265664160401 0.0 0.750375187593797 0.2506265664160401 0.5293975555302635 3
stats: session 15 186.66373333333337 39.22420976466222 485.345 129.679 195.2172923076923 65
stats: users_count 16 81
stats: finish_users_count 15 80
stats: request 64 45.888890624999995 47.712161266192524 323.085 10.616 48.24817187500002 256
stats: connect 16 1.1808124999999998 0.7722715049409435 12.916 0.67 1.2867812500000002 64
stats: page 32 91.91637500000002 64.05179104284966 400.713 23.705 96.6415859375 128
stats: 302 16 80
stats: match 64 320
stats: 200 48 240
stats: size_rcv 1840275 8430312
stats: size_sent 32892 164232
stats: connected 0 0
# stats: dump at 1610439324
stats: users 1 3
stats: {load,"tsung_controller@ip-172-31-36-11"} 1 0.0 0.0 0.0 0.0 0.0 4
stats: {freemem,"tsung_controller@ip-172-31-36-11"} 1 7343.63671875 0.0 7345.12890625 7343.63671875 7344.548828125 4
stats: {cpu,"tsung_controller@ip-172-31-36-11"} 1 0.35035035035035034 0.0 0.750375187593797 0.2506265664160401 0.4597048082517076 4
stats: session 17 207.85870588235295 54.61986956256067 485.345 129.679 193.6135 80
stats: users_count 17 98
stats: finish_users_count 17 97
stats: request 56 47.87748214285716 53.4265480539775 323.085 10.616 47.77631562500001 320
stats: connect 16 0.9429375 0.054292574020302256 12.916 0.67 1.2655875 80
stats: page 28 95.88435714285717 69.99806797548787 400.713 23.705 95.69654375 160
stats: 302 14 94
stats: match 56 376
stats: 200 42 282
stats: size_rcv 1673127 10103439
stats: size_sent 29020 193252
stats: connected 2 2
# stats: dump at 1610439334
stats: users 0 5
stats: {load,"tsung_controller@ip-172-31-36-11"} 1 0.0 0.0 0.0 0.0 0.0 5
stats: {freemem,"tsung_controller@ip-172-31-36-11"} 1 7343.4296875 0.0 7345.12890625 7343.4296875 7344.36640625 5
stats: {cpu,"tsung_controller@ip-172-31-36-11"} 1 0.250501002004008 0.0 0.750375187593797 0.250501002004008 0.4378339166714362 5
stats: session 23 232.40304347826088 94.77923668714637 485.345 129.679 196.1100824742268 97
stats: users_count 22 120
stats: finish_users_count 23 120
stats: request 104 58.64387499999999 63.571944269206284 323.085 10.616 47.79138297872342 376
stats: connect 24 0.9443333333333331 0.12424527712910817 12.916 0.67 1.2118125000000002 96
stats: page 52 117.41773076923076 89.10226588052011 400.713 23.643 95.72451595744683 188
stats: 302 26 120
stats: match 104 480
stats: 200 78 360
stats: size_rcv 3259167 13362606
stats: size_sent 53202 246454
stats: connected -2 0
# stats: dump at 1610439344
stats: users 0 5
stats: {load,"tsung_controller@ip-172-31-36-11"} 1 0.0 0.0 0.0 0.0 0.0 6
stats: {freemem,"tsung_controller@ip-172-31-36-11"} 1 7341.234375 0.0 7345.12890625 7341.234375 7344.210286458333 6
stats: {cpu,"tsung_controller@ip-172-31-36-11"} 1 0.501002004008016 0.0 0.750375187593797 0.250501002004008 0.4066117642268648 6
stats: session 20 251.08325 93.05738789471526 485.345 129.679 203.06623333333334 120
stats: users_count 20 140
stats: finish_users_count 20 140
stats: 302 19 139
stats: request 75 61.035346666666676 72.74501582715587 347.251 10.616 50.14275625000001 480
stats: connect 20 1.3096500000000002 1.373634568398743 12.916 0.67 1.1583166666666669 120
stats: page 37 123.18964864864867 101.0333244141449 400.713 23.643 100.42471250000001 240
stats: match 75 555
stats: 200 56 416
stats: size_rcv 2509050 15871656
stats: newphase 1 1
stats: size_sent 39125 285579
stats: connected 2 2
# stats: dump at 1610439354
stats: users 1 5
stats: {load,"tsung_controller@ip-172-31-36-11"} 1 0.0 0.0 0.0 0.0 0.0 7
stats: {freemem,"tsung_controller@ip-172-31-36-11"} 1 7342.07421875 0.0 7345.12890625 7341.234375 7343.78515625 7
stats: {cpu,"tsung_controller@ip-172-31-36-11"} 1 0.5502751375687844 0.0 0.750375187593797 0.250501002004008 0.4200960841956007 7
stats: session 22 215.09190909090904 64.85566971494131 485.345 129.679 209.92580714285714 140
stats: users_count 23 163
stats: finish_users_count 22 162
stats: request 90 55.79935555555554 69.05505094428665 347.251 10.439 51.61472792792794 555
stats: connect 22 0.9148636363636363 0.07697006233509082 12.916 0.67 1.1799357142857145 140
stats: page 45 108.67160000000001 90.30769849905133 400.713 23.643 103.46551624548738 277
stats: 302 22 161
stats: match 90 645
stats: 200 68 484
stats: size_rcv 3170836 19042492
stats: newphase 0 1
stats: size_sent 45727 331306
stats: connected -1 1
# stats: dump at 1610439364
stats: users 1 5
stats: {load,"tsung_controller@ip-172-31-36-11"} 1 0.0 0.0 0.0 0.0 0.0 8
stats: {freemem,"tsung_controller@ip-172-31-36-11"} 1 7341.37109375 0.0 7345.12890625 7341.234375 7343.5712890625 8
stats: {cpu,"tsung_controller@ip-172-31-36-11"} 1 0.551654964894684 0.0 0.750375187593797 0.250501002004008 0.43636846586724864 8
stats: session 33 267.43139393939396 128.71188935145256 564.11 129.679 210.62737654320983 162
stats: users_count 33 196
stats: finish_users_count 33 195
stats: request 133 65.89333082706766 77.05728193629302 423.665 10.439 52.198629457364355 645
stats: connect 33 0.9078787878787877 0.06790267436861051 12.916 0.67 1.1439382716049384 162
stats: page 67 133.3564925373135 113.0870292040172 461.356 23.621 104.19307453416151 322
stats: 302 33 194
stats: match 133 778
stats: 200 100 584
stats: size_rcv 4856191 23898683
stats: newphase 0 1
stats: size_sent 68588 399894
stats: connected 0 1
# stats: dump at 1610439374
stats: users 0 5
stats: {load,"tsung_controller@ip-172-31-36-11"} 1 0.0 0.0 0.0 0.0 0.0 9
stats: {freemem,"tsung_controller@ip-172-31-36-11"} 1 7341.01953125 0.0 7345.12890625 7341.01953125 7343.326822916667 9
stats: {cpu,"tsung_controller@ip-172-31-36-11"} 1 0.7014028056112225 0.0 0.750375187593797 0.250501002004008 0.44917807687029704 9
stats: session 22 216.17159090909084 40.98104601981382 564.11 129.679 220.2403641025641 195
stats: users_count 21 217
stats: finish_users_count 22 217
stats: request 90 52.58831111111112 63.2721437356378 423.665 10.439 54.53975449871466 778
stats: connect 22 0.9142727272727273 0.09351916761147844 12.916 0.67 1.1039897435897437 195
stats: page 45 105.29866666666668 81.41428746110844 461.356 23.621 109.21607969151673 389
stats: 302 23 217
stats: match 90 868
stats: 200 67 651
stats: size_rcv 3414307 27312990
stats: newphase 0 1
stats: size_sent 45805 445699
stats: connected -1 0
# stats: dump at 1610439384
stats: users 0 5
stats: {load,"tsung_controller@ip-172-31-36-11"} 1 0.0 0.0 0.0 0.0 0.0 10
stats: {freemem,"tsung_controller@ip-172-31-36-11"} 1 7341.6171875 0.0 7345.12890625 7341.01953125 7343.09609375 10
stats: {cpu,"tsung_controller@ip-172-31-36-11"} 1 0.4008016032064128 0.0 0.750375187593797 0.250501002004008 0.47440054974438955 10
stats: session 25 258.24088000000006 93.96556092923407 564.11 129.679 219.82786175115208 217
stats: users_count 25 242
stats: finish_users_count 25 242
stats: 302 25 242
stats: request 100 63.94553000000002 77.57016513859631 423.665 10.439 54.33741589861752 868
stats: match 100 968
stats: connect 25 1.0336800000000002 0.3945624128068967 12.916 0.67 1.0847557603686637 217
stats: 200 75 726
stats: page 50 128.01673999999997 99.56050803964591 461.356 23.514 108.80989631336408 434
stats: size_rcv 4051906 31364896
stats: newphase 0 1
stats: size_sent 51281 496980
stats: connected 0 0
# stats: dump at 1610439394
stats: users 0 5
stats: {load,"tsung_controller@ip-172-31-36-11"} 1 0.0 0.0 0.0 0.0 0.0 11
stats: {freemem,"tsung_controller@ip-172-31-36-11"} 1 7341.01953125 0.0 7345.12890625 7341.01953125 7342.961647727273 11
stats: {cpu,"tsung_controller@ip-172-31-36-11"} 1 0.4513540621865597 0.0 0.750375187593797 0.250501002004008 0.46770973642275526 11
stats: session 31 245.54058064516138 66.26400259313385 564.11 129.679 223.7961487603306 242
stats: users_count 31 273
stats: finish_users_count 31 273
stats: 302 31 273
stats: match 124 1092
stats: request 124 60.77070161290323 72.6294995611265 423.665 10.439 55.329989669421494 968
stats: 200 93 819
stats: size_rcv 5285643 36650539
stats: newphase 0 1
stats: connect 31 0.9009032258064519 0.1249958334373228 12.916 0.67 1.0794793388429753 242
stats: size_sent 63557 560537
stats: connected 0 0
stats: page 62 121.67491935483869 90.02667129179326 461.356 23.375 110.79407438016531 484
# stats: dump at 1610439404
stats: users 1 5
stats: {load,"tsung_controller@ip-172-31-36-11"} 1 0.0 0.0 0.0 0.0 0.0 12
stats: {freemem,"tsung_controller@ip-172-31-36-11"} 1 7338.36328125 0.0 7345.12890625 7338.36328125 7342.7998046875 12
stats: {cpu,"tsung_controller@ip-172-31-36-11"} 1 1.2030075187969926 0.0 1.2030075187969926 0.250501002004008 0.466346763569739 12
stats: session 34 317.64758823529417 126.45394375659131 620.375 129.679 226.26529670329674 273
stats: users_count 35 308
stats: finish_users_count 34 307
stats: request 136 78.78990441176472 89.70433841038725 423.665 10.439 55.94779945054946 1092
stats: connect 34 1.7734117647058818 3.715799883151176 21.928 0.67 1.0592014652014654 273
stats: page 68 157.71141176470587 118.22399067861613 461.356 23.337 112.02962820512822 546
stats: 302 34 307
stats: match 136 1228
stats: 200 102 921
stats: size_rcv 6123957 42774496
stats: newphase 1 2
stats: size_sent 69674 630211
stats: connected 0 0
# stats: dump at 1610439414
stats: users 1 6
stats: {load,"tsung_controller@ip-172-31-36-11"} 1 0.0 0.0 0.0 0.0 0.0 13
stats: {freemem,"tsung_controller@ip-172-31-36-11"} 1 7337.984375 0.0 7345.12890625 7337.984375 7342.458533653846 13
stats: {cpu,"tsung_controller@ip-172-31-36-11"} 1 1.25250501002004 0.0 1.25250501002004 0.250501002004008 0.5230129755102969 13
stats: session 34 323.4194411764706 135.37947132807864 676.549 129.679 236.38581107491856 307
stats: users_count 34 342
stats: finish_users_count 34 341
stats: request 131 81.3440381679389 107.26271347372597 607.82 10.439 58.47754397394138 1228
stats: connect 34 0.9495882352941177 0.21604099796744172 21.928 0.67 1.138299674267101 307
stats: page 65 163.60947692307698 147.02917520788523 634.179 23.337 117.08884853420197 614
stats: 302 33 340
stats: match 131 1359
stats: 200 98 1019
stats: size_rcv 6275014 49049510
stats: newphase 0 2
stats: size_sent 67919 698130
stats: connected 2 2
# stats: dump at 1610439424
stats: users 5 7
stats: {load,"tsung_controller@ip-172-31-36-11"} 1 0.0 0.0 0.0 0.0 0.0 14
stats: {freemem,"tsung_controller@ip-172-31-36-11"} 1 7337.72265625 0.0 7345.12890625 7337.72265625 7342.138950892857 14
stats: {cpu,"tsung_controller@ip-172-31-36-11"} 1 0.9009009009009009 0.0 1.25250501002004 0.250501002004008 0.57511954940385 14
stats: session 32 418.1220625 253.51313693893874 1313.813 129.679 245.06365102639296 341
stats: users_count 36 378
stats: finish_users_count 32 373
stats: request 130 109.75579230769233 153.3599789908946 789.316 10.439 60.68174613686536 1359
stats: connect 37 0.9062972972972976 0.16335583194527595 21.928 0.617 1.119483870967742 341
stats: page 64 195.69356250000004 180.19324964776314 744.242 23.337 121.54222238586159 679
stats: 302 31 371
stats: match 130 1489
stats: 200 99 1118
stats: size_rcv 6962473 56011983
stats: newphase 0 2
stats: size_sent 66916 765046
stats: connected 5 7
# stats: dump at 1610439434
stats: users 4 7
stats: {load,"tsung_controller@ip-172-31-36-11"} 1 0.0 0.0 0.0 0.0 0.0 15
stats: {freemem,"tsung_controller@ip-172-31-36-11"} 1 7336.640625 0.0 7345.12890625 7336.640625 7341.84453125 15
stats: {cpu,"tsung_controller@ip-172-31-36-11"} 1 1.3052208835341366 0.0 1.3052208835341366 0.250501002004008 0.59683830617032 15
stats: session 32 500.01493750000014 342.11029516543874 1453.437 129.679 259.9104852546917 373
stats: users_count 31 409
stats: finish_users_count 32 405
stats: connect 29 0.8610689655172412 0.07201768510508623 21.928 0.617 1.098616402116402 378
stats: 302 34 405
stats: match 131 1620
stats: 200 97 1215
stats: request 131 116.08593129770988 181.57982494003798 1010.816 10.439 64.9662498321021 1489
stats: size_rcv 6343768 62355751
stats: newphase 0 2
stats: size_sent 66473 831519
stats: connected -5 2
stats: page 67 253.74591044776108 302.96729439881005 1401.733 23.337 127.9294172274563 743
# stats: dump at 1610439444
stats: users 1 9
stats: {load,"tsung_controller@ip-172-31-36-11"} 1 0.0 0.0 0.0 0.0 0.0 16
stats: {freemem,"tsung_controller@ip-172-31-36-11"} 1 7334.9453125 0.0 7345.12890625 7334.9453125 7341.519287109375 16
stats: {cpu,"tsung_controller@ip-172-31-36-11"} 1 1.0542168674698795 0.0 1.3052208835341366 0.250501002004008 0.6411122172555586 16
stats: session 42 571.6459523809526 307.63881864049847 1453.437 129.679 278.8817012345679 405
stats: users_count 39 448
stats: finish_users_count 42 447
stats: request 168 142.2733214285713 178.46920198612239 1010.816 10.439 69.10000185185186 1620
stats: connect 41 0.9985365853658541 0.7435249630057694 21.928 0.617 1.0816904176904176 407
stats: page 84 284.69813095238095 246.94660075533295 1401.733 23.337 138.3364604938272 810
stats: 302 42 447
stats: match 168 1788
stats: 200 126 1341
stats: size_rcv 9262849 71618600
stats: newphase 0 2
stats: size_sent 86226 917745
stats: connected -1 1
# stats: dump at 1610439454
stats: users 6 10
stats: {load,"tsung_controller@ip-172-31-36-11"} 1 0.0 0.0 0.0 0.0 0.0 17
stats: {freemem,"tsung_controller@ip-172-31-36-11"} 1 7335.25390625 0.0 7345.12890625 7334.9453125 7341.132582720588 17
stats: {cpu,"tsung_controller@ip-172-31-36-11"} 1 1.2581781580271767 0.0 1.3052208835341366 0.250501002004008 0.6654124907975775 17
stats: session 42 928.434095238095 405.2587010719972 2029.813 129.679 306.38975167785236 447
stats: users_count 47 495
stats: finish_users_count 42 489
stats: request 173 239.02983236994223 273.5297051078196 1305.414 10.439 75.97534731543624 1788
stats: connect 47 0.9381702127659575 0.2961209729183031 21.928 0.617 1.0740803571428572 448
stats: page 85 468.2617999999999 378.1282179500307 1771.22 23.337 152.0885637583893 894
stats: 302 43 490
stats: match 173 1961
stats: 200 130 1471
stats: size_rcv 10466206 82084806
stats: newphase 0 2
stats: size_sent 89613 1007358
stats: connected 5 6
# stats: dump at 1610439464
stats: users 1 21
stats: {load,"tsung_controller@ip-172-31-36-11"} 1 0.078125 0.0 0.078125 0.0 0.0 18
stats: {freemem,"tsung_controller@ip-172-31-36-11"} 1 7340.05078125 0.0 7345.12890625 7334.9453125 7340.805989583333 18
stats: {cpu,"tsung_controller@ip-172-31-36-11"} 1 1.6024036054081119 0.0 1.6024036054081119 0.250501002004008 0.6983439167547774 18
stats: session 50 1753.71034 1220.2165636947009 4511.781 129.679 359.81687321063396 489
stats: users_count 45 540
stats: finish_users_count 50 539
stats: request 195 436.3503076923082 485.22020094363586 1994.526 10.439 90.36006221315655 1961
stats: connect 44 1.4063863636363636 3.054988485441097 21.928 0.617 1.0611757575757577 495
stats: page 99 875.4307575757575 786.8940692944441 2824.097 23.337 179.53976404494387 979
stats: 302 49 539
stats: match 195 2156
stats: 200 146 1617
stats: size_rcv 11591480 93676286
stats: newphase 1 3
stats: size_sent 99059 1106417
stats: connected -6 0
# stats: dump at 1610439474
stats: users 16 21
stats: {load,"tsung_controller@ip-172-31-36-11"} 1 0.0703125 0.0 0.078125 0.0 0.004111842105263158 19
stats: {freemem,"tsung_controller@ip-172-31-36-11"} 1 7338.58984375 0.0 7345.12890625 7334.9453125 7340.766241776316 19
stats: {cpu,"tsung_controller@ip-172-31-36-11"} 1 1.356102461074837 0.0 1.6024036054081119 0.250501002004008 0.7459260056312687 19
stats: session 42 1409.1921904761907 915.5438758091448 4511.781 129.679 489.12053432282005 539
stats: users_count 57 597
stats: finish_users_count 42 581
stats: 302 42 581
stats: request 177 379.8648474576269 399.1737673959955 1994.526 10.439 121.65324304267166 2156
stats: match 177 2333
stats: 200 135 1752
stats: connect 57 0.9021052631578946 0.10177110268008412 21.928 0.617 1.089356215213358 539
stats: size_rcv 12708983 106385269
stats: newphase 0 3
stats: size_sent 92709 1199126
stats: page 86 714.3644302325579 585.3413475381126 2824.097 23.337 243.44812059369204 1078
stats: connected 15 15
# stats: dump at 1610439484
stats: users 15 27
stats: {load,"tsung_controller@ip-172-31-36-11"} 1 0.05859375 0.0 0.078125 0.0 0.007421875 20
stats: {freemem,"tsung_controller@ip-172-31-36-11"} 1 7333.3984375 0.0 7345.12890625 7333.3984375 7340.657421875 20
stats: {cpu,"tsung_controller@ip-172-31-36-11"} 1 1.809954751131222 0.0 1.809954751131222 0.250501002004008 0.776434828403447 20
stats: session 53 2961.3277735849065 1451.8800480734233 5629.308 129.679 555.6317383820998 581
stats: users_count 52 649
stats: finish_users_count 53 634
stats: 302 53 634
stats: request 212 726.2690754716983 524.7356495920823 2545.736 10.439 141.2432361765967 2333
stats: match 212 2545
stats: 200 159 1911
stats: connect 52 0.9061346153846154 0.35663421407364865 21.928 0.617 1.071447986577181 596
stats: size_rcv 14309282 120694551
stats: newphase 0 3
stats: page 107 1470.6752803738314 853.6144846165469 3822.305 23.337 278.2409063573883 1164
stats: size_sent 109041 1308167
stats: connected -1 14
# stats: dump at 1610439494
stats: users 1 27
stats: {load,"tsung_controller@ip-172-31-36-11"} 1 0.05078125 0.0 0.078125 0.0 0.009858630952380952 21
stats: {freemem,"tsung_controller@ip-172-31-36-11"} 1 7328.67578125 0.0 7345.12890625 7328.67578125 7340.311755952381 21
stats: {cpu,"tsung_controller@ip-172-31-36-11"} 1 1.8583626318432949 0.0 1.8583626318432949 0.250501002004008 0.8256500628190554 21
stats: session 56 2206.105339285714 1076.2528211029105 5629.308 129.679 756.7388201892745 634
stats: users_count 42 691
stats: finish_users_count 56 690
stats: request 215 549.1907860465121 589.9854395485008 2622.243 10.439 189.97623339882128 2545
stats: 302 56 690
stats: connect 43 0.8528837209302326 0.1018709190770189 21.928 0.617 1.058182098765432 648
stats: page 109 1105.8136972477062 853.5772515143212 3822.305 23.337 378.62680566483084 1271
stats: match 215 2760
stats: 200 159 2070
stats: size_rcv 14570895 135265446
stats: newphase 0 3
stats: size_sent 108215 1416382
stats: connected -13 1
# stats: dump at 1610439504
stats: users 2 27
stats: {load,"tsung_controller@ip-172-31-36-11"} 1 0.0390625 0.0 0.078125 0.0 0.01171875 22
stats: {freemem,"tsung_controller@ip-172-31-36-11"} 1 7332.171875 0.0 7345.12890625 7328.67578125 7339.782848011364 22
stats: {cpu,"tsung_controller@ip-172-31-36-11"} 1 2.2590361445783134 0.0 2.2590361445783134 0.250501002004008 0.8725915432292481 22
stats: session 48 2169.5225000000023 1424.888161521575 5629.308 129.679 874.3685666666667 690
stats: users_count 49 740
stats: finish_users_count 48 738
stats: request 190 547.2475894736843 568.8295727123509 2622.243 10.439 217.95852644927547 2760
stats: connect 48 0.9120208333333334 0.1509310672657297 21.928 0.617 1.0454066570188132 691
stats: page 95 1094.6580526315786 948.0880732854146 3822.305 23.337 436.0640311594202 1380
stats: 302 47 737
stats: match 190 2950
stats: 200 143 2213
stats: size_rcv 14657113 149922559
stats: newphase 0 3
stats: size_sent 97851 1514233
stats: connected 1 2
# stats: dump at 1610439514
stats: users 30 31
stats: {load,"tsung_controller@ip-172-31-36-11"} 1 0.03125 0.0 0.078125 0.0 0.012907608695652174 23
stats: {freemem,"tsung_controller@ip-172-31-36-11"} 1 7328.30859375 0.0 7345.12890625 7328.30859375 7339.451936141304 23
stats: {cpu,"tsung_controller@ip-172-31-36-11"} 1 1.9607843137254901 0.0 2.2590361445783134 0.250501002004008 0.9328717432879031 23
stats: session 28 2869.350857142857 1861.575608482056 6228.473 129.679 958.6062208672088 738
stats: users_count 56 796
stats: finish_users_count 28 766
stats: request 143 921.0633566433569 728.118758669287 3038.984 10.439 239.1669745762713 2950
stats: connect 57 0.9566315789473684 0.30282579275411137 21.928 0.617 1.036742895805142 739
stats: page 66 1631.1064999999999 1123.0111048436518 4055.735 23.337 478.4819511864406 1475
stats: 302 31 768
stats: match 143 3093
stats: 200 112 2325
stats: size_rcv 14531021 164453580
stats: newphase 0 3
stats: size_sent 78301 1592534
stats: connected 28 30
# stats: dump at 1610439520
stats: users 0 33
stats: {load,"tsung_controller@ip-172-31-36-11"} 1 0.03125 0.0 0.078125 0.0 0.013671875 24
stats: {freemem,"tsung_controller@ip-172-31-36-11"} 1 7320.54296875 0.0 7345.12890625 7320.54296875 7338.987630208333 24
stats: {cpu,"tsung_controller@ip-172-31-36-11"} 1 1.4587525150905434 0.0 2.2590361445783134 0.250501002004008 0.9757014337228026 24
stats: session 34 5197.567617647059 1286.0840204958938 8460.703 129.679 1028.4506723237598 766
stats: users_count 4 800
stats: finish_users_count 34 800
stats: page 59 2530.495847457628 1814.8772649135985 5613.391 23.337 527.848090201168 1541
stats: 302 32 800
stats: match 107 3200
stats: 200 75 2400
stats: request 107 1170.2820934579438 1166.5180230763815 4129.795 10.439 270.6933834464922 3093
stats: size_rcv 5351766 169805346
stats: newphase 0 3
stats: connect 4 1.371 0.8736028846106221 21.928 0.617 1.031006281407035 796
stats: size_sent 49515 1642049
stats: connected -30 0
EndMonitor:{1610,439520,470238}
