
=INFO REPORT==== 12-Jan-2021::08:14:34 ===
    ts_config_server:(5:<0.127.0>) Config server started, logdir is "/home/ec2-user/.tsung/log/20210112-0814"
 
=INFO REPORT==== 12-Jan-2021::08:14:34 ===
              ts_mon:(5:<0.110.0>) starting monitor, global 

=INFO REPORT==== 12-Jan-2021::08:14:34 ===
           ts_config:(5:<0.127.0>) Reading config file: critical.xml

=INFO REPORT==== 12-Jan-2021::08:14:34 ===
           ts_config:(5:<0.127.0>) Session name for id 1 is "http-example"

=INFO REPORT==== 12-Jan-2021::08:14:34 ===
    ts_config_server:(4:<0.127.0>) SYSINFO:Tsung version: 1.7.0

=INFO REPORT==== 12-Jan-2021::08:14:34 ===
    ts_config_server:(4:<0.127.0>) SYSINFO:Erlang version: Erlang/OTP 22 [erts-10.6] [source] [64-bit] [smp:2:2] [ds:2:2:10] [async-threads:8] [hipe]


=INFO REPORT==== 12-Jan-2021::08:14:34 ===
    ts_config_server:(4:<0.127.0>) SYSINFO:System architecture x86_64-redhat-linux-gnu

=INFO REPORT==== 12-Jan-2021::08:14:34 ===
    ts_config_server:(4:<0.127.0>) SYSINFO:Current path: /usr/lib/tsung/tsung-1.7.0/ebin/tsung.beam

=INFO REPORT==== 12-Jan-2021::08:14:34 ===
              ts_mon:(5:<0.128.0>) Activate clients with text backend

=INFO REPORT==== 12-Jan-2021::08:14:34 ===
              ts_mon:(5:<0.128.0>) Starting tsung clients on hosts: [localhost]

=INFO REPORT==== 12-Jan-2021::08:14:34 ===
    ts_config_server:(5:<0.127.0>) Start a launcher on the controller beam localhost

=INFO REPORT==== 12-Jan-2021::08:14:34 ===
  ts_launcher_static:(5:<0.181.0>) Launch msg receive ("localhost")

=INFO REPORT==== 12-Jan-2021::08:14:34 ===
         ts_launcher:(5:<0.182.0>) Launch msg receive ("localhost")

=INFO REPORT==== 12-Jan-2021::08:14:34 ===
    ts_config_server:(5:<0.127.0>) New arrival phase 1 for client "localhost" (last ? true): will start 120 users

=INFO REPORT==== 12-Jan-2021::08:14:34 ===
    ts_config_server:(5:<0.127.0>) New arrival phase 2 for client "localhost" (last ? true): will start 180 users

=INFO REPORT==== 12-Jan-2021::08:14:34 ===
    ts_config_server:(5:<0.127.0>) New arrival phase 3 for client "localhost" (last ? true): will start 240 users

=INFO REPORT==== 12-Jan-2021::08:14:34 ===
    ts_config_server:(5:<0.127.0>) New arrival phase 4 for client "localhost" (last ? true): will start 300 users

=INFO REPORT==== 12-Jan-2021::08:14:34 ===
         ts_launcher:(5:<0.182.0>) Expected duration of first phase: 60.0 sec (120 users) 

=INFO REPORT==== 12-Jan-2021::08:14:34 ===
         ts_launcher:(5:<0.182.0>) Activate launcher (120 users) in 1060 msec 

=INFO REPORT==== 12-Jan-2021::08:15:32 ===
         ts_launcher:(4:<0.182.0>) Need to wait 3.705 sec before changing phase, going to sleep

=INFO REPORT==== 12-Jan-2021::08:15:35 ===
         ts_launcher:(5:<0.182.0>) Waking up

=INFO REPORT==== 12-Jan-2021::08:15:35 ===
         ts_launcher:(5:<0.182.0>) Start a new arrival phase (180 users, 0.003); expected duration=60.0 sec

=INFO REPORT==== 12-Jan-2021::08:16:36 ===
         ts_launcher:(5:<0.182.0>) Phase duration exceeded, but not all users were launched (23 users, 12.8% of phase)

=INFO REPORT==== 12-Jan-2021::08:16:36 ===
         ts_launcher:(5:<0.182.0>) Start a new arrival phase (240 users, 0.004); expected duration=60.0 sec

=INFO REPORT==== 12-Jan-2021::08:17:36 ===
         ts_launcher:(5:<0.182.0>) Phase duration exceeded, but not all users were launched (17 users, 7.1% of phase)

=INFO REPORT==== 12-Jan-2021::08:17:36 ===
         ts_launcher:(5:<0.182.0>) Start a new arrival phase (300 users, 0.005); expected duration=60.0 sec

=INFO REPORT==== 12-Jan-2021::08:18:34 ===
         ts_launcher:(5:<0.182.0>) This was the last phase, wait for connected users to finish their session

=INFO REPORT==== 12-Jan-2021::08:18:39 ===
     ts_launcher_mgr:(5:<0.175.0>) No more active users 'tsung_controller@ip-172-31-36-11' "8019"
