
=INFO REPORT==== 12-Jan-2021::07:18:19 ===
    ts_config_server:(5:<0.127.0>) Config server started, logdir is "/home/ec2-user/.tsung/log/20210112-0718"
 
=INFO REPORT==== 12-Jan-2021::07:18:19 ===
              ts_mon:(5:<0.110.0>) starting monitor, global 

=INFO REPORT==== 12-Jan-2021::07:18:19 ===
           ts_config:(5:<0.127.0>) Reading config file: critical.xml

=INFO REPORT==== 12-Jan-2021::07:18:19 ===
           ts_config:(5:<0.127.0>) Session name for id 1 is "http-example"

=INFO REPORT==== 12-Jan-2021::07:18:19 ===
    ts_config_server:(4:<0.127.0>) SYSINFO:Tsung version: 1.7.0

=INFO REPORT==== 12-Jan-2021::07:18:19 ===
    ts_config_server:(4:<0.127.0>) SYSINFO:Erlang version: Erlang/OTP 22 [erts-10.6] [source] [64-bit] [smp:2:2] [ds:2:2:10] [async-threads:8] [hipe]


=INFO REPORT==== 12-Jan-2021::07:18:19 ===
    ts_config_server:(4:<0.127.0>) SYSINFO:System architecture x86_64-redhat-linux-gnu

=INFO REPORT==== 12-Jan-2021::07:18:19 ===
    ts_config_server:(4:<0.127.0>) SYSINFO:Current path: /usr/lib/tsung/tsung-1.7.0/ebin/tsung.beam

=INFO REPORT==== 12-Jan-2021::07:18:19 ===
              ts_mon:(5:<0.128.0>) Activate clients with text backend

=INFO REPORT==== 12-Jan-2021::07:18:19 ===
              ts_mon:(5:<0.128.0>) Starting tsung clients on hosts: [localhost]

=INFO REPORT==== 12-Jan-2021::07:18:19 ===
    ts_config_server:(5:<0.127.0>) Start a launcher on the controller beam localhost

=INFO REPORT==== 12-Jan-2021::07:18:20 ===
  ts_launcher_static:(5:<0.181.0>) Launch msg receive ("localhost")

=INFO REPORT==== 12-Jan-2021::07:18:20 ===
         ts_launcher:(5:<0.182.0>) Launch msg receive ("localhost")

=INFO REPORT==== 12-Jan-2021::07:18:20 ===
    ts_config_server:(5:<0.127.0>) New arrival phase 1 for client "localhost" (last ? true): will start 300 users

=INFO REPORT==== 12-Jan-2021::07:18:20 ===
         ts_launcher:(5:<0.182.0>) Expected duration of first phase: 60.0 sec (300 users) 

=INFO REPORT==== 12-Jan-2021::07:18:20 ===
         ts_launcher:(5:<0.182.0>) Activate launcher (300 users) in 1083 msec 

=INFO REPORT==== 12-Jan-2021::07:19:16 ===
         ts_launcher:(5:<0.182.0>) This was the last phase, wait for connected users to finish their session

=INFO REPORT==== 12-Jan-2021::07:19:21 ===
     ts_launcher_mgr:(5:<0.175.0>) No more active users 'tsung_controller@ip-172-31-36-11' "5807"
