# stats: dump at 1610435909
stats: users 3 12
stats: {load,"tsung_controller@ip-172-31-36-11"} 1 0.01953125 0 0.01953125 0.01953125 0 0
stats: {freemem,"tsung_controller@ip-172-31-36-11"} 1 7342.61328125 0 7342.61328125 7342.61328125 0 0
stats: {cpu,"tsung_controller@ip-172-31-36-11"} 1 0.2369702767999403 0 0.2369702767999403 0.2369702767999403 0 0
stats: session 56 462.7921428571427 257.8804778802872 1128.139 140.803 0 0
stats: users_count 59 59
stats: finish_users_count 56 56
stats: request 208 114.20123557692315 148.95914609807156 838.494 11.395 0 0
stats: connect 56 1.556500000000001 3.319170458972284 23.787 0.691 0 0
stats: page 104 228.55322115384612 232.0747383671723 971.132 25.125 0 0
stats: 302 52 52
stats: match 208 208
stats: 200 156 156
stats: size_rcv 5224513 5224513
stats: size_sent 107144 107144
stats: connected 4 4
# stats: dump at 1610435919
stats: users 2 12
stats: {load,"tsung_controller@ip-172-31-36-11"} 1 0.01953125 0.0 0.01953125 0.01953125 0.01953125 1
stats: {freemem,"tsung_controller@ip-172-31-36-11"} 1 7339.578125 0.0 7342.61328125 7339.578125 7342.61328125 1
stats: {cpu,"tsung_controller@ip-172-31-36-11"} 1 1.6524787180771157 0.0 1.6524787180771157 0.2369702767999403 0.2369702767999403 1
stats: session 47 242.84093617021273 80.51451023854875 1128.139 138.01 462.7921428571427 56
stats: users_count 46 105
stats: finish_users_count 47 103
stats: request 188 64.06655319148935 82.82737039804945 838.494 10.94 114.20123557692315 208
stats: page 94 128.2813085106383 116.17273714520574 971.132 23.994 228.55322115384612 104
stats: connect 45 0.8586222222222223 0.07508463044055728 23.787 0.648 1.556500000000001 56
stats: 302 47 99
stats: match 188 396
stats: 200 141 297
stats: size_rcv 5441873 10666386
stats: size_sent 96189 203333
stats: connected -2 2
# stats: dump at 1610435929
stats: users 0 12
stats: {load,"tsung_controller@ip-172-31-36-11"} 1 0.01953125 0.0 0.01953125 0.01953125 0.01953125 2
stats: {freemem,"tsung_controller@ip-172-31-36-11"} 1 7339.44921875 0.0 7342.61328125 7339.44921875 7341.095703125 2
stats: {cpu,"tsung_controller@ip-172-31-36-11"} 1 1.8924302788844622 0.0 1.8924302788844622 0.2369702767999403 0.9447244974385279 2
stats: session 59 284.4231016949153 113.87890601784055 1128.139 138.01 362.4260582524271 103
stats: users_count 57 162
stats: finish_users_count 59 162
stats: request 230 67.86093043478259 86.11255927187212 838.494 10.94 90.39992171717175 396
stats: connect 59 0.9873050847457625 0.4459338422558447 23.787 0.648 1.2455643564356442 101
stats: page 115 135.84715652173907 116.62317317140196 971.132 23.994 180.94938383838382 198
stats: 302 57 156
stats: match 230 626
stats: 200 173 470
stats: size_rcv 7623646 18290032
stats: size_sent 118529 321862
stats: connected 2 4
# stats: dump at 1610435939
stats: users 1 12
stats: {load,"tsung_controller@ip-172-31-36-11"} 1 0.01171875 0.0 0.01953125 0.01171875 0.01953125 3
stats: {freemem,"tsung_controller@ip-172-31-36-11"} 1 7340.68359375 0.0 7342.61328125 7339.44921875 7340.546875 3
stats: {cpu,"tsung_controller@ip-172-31-36-11"} 1 1.6467065868263475 0.0 1.8924302788844622 0.2369702767999403 1.2606264245871728 3
stats: session 44 312.3132500000001 166.33520913752403 1128.139 138.01 334.01757407407405 162
stats: users_count 45 207
stats: finish_users_count 44 206
stats: connect 45 1.0705555555555553 0.9138271792742033 23.787 0.648 1.1503312500000002 160
stats: request 194 81.2746752577319 121.23813418233183 838.494 10.94 82.11882268370609 626
stats: page 97 162.67375257731962 166.56667126198926 971.132 23.994 164.37827795527153 313
stats: 302 49 205
stats: match 194 820
stats: 200 145 615
stats: size_rcv 7071487 25361519
stats: size_sent 98819 420681
stats: connected -4 0
# stats: dump at 1610435949
stats: users 1 12
stats: {load,"tsung_controller@ip-172-31-36-11"} 1 0.01171875 0.0 0.01953125 0.01171875 0.017578125 4
stats: {freemem,"tsung_controller@ip-172-31-36-11"} 1 7341.30078125 0.0 7342.61328125 7339.44921875 7340.5810546875 4
stats: {cpu,"tsung_controller@ip-172-31-36-11"} 1 1.4485514485514486 0.0 1.8924302788844622 0.2369702767999403 1.3571464651469665 4
stats: session 54 346.7702777777776 131.97734714833345 1128.139 138.01 329.38169902912625 206
stats: users_count 54 261
stats: finish_users_count 54 260
stats: request 220 85.24979090909095 115.69884968203955 838.494 10.601 81.91910975609755 820
stats: connect 55 1.1593272727272719 0.8892514738821933 23.787 0.648 1.1328195121951221 205
stats: page 110 170.6382454545456 155.1076219787225 971.132 23.869 163.97501219512193 410
stats: 302 55 260
stats: match 220 1040
stats: 200 165 780
stats: size_rcv 8949014 34310533
stats: size_sent 112861 533542
stats: connected 0 0
# stats: dump at 1610435959
stats: users 0 12
stats: {load,"tsung_controller@ip-172-31-36-11"} 1 0.01171875 0.0 0.01953125 0.01171875 0.01640625 5
stats: {freemem,"tsung_controller@ip-172-31-36-11"} 1 7341.17578125 0.0 7342.61328125 7339.44921875 7340.725 5
stats: {cpu,"tsung_controller@ip-172-31-36-11"} 1 1.7482517482517483 0.0 1.8924302788844622 0.2369702767999403 1.3754274618278628 5
stats: session 40 514.2888749999998 298.7750702260973 1128.139 138.01 332.99317307692303 260
stats: users_count 39 300
stats: finish_users_count 40 300
stats: request 160 127.95501249999988 207.01828494157184 906.224 10.443 82.62367692307693 1040
stats: connect 40 1.0499 0.8086203620983087 23.787 0.648 1.138426923076923 260
stats: page 80 256.03411250000016 286.37033381418865 1011.304 23.302 165.3845423076923 520
stats: 302 40 300
stats: match 160 1200
stats: 200 120 900
stats: size_rcv 7064928 41375461
stats: size_sent 82078 615620
stats: connected 0 0
# stats: dump at 1610435962
stats: users 0 12
stats: {load,"tsung_controller@ip-172-31-36-11"} 1 0.078125 0.0 0.078125 0.01171875 0.015625 6
stats: {freemem,"tsung_controller@ip-172-31-36-11"} 1 7342.36328125 0.0 7342.61328125 7339.44921875 7340.800130208333 6
stats: {cpu,"tsung_controller@ip-172-31-36-11"} 1 0.9504752376188095 0.0 1.8924302788844622 0.2369702767999403 1.4375648428985104 6
stats: session 0 0 0 1128.139 138.01 357.16593333333327 300
stats: users_count 0 300
stats: finish_users_count 0 300
stats: request 0 0 0 906.224 10.443 88.66785499999999 1200
stats: connect 0 0 0 23.787 0.648 1.1266233333333333 300
stats: page 0 0 0 1011.304 23.302 177.4711516666667 600
stats: 302 0 300
stats: match 0 1200
stats: 200 0 900
stats: size_rcv 0 41375461
stats: size_sent 0 615620
stats: connected 0 0
EndMonitor:{1610,435962,231777}
