# stats: dump at 1610436742
stats: users 0 7
stats: {load,"tsung_controller@ip-172-31-36-11"} 1 0.0 0 0.0 0.0 0 0
stats: {freemem,"tsung_controller@ip-172-31-36-11"} 1 7344.546875 0 7344.546875 7344.546875 0 0
stats: {cpu,"tsung_controller@ip-172-31-36-11"} 1 0.24956493205381464 0 0.24956493205381464 0.24956493205381464 0 0
stats: session 42 296.8867857142856 134.41978284243157 616.295 136.654 0 0
stats: users_count 42 42
stats: finish_users_count 42 42
stats: request 160 74.66123124999999 87.51980030986002 471.427 11.987 0 0
stats: connect 42 1.1083571428571428 1.4535952443351419 10.399 0.687 0 0
stats: page 80 149.49317500000015 132.1737519028244 545.59 25.415 0 0
stats: 302 40 40
stats: match 160 160
stats: 200 120 120
stats: size_rcv 3965397 3965397
stats: size_sent 82288 82288
stats: connected 2 2
# stats: dump at 1610436752
stats: users 0 7
stats: {load,"tsung_controller@ip-172-31-36-11"} 1 0.0 0.0 0.0 0.0 0.0 1
stats: {freemem,"tsung_controller@ip-172-31-36-11"} 1 7340.6484375 0.0 7344.546875 7340.6484375 7344.546875 1
stats: {cpu,"tsung_controller@ip-172-31-36-11"} 1 1.7456359102244388 0.0 1.7456359102244388 0.24956493205381464 0.24956493205381464 1
stats: session 50 251.15350000000007 96.12742511713293 616.295 136.654 296.8867857142856 42
stats: users_count 50 92
stats: finish_users_count 50 92
stats: request 204 61.899558823529404 72.9461708019558 471.427 10.516 74.66123124999999 160
stats: connect 50 0.92586 0.18255629378358884 10.399 0.671 1.1083571428571428 42
stats: page 102 123.9325294117647 105.87284921710182 545.59 23.604 149.49317500000015 80
stats: 302 51 91
stats: match 204 364
stats: 200 153 273
stats: size_rcv 5753473 9718870
stats: size_sent 104603 186891
stats: connected -1 1
# stats: dump at 1610436762
stats: users 0 7
stats: {load,"tsung_controller@ip-172-31-36-11"} 1 0.0 0.0 0.0 0.0 0.0 2
stats: {freemem,"tsung_controller@ip-172-31-36-11"} 1 7340.3828125 0.0 7344.546875 7340.3828125 7342.59765625 2
stats: {cpu,"tsung_controller@ip-172-31-36-11"} 1 1.4463840399002494 0.0 1.7456359102244388 0.24956493205381464 0.9976004211391267 2
stats: session 48 225.7940625 55.33000849463993 616.295 136.654 272.03173913043474 92
stats: users_count 48 140
stats: finish_users_count 48 140
stats: request 188 56.38677659574465 64.93949728313473 471.427 10.516 67.50908516483516 364
stats: connect 47 1.018617021276596 0.68368343903934 10.399 0.666 1.0091739130434783 92
stats: page 94 112.90513829787234 86.16749695161398 545.59 23.604 135.16797802197812 182
stats: 302 47 138
stats: match 188 552
stats: 200 141 414
stats: size_rcv 5995996 15714866
stats: size_sent 96479 283370
stats: connected 0 1
# stats: dump at 1610436772
stats: users 3 7
stats: {load,"tsung_controller@ip-172-31-36-11"} 1 0.0 0.0 0.0 0.0 0.0 3
stats: {freemem,"tsung_controller@ip-172-31-36-11"} 1 7341.5546875 0.0 7344.546875 7340.3828125 7341.859375 3
stats: {cpu,"tsung_controller@ip-172-31-36-11"} 1 1.2 0.0 1.7456359102244388 0.24956493205381464 1.1471949607261676 3
stats: session 50 341.06855999999993 177.06364533400526 781.908 136.654 256.1788214285714 140
stats: users_count 53 193
stats: finish_users_count 50 190
stats: page 95 156.19887368421055 156.80635002114062 716.105 23.604 127.58570652173921 276
stats: 302 48 186
stats: request 191 77.74835602094241 112.96017900595098 648.289 10.516 63.72105253623187 552
stats: connect 52 0.9296538461538462 0.5025395462668887 10.399 0.621 1.0123669064748202 139
stats: match 191 743
stats: 200 143 557
stats: size_rcv 6795738 22510604
stats: size_sent 98998 382368
stats: connected 5 6
# stats: dump at 1610436782
stats: users 8 9
stats: {load,"tsung_controller@ip-172-31-36-11"} 1 0.0 0.0 0.0 0.0 0.0 4
stats: {freemem,"tsung_controller@ip-172-31-36-11"} 1 7339.01953125 0.0 7344.546875 7339.01953125 7341.783203125 4
stats: {cpu,"tsung_controller@ip-172-31-36-11"} 1 1.8509254627313656 0.0 1.8509254627313656 0.24956493205381464 1.1603962205446257 4
stats: session 50 468.4876199999998 206.10491750289606 919.969 136.654 278.51822631578943 190
stats: users_count 55 248
stats: finish_users_count 50 240
stats: request 217 118.52349308755758 169.54856923382198 825.571 10.516 67.32699461641991 743
stats: connect 55 0.9115999999999997 0.1540304102206031 10.399 0.621 0.9898481675392669 191
stats: page 109 236.30134862385313 232.01843204565523 877.704 23.604 134.91252830188685 371
stats: 302 54 240
stats: match 217 960
stats: 200 163 720
stats: size_rcv 8453284 30963888
stats: size_sent 110920 493288
stats: connected 0 6
# stats: dump at 1610436792
stats: users 0 9
stats: {load,"tsung_controller@ip-172-31-36-11"} 1 0.0 0.0 0.0 0.0 0.0 5
stats: {freemem,"tsung_controller@ip-172-31-36-11"} 1 7337.25390625 0.0 7344.546875 7337.25390625 7341.23046875 5
stats: {cpu,"tsung_controller@ip-172-31-36-11"} 1 1.5022533800701052 0.0 1.8509254627313656 0.24956493205381464 1.2985020689819735 5
stats: session 60 417.38378333333327 184.17294490189485 919.969 136.654 318.09518333333324 240
stats: users_count 52 300
stats: finish_users_count 60 300
stats: connect 54 0.998351851851852 0.5156218165300571 10.399 0.621 0.9723536585365852 246
stats: page 116 210.83588793103445 206.594471637853 877.704 23.571 157.93623958333336 480
stats: request 232 105.34588362068972 153.5391974712087 825.571 10.514 78.89953645833333 960
stats: 302 58 298
stats: match 232 1192
stats: 200 174 894
stats: size_rcv 10063131 41027019
stats: size_sent 118724 612012
stats: connected -4 2
# stats: dump at 1610436797
stats: users 0 9
stats: {load,"tsung_controller@ip-172-31-36-11"} 1 0.0 0.0 0.0 0.0 0.0 6
stats: {freemem,"tsung_controller@ip-172-31-36-11"} 1 7336.87109375 0.0 7344.546875 7336.87109375 7340.567708333333 6
stats: {cpu,"tsung_controller@ip-172-31-36-11"} 1 2.0572002007024586 0.0 2.0572002007024586 0.24956493205381464 1.3324606208299954 6
stats: session 0 0 0 919.969 136.654 337.95290333333327 300
stats: users_count 0 300
stats: finish_users_count 0 300
stats: connect 0 0 0 10.399 0.621 0.9770333333333332 300
stats: request 8 56.441874999999996 68.93687951205345 825.571 10.514 84.04681208053691 1192
stats: page 4 113.0445 85.18153553587771 877.704 23.571 168.23214429530202 596
stats: 302 2 300
stats: match 8 1200
stats: 200 6 900
stats: size_rcv 365928 41392947
stats: size_sent 3920 615932
stats: connected -2 0
EndMonitor:{1610,436797,187272}
