# stats: dump at 1610435494
stats: users 0 5
stats: {load,"tsung_controller@ip-172-31-36-11"} 1 0.01171875 0 0.01171875 0.01171875 0 0
stats: {freemem,"tsung_controller@ip-172-31-36-11"} 1 7344.875 0 7344.875 7344.875 0 0
stats: {cpu,"tsung_controller@ip-172-31-36-11"} 1 0.22812442025848742 0 0.22812442025848742 0.22812442025848742 0 0
stats: session 48 268.2087916666666 141.39474020405873 683.176 127.534 0 0
stats: users_count 48 48
stats: finish_users_count 48 48
stats: request 188 67.11463829787235 64.57859744476492 346.032 11.175 0 0
stats: connect 47 1.5527872340425535 4.126324818518548 29.481 0.669 0 0
stats: page 94 134.38079787234037 101.55598211536625 455.096 25.613 0 0
stats: 302 47 47
stats: match 188 188
stats: 200 141 141
stats: size_rcv 4709930 4709930
stats: size_sent 96423 96423
stats: connected 0 0
# stats: dump at 1610435504
stats: users 4 5
stats: {load,"tsung_controller@ip-172-31-36-11"} 1 0.01171875 0.0 0.01171875 0.01171875 0.01171875 1
stats: {freemem,"tsung_controller@ip-172-31-36-11"} 1 7340.3515625 0.0 7344.875 7340.3515625 7344.875 1
stats: {cpu,"tsung_controller@ip-172-31-36-11"} 1 1.5546639919759278 0.0 1.5546639919759278 0.22812442025848742 0.22812442025848742 1
stats: session 37 197.0287027027027 77.17760840718087 683.176 127.534 268.2087916666666 48
stats: users_count 41 89
stats: finish_users_count 37 85
stats: 302 37 84
stats: request 148 48.615790540540544 49.96225249507674 346.032 11.175 67.11463829787235 188
stats: match 148 336
stats: connect 38 0.8634473684210526 0.09476222247744226 29.481 0.669 1.5527872340425535 47
stats: 200 111 252
stats: page 74 97.35558108108103 70.43962701222804 455.096 25.217 134.38079787234037 94
stats: size_rcv 4178577 8888507
stats: size_sent 76063 172486
stats: connected 1 1
# stats: dump at 1610435514
stats: users 1 8
stats: {load,"tsung_controller@ip-172-31-36-11"} 1 0.01171875 0.0 0.01171875 0.01171875 0.01171875 2
stats: {freemem,"tsung_controller@ip-172-31-36-11"} 1 7339.0859375 0.0 7344.875 7339.0859375 7342.61328125 2
stats: {cpu,"tsung_controller@ip-172-31-36-11"} 1 1.5984015984015985 0.0 1.5984015984015985 0.22812442025848742 0.8913942061172075 2
stats: session 57 351.0858596491229 190.1055558028305 768.382 127.534 237.22451764705878 85
stats: users_count 54 143
stats: finish_users_count 57 142
stats: connect 56 0.8478571428571428 0.08863920218089344 29.481 0.646 1.2446117647058823 85
stats: page 114 173.72615789473682 131.54286489212447 536.163 24.758 118.07207142857139 168
stats: 302 57 141
stats: request 228 86.79380701754386 81.35059224197853 368.591 11.175 58.96633630952382 336
stats: match 228 564
stats: 200 171 423
stats: size_rcv 7227971 16116478
stats: size_sent 116913 289399
stats: connected -1 0
# stats: dump at 1610435524
stats: users 1 10
stats: {load,"tsung_controller@ip-172-31-36-11"} 1 0.0 0.0 0.01171875 0.0 0.01171875 3
stats: {freemem,"tsung_controller@ip-172-31-36-11"} 1 7337.97265625 0.0 7344.875 7337.97265625 7341.4375 3
stats: {cpu,"tsung_controller@ip-172-31-36-11"} 1 2.0989505247376314 0.0 2.0989505247376314 0.22812442025848742 1.127063336878671 3
stats: session 42 379.3335476190475 241.6414197496544 942.948 127.534 282.9294225352113 142
stats: users_count 42 185
stats: finish_users_count 42 184
stats: request 162 95.36510493827163 94.89301582774175 442.868 11.175 70.21573936170212 564
stats: connect 41 0.8931463414634148 0.166694632593241 29.481 0.621 1.0870354609929078 141
stats: page 81 190.88366666666678 158.5916895964657 579.651 24.758 140.57053191489356 282
stats: 302 40 181
stats: match 162 726
stats: 200 122 545
stats: size_rcv 5798679 21915157
stats: size_sent 83490 372889
stats: connected 1 1
# stats: dump at 1610435534
stats: users 1 12
stats: {load,"tsung_controller@ip-172-31-36-11"} 1 0.0 0.0 0.01171875 0.0 0.0087890625 4
stats: {freemem,"tsung_controller@ip-172-31-36-11"} 1 7337.140625 0.0 7344.875 7337.140625 7340.5712890625 4
stats: {cpu,"tsung_controller@ip-172-31-36-11"} 1 1.898101898101898 0.0 2.0989505247376314 0.22812442025848742 1.3700351338434111 4
stats: session 63 621.014365079365 316.6461737595281 1330.753 127.534 304.93471195652177 184
stats: users_count 63 248
stats: finish_users_count 63 247
stats: 302 64 245
stats: request 256 153.63950000000023 128.4765231945668 544.954 11.175 75.82758126721764 726
stats: match 256 982
stats: 200 192 737
stats: connect 64 0.8854843750000003 0.14943508124218813 29.481 0.621 1.0433571428571429 182
stats: size_rcv 10040700 31955857
stats: size_sent 131190 504079
stats: page 128 307.42428124999986 217.84474134589874 938.234 24.758 151.7974297520661 363
stats: connected 0 1
# stats: dump at 1610435544
stats: users 0 12
stats: {load,"tsung_controller@ip-172-31-36-11"} 1 0.0 0.0 0.01171875 0.0 0.00703125 5
stats: {freemem,"tsung_controller@ip-172-31-36-11"} 1 7334.046875 0.0 7344.875 7334.046875 7339.88515625 5
stats: {cpu,"tsung_controller@ip-172-31-36-11"} 1 2.694610778443114 0.0 2.694610778443114 0.22812442025848742 1.4756484866951085 5
stats: session 53 406.16750943396215 169.99658587455403 1330.753 127.534 385.5542186234818 247
stats: users_count 52 300
stats: finish_users_count 53 300
stats: request 210 100.46144285714287 97.6939574799504 544.954 11.175 96.11256211812633 982
stats: connect 54 0.9077962962962964 0.08359212696173178 29.481 0.621 1.0022845528455284 246
stats: page 105 201.0515809523811 146.4972595179908 938.234 24.758 192.36817718940932 491
stats: 302 53 298
stats: match 210 1192
stats: 200 157 894
stats: size_rcv 9080623 41036480
stats: size_sent 107553 611632
stats: connected 1 2
# stats: dump at 1610435549
stats: users 0 12
stats: {load,"tsung_controller@ip-172-31-36-11"} 1 0.0 0.0 0.01171875 0.0 0.005859375 6
stats: {freemem,"tsung_controller@ip-172-31-36-11"} 1 7331.5625 0.0 7344.875 7331.5625 7338.912109375 6
stats: {cpu,"tsung_controller@ip-172-31-36-11"} 1 1.4977533699450822 0.0 2.694610778443114 0.22812442025848742 1.6788088686531095 6
stats: session 0 0 0 1330.753 127.534 389.1959 300
stats: users_count 0 300
stats: finish_users_count 0 300
stats: request 8 65.8185 83.95951734764796 544.954 11.175 96.87872399328865 1192
stats: connect 0 0 0 29.481 0.621 0.9852766666666666 300
stats: page 4 131.7455 103.33182750125927 938.234 24.758 193.89797147651007 596
stats: 302 2 300
stats: match 8 1200
stats: 200 6 900
stats: size_rcv 365868 41402348
stats: size_sent 3914 615546
stats: connected -2 0
EndMonitor:{1610,435549,535869}
