# stats: dump at 1610436095
stats: users 1 5
stats: {load,"tsung_controller@ip-172-31-36-11"} 1 0.01171875 0 0.01171875 0.01171875 0 0
stats: {freemem,"tsung_controller@ip-172-31-36-11"} 1 7344.140625 0 7344.140625 7344.140625 0 0
stats: {cpu,"tsung_controller@ip-172-31-36-11"} 1 0.23949293598207094 0 0.23949293598207094 0.23949293598207094 0 0
stats: session 44 214.33145454545456 93.27211295267747 511.823 124.319 0 0
stats: users_count 45 45
stats: finish_users_count 44 44
stats: request 167 53.943269461077854 55.13661181780898 277.065 10.907 0 0
stats: connect 43 1.2661162790697678 1.7287852733532 12.017 0.695 0 0
stats: page 83 108.50286746987956 79.28085161372128 424.132 24.053 0 0
stats: 302 42 42
stats: match 167 167
stats: 200 125 125
stats: size_rcv 4179516 4179516
stats: size_sent 86342 86342
stats: connected 2 2
# stats: dump at 1610436105
stats: users 2 6
stats: {load,"tsung_controller@ip-172-31-36-11"} 1 0.01171875 0.0 0.01171875 0.01171875 0.01171875 1
stats: {freemem,"tsung_controller@ip-172-31-36-11"} 1 7339.89453125 0.0 7344.140625 7339.89453125 7344.140625 1
stats: {cpu,"tsung_controller@ip-172-31-36-11"} 1 1.0542168674698795 0.0 1.0542168674698795 0.23949293598207094 0.23949293598207094 1
stats: session 55 242.66150909090908 94.64945380159796 567.496 124.319 214.33145454545456 44
stats: users_count 56 101
stats: finish_users_count 55 99
stats: request 217 58.961958525345594 66.65053408896212 277.065 10.463 53.943269461077854 167
stats: 302 54 96
stats: connect 53 0.8821509433962264 0.1073956529506428 12.017 0.678 1.2661162790697678 43
stats: page 109 117.67044954128444 86.7649303520711 424.132 22.661 108.50286746987956 83
stats: match 217 384
stats: 200 163 288
stats: size_rcv 6149918 10329434
stats: size_sent 110888 197230
stats: connected -2 0
# stats: dump at 1610436115
stats: users 1 6
stats: {load,"tsung_controller@ip-172-31-36-11"} 1 0.0 0.0 0.01171875 0.0 0.01171875 2
stats: {freemem,"tsung_controller@ip-172-31-36-11"} 1 7339.4140625 0.0 7344.140625 7339.4140625 7342.017578125 2
stats: {cpu,"tsung_controller@ip-172-31-36-11"} 1 1.3520280420630946 0.0 1.3520280420630946 0.23949293598207094 0.6468549017259753 2
stats: session 32 237.00746874999996 92.46639325417924 567.496 124.319 230.07037373737376 99
stats: users_count 31 132
stats: finish_users_count 32 131
stats: 302 35 131
stats: request 140 58.786992857142856 66.82034051154275 314.703 10.463 56.77935156249998 384
stats: connect 35 1.0200857142857143 0.3788600473924429 12.017 0.678 1.0541354166666668 96
stats: page 70 117.69424285714285 87.30811140788951 424.132 22.661 113.70738020833336 192
stats: match 140 524
stats: 200 105 393
stats: size_rcv 4454172 14783606
stats: size_sent 71819 269049
stats: connected 0 0
# stats: dump at 1610436125
stats: users 1 12
stats: {load,"tsung_controller@ip-172-31-36-11"} 1 0.0 0.0 0.01171875 0.0 0.0078125 3
stats: {freemem,"tsung_controller@ip-172-31-36-11"} 1 7339.171875 0.0 7344.140625 7339.171875 7341.149739583333 3
stats: {cpu,"tsung_controller@ip-172-31-36-11"} 1 0.6519558676028084 0.0 1.3520280420630946 0.23949293598207094 0.8819126151716817 3
stats: session 38 516.1603684210527 372.43187623011715 1342.705 124.319 231.76493129770992 131
stats: users_count 38 170
stats: finish_users_count 38 169
stats: page 74 260.88797297297293 234.60375671826654 852.684 22.661 114.77257251908398 262
stats: request 148 130.37872972972974 138.0030955045787 585.458 10.463 57.31574427480915 524
stats: connect 37 1.0041351351351355 0.6643716870060404 12.017 0.678 1.0450381679389313 131
stats: 302 37 168
stats: match 148 672
stats: 200 111 504
stats: size_rcv 5093057 19876663
stats: size_sent 75853 344902
stats: connected 0 0
# stats: dump at 1610436135
stats: users 2 12
stats: {load,"tsung_controller@ip-172-31-36-11"} 1 0.0 0.0 0.01171875 0.0 0.005859375 4
stats: {freemem,"tsung_controller@ip-172-31-36-11"} 1 7336.75 0.0 7344.140625 7336.75 7340.6552734375 4
stats: {cpu,"tsung_controller@ip-172-31-36-11"} 1 0.8508508508508509 0.0 1.3520280420630946 0.23949293598207094 0.8244234282794634 4
stats: session 41 280.1985121951221 127.26379620283674 1342.705 124.319 295.71183431952664 169
stats: users_count 42 212
stats: finish_users_count 41 210
stats: request 155 66.68128387096769 78.75724612018595 585.458 10.463 73.40699702380951 672
stats: connect 42 1.0037857142857143 0.36149442040838553 12.017 0.678 1.036029761904762 168
stats: page 76 127.19742105263158 101.44731983000408 852.684 22.661 146.95274999999998 336
stats: 302 38 206
stats: match 155 827
stats: 200 117 621
stats: size_rcv 6106139 25982802
stats: size_sent 80750 425652
stats: connected 5 5
# stats: dump at 1610436145
stats: users 1 12
stats: {load,"tsung_controller@ip-172-31-36-11"} 1 0.0 0.0 0.01171875 0.0 0.0046875 5
stats: {freemem,"tsung_controller@ip-172-31-36-11"} 1 7336.27734375 0.0 7344.140625 7336.27734375 7339.87421875 5
stats: {cpu,"tsung_controller@ip-172-31-36-11"} 1 1.1523046092184368 0.0 1.3520280420630946 0.23949293598207094 0.8297089127937408 5
stats: session 57 592.9696666666669 318.1152430463412 1342.705 124.319 292.6830428571429 210
stats: users_count 56 268
stats: finish_users_count 57 267
stats: request 237 146.58797468354433 138.73166046508706 585.458 10.463 72.14643409915354 827
stats: connect 57 0.9000877192982454 0.14282749756160637 12.017 0.629 1.0295809523809525 210
stats: page 120 295.2996916666668 218.25526808123848 852.684 22.661 143.3085631067961 412
stats: 302 60 266
stats: match 237 1064
stats: 200 177 798
stats: size_rcv 9375074 35357876
stats: size_sent 120628 546280
stats: connected -4 1
# stats: dump at 1610436152
stats: users 0 12
stats: {load,"tsung_controller@ip-172-31-36-11"} 1 0.0 0.0 0.01171875 0.0 0.00390625 6
stats: {freemem,"tsung_controller@ip-172-31-36-11"} 1 7335.06640625 0.0 7344.140625 7335.06640625 7339.274739583333 6
stats: {cpu,"tsung_controller@ip-172-31-36-11"} 1 1.7042606516290728 0.0 1.7042606516290728 0.23949293598207094 0.8834748621978568 6
stats: session 6 214.31966666666668 41.34438556268015 1342.705 124.319 356.7891760299626 267
stats: users_count 5 273
stats: finish_users_count 6 273
stats: page 14 104.52514285714285 79.63142855758929 852.684 22.661 177.5922763157895 532
stats: request 28 52.2002857142857 62.50872064123599 585.458 10.463 88.72786748120298 1064
stats: connect 6 1.8938333333333333 2.3703631519710693 12.017 0.629 1.001936329588015 267
stats: 302 7 273
stats: match 28 1092
stats: 200 21 819
stats: size_rcv 1219004 36576880
stats: size_sent 14305 560585
stats: connected -1 0
EndMonitor:{1610,436152,225941}
