# stats: dump at 1610435772
stats: users 10 11
stats: {load,"tsung_controller@ip-172-31-36-11"} 1 0.0 0 0.0 0.0 0 0
stats: {freemem,"tsung_controller@ip-172-31-36-11"} 1 7342.37109375 0 7342.37109375 7342.37109375 0 0
stats: {cpu,"tsung_controller@ip-172-31-36-11"} 1 0.23446791334612296 0 0.23446791334612296 0.23446791334612296 0 0
stats: session 47 270.52900000000017 131.1788975851664 715.747 131.47 0 0
stats: users_count 57 57
stats: finish_users_count 47 47
stats: request 184 64.57522826086962 77.20273735644568 451.81 11.918 0 0
stats: connect 55 1.0695818181818182 1.210838652878981 9.919 0.675 0 0
stats: page 92 129.2980869565217 114.60110476008317 561.894 25.078 0 0
stats: 302 46 46
stats: match 184 184
stats: 200 138 138
stats: size_rcv 4601170 4601170
stats: size_sent 95234 95234
stats: connected 9 9
# stats: dump at 1610435782
stats: users 1 11
stats: {load,"tsung_controller@ip-172-31-36-11"} 1 0.0 0.0 0.0 0.0 0.0 1
stats: {freemem,"tsung_controller@ip-172-31-36-11"} 1 7336.92578125 0.0 7342.37109375 7336.92578125 7342.37109375 1
stats: {cpu,"tsung_controller@ip-172-31-36-11"} 1 1.951951951951952 0.0 1.951951951951952 0.23446791334612296 0.23446791334612296 1
stats: session 58 330.4654137931035 211.470979320962 875.535 131.47 270.52900000000017 47
stats: users_count 49 106
stats: finish_users_count 58 105
stats: connect 48 0.893166666666667 0.11042858426250977 9.919 0.653 1.0695818181818182 55
stats: 302 57 103
stats: match 228 412
stats: request 228 84.21011403508777 120.0484209297392 702.62 11.086 64.57522826086962 184
stats: 200 171 309
stats: size_rcv 6565915 11167085
stats: page 114 168.5549912280702 180.15192406846543 801.359 24.921 129.2980869565217 92
stats: size_sent 116053 211287
stats: connected -9 0
# stats: dump at 1610435792
stats: users 2 11
stats: {load,"tsung_controller@ip-172-31-36-11"} 1 0.0 0.0 0.0 0.0 0.0 2
stats: {freemem,"tsung_controller@ip-172-31-36-11"} 1 7336.328125 0.0 7342.37109375 7336.328125 7339.6484375 2
stats: {cpu,"tsung_controller@ip-172-31-36-11"} 1 1.3026052104208417 0.0 1.951951951951952 0.23446791334612296 1.0932099326490374 2
stats: session 43 219.54534883720933 71.97689528022613 875.535 131.47 303.63673333333344 105
stats: users_count 44 150
stats: finish_users_count 43 148
stats: request 172 53.68999418604649 64.33265467388628 702.62 10.792 75.44113592233015 412
stats: connect 43 0.9643488372093023 0.5047627987121914 9.919 0.653 0.987368932038835 103
stats: page 86 107.51579069767445 87.89414872779702 801.359 24.697 151.02278155339806 206
stats: 302 43 146
stats: match 172 584
stats: 200 129 438
stats: size_rcv 5614729 16781814
stats: size_sent 88323 299610
stats: connected 0 0
# stats: dump at 1610435802
stats: users 1 11
stats: {load,"tsung_controller@ip-172-31-36-11"} 1 0.0 0.0 0.0 0.0 0.0 3
stats: {freemem,"tsung_controller@ip-172-31-36-11"} 1 7336.6796875 0.0 7342.37109375 7336.328125 7338.541666666667 3
stats: {cpu,"tsung_controller@ip-172-31-36-11"} 1 1.945137157107232 0.0 1.951951951951952 0.23446791334612296 1.163008358572972 3
stats: session 50 281.7828599999998 107.08576166400644 875.535 131.47 279.20477702702715 148
stats: users_count 49 199
stats: finish_users_count 50 198
stats: request 196 70.19184183673462 95.84543034192642 702.62 10.792 69.03497773972606 584
stats: connect 51 0.9042549019607843 0.06620729274955803 9.919 0.653 0.9805890410958904 146
stats: page 98 140.51263265306125 129.06760962690765 801.359 24.697 138.2090787671233 292
stats: 302 49 195
stats: match 196 780
stats: 200 147 585
stats: size_rcv 7068491 23850305
stats: size_sent 100769 400379
stats: connected 2 2
# stats: dump at 1610435812
stats: users 2 11
stats: {load,"tsung_controller@ip-172-31-36-11"} 1 0.0 0.0 0.0 0.0 0.0 4
stats: {freemem,"tsung_controller@ip-172-31-36-11"} 1 7339.41796875 0.0 7342.37109375 7336.328125 7338.076171875 4
stats: {cpu,"tsung_controller@ip-172-31-36-11"} 1 1.0045203415369162 0.0 1.951951951951952 0.23446791334612296 1.358540558206537 4
stats: session 62 424.96691935483864 221.44043351461053 992.449 131.47 279.8558080808081 198
stats: users_count 63 262
stats: finish_users_count 62 260
stats: request 246 106.15787398373975 161.59653037161002 881.432 10.792 69.32567692307693 780
stats: connect 63 0.8840476190476193 0.0907311445401697 9.919 0.653 0.9608274111675126 197
stats: page 122 211.24674590163937 222.5559008010936 935.432 24.697 138.78792051282053 390
stats: 302 61 256
stats: match 246 1026
stats: 200 185 770
stats: size_rcv 10107973 33958278
stats: size_sent 127192 527571
stats: connected 3 5
# stats: dump at 1610435822
stats: users 0 11
stats: {load,"tsung_controller@ip-172-31-36-11"} 1 0.0 0.0 0.0 0.0 0.0 5
stats: {freemem,"tsung_controller@ip-172-31-36-11"} 1 7339.04296875 0.0 7342.37109375 7336.328125 7338.34453125 5
stats: {cpu,"tsung_controller@ip-172-31-36-11"} 1 1.4536340852130327 0.0 1.951951951951952 0.23446791334612296 1.287736514872613 5
stats: session 40 446.6675250000001 202.23326712746692 992.449 131.47 314.4592269230769 260
stats: users_count 38 300
stats: finish_users_count 40 300
stats: request 174 107.43460919540232 157.9435562514803 881.432 10.735 78.15678849902534 1026
stats: page 88 216.61990909090903 216.92740914147439 935.432 23.401 156.05350000000004 512
stats: 302 44 300
stats: connect 40 0.9362749999999999 0.27159344501478677 9.919 0.653 0.9422230769230769 260
stats: match 174 1200
stats: 200 130 900
stats: size_rcv 7426195 41384473
stats: size_sent 88201 615772
stats: connected -5 0
# stats: dump at 1610435824
stats: users 0 11
stats: {load,"tsung_controller@ip-172-31-36-11"} 1 0.0 0.0 0.0 0.0 0.0 6
stats: {freemem,"tsung_controller@ip-172-31-36-11"} 1 7338.4375 0.0 7342.37109375 7336.328125 7338.4609375 6
stats: {cpu,"tsung_controller@ip-172-31-36-11"} 1 1.0505252626313157 0.0 1.951951951951952 0.23446791334612296 1.3153861099293496 6
stats: session 0 0 0 992.449 131.47 332.08700000000005 300
stats: users_count 0 300
stats: finish_users_count 0 300
stats: request 0 0 0 881.432 10.735 82.40207249999999 1200
stats: connect 0 0 0 9.919 0.653 0.9414299999999999 300
stats: page 0 0 0 935.432 23.401 164.93657333333337 600
stats: 302 0 300
stats: match 0 1200
stats: 200 0 900
stats: size_rcv 0 41384473
stats: size_sent 0 615772
stats: connected 0 0
EndMonitor:{1610,435824,299772}
