# stats: dump at 1610438933
stats: users 1 3
stats: {load,"tsung_controller@ip-172-31-36-11"} 1 0.0 0 0.0 0.0 0 0
stats: {freemem,"tsung_controller@ip-172-31-36-11"} 1 7344.640625 0 7344.640625 7344.640625 0 0
stats: {cpu,"tsung_controller@ip-172-31-36-11"} 1 0.32943886988823173 0 0.32943886988823173 0.32943886988823173 0 0
stats: session 18 198.9970555555555 85.02495725992733 470.184 126.062 0 0
stats: users_count 19 19
stats: finish_users_count 18 18
stats: request 72 49.06408333333335 52.682348041970165 246.567 11.117 0 0
stats: connect 18 1.1423888888888891 0.7468511780125713 4.198 0.826 0 0
stats: page 36 98.31169444444444 74.83483334087566 275.328 24.163 0 0
stats: 302 18 18
stats: match 72 72
stats: 200 54 54
stats: size_rcv 1729466 1729466
stats: size_sent 37012 37012
stats: connected 0 0
# stats: dump at 1610438943
stats: users 0 3
stats: {load,"tsung_controller@ip-172-31-36-11"} 1 0.0 0.0 0.0 0.0 0.0 1
stats: {freemem,"tsung_controller@ip-172-31-36-11"} 1 7344.359375 0.0 7344.640625 7344.359375 7344.640625 1
stats: {cpu,"tsung_controller@ip-172-31-36-11"} 1 0.9481037924151697 0.0 0.9481037924151697 0.32943886988823173 0.32943886988823173 1
stats: session 15 179.50966666666667 46.19068506624349 470.184 126.062 198.9970555555555 18
stats: users_count 14 33
stats: finish_users_count 15 33
stats: request 60 44.26653333333331 46.32365664124061 246.567 11.117 49.06408333333335 72
stats: connect 15 2.1505333333333336 2.7101090474165224 10.509 0.726 1.1423888888888891 18
stats: page 30 88.66753333333334 62.31794408982233 275.328 24.163 98.31169444444444 36
stats: 302 15 33
stats: match 60 132
stats: 200 45 99
stats: size_rcv 1516020 3245486
stats: size_sent 30843 67855
stats: connected 0 0
# stats: dump at 1610438953
stats: users 0 3
stats: {load,"tsung_controller@ip-172-31-36-11"} 1 0.0 0.0 0.0 0.0 0.0 2
stats: {freemem,"tsung_controller@ip-172-31-36-11"} 1 7342.54296875 0.0 7344.640625 7342.54296875 7344.5 2
stats: {cpu,"tsung_controller@ip-172-31-36-11"} 1 0.6487025948103792 0.0 0.9481037924151697 0.32943886988823173 0.6387713311517007 2
stats: session 25 218.44684 89.77104274750516 526.268 126.062 190.13915151515147 33
stats: users_count 25 58
stats: finish_users_count 25 58
stats: request 92 55.279858695652194 60.16545520688572 271.272 10.877 46.88337878787878 132
stats: connect 24 1.0745833333333332 0.6184514880373039 10.509 0.726 1.6006363636363639 33
stats: page 46 110.70847826086953 81.23308263443538 331.106 23.584 93.92798484848485 66
stats: 302 23 56
stats: match 92 224
stats: 200 69 168
stats: size_rcv 2452504 5697990
stats: size_sent 47357 115212
stats: connected 1 1
# stats: dump at 1610438963
stats: users 1 3
stats: {load,"tsung_controller@ip-172-31-36-11"} 1 0.0 0.0 0.0 0.0 0.0 3
stats: {freemem,"tsung_controller@ip-172-31-36-11"} 1 7342.90625 0.0 7344.640625 7342.54296875 7343.84765625 3
stats: {cpu,"tsung_controller@ip-172-31-36-11"} 1 0.897308075772682 0.0 0.9481037924151697 0.32943886988823173 0.6420817523712602 3
stats: session 17 164.05400000000003 20.284395094578027 526.268 126.062 202.34074137931032 58
stats: users_count 18 76
stats: finish_users_count 17 75
stats: 302 18 74
stats: request 72 40.502861111111116 41.16964911642555 271.272 10.813 50.3319330357143 224
stats: connect 17 0.9591176470588235 0.11751489635383207 10.509 0.726 1.379140350877193 57
stats: page 36 81.14202777777778 52.92371358090505 331.106 23.462 100.81997321428571 112
stats: match 72 296
stats: 200 54 222
stats: size_rcv 2032811 7730801
stats: size_sent 36806 152018
stats: connected -1 0
# stats: dump at 1610438973
stats: users 0 4
stats: {load,"tsung_controller@ip-172-31-36-11"} 1 0.0 0.0 0.0 0.0 0.0 4
stats: {freemem,"tsung_controller@ip-172-31-36-11"} 1 7342.54296875 0.0 7344.640625 7342.54296875 7343.6123046875 4
stats: {cpu,"tsung_controller@ip-172-31-36-11"} 1 0.6986027944111777 0.0 0.9481037924151697 0.32943886988823173 0.7058883332216157 4
stats: session 34 200.43800000000002 65.64658283432223 526.268 126.062 193.66241333333335 75
stats: users_count 33 109
stats: finish_users_count 34 109
stats: 302 34 108
stats: request 136 49.432095588235306 53.325814634973085 271.272 10.693 47.941077702702714 296
stats: connect 35 1.0080857142857143 0.3307096587149322 10.509 0.726 1.2826486486486486 74
stats: page 68 99.00394117647066 72.21586126470017 331.106 23.462 96.03344594594596 148
stats: match 136 432
stats: 200 102 324
stats: size_rcv 4101085 11831886
stats: size_sent 69844 221862
stats: connected 1 1
# stats: dump at 1610438983
stats: users 0 4
stats: {load,"tsung_controller@ip-172-31-36-11"} 1 0.0 0.0 0.0 0.0 0.0 5
stats: {freemem,"tsung_controller@ip-172-31-36-11"} 1 7341.28515625 0.0 7344.640625 7341.28515625 7343.3984375 5
stats: {cpu,"tsung_controller@ip-172-31-36-11"} 1 1.3439522150323544 0.0 1.3439522150323544 0.32943886988823173 0.7044312254595282 5
stats: session 11 188.47945454545453 49.24329162685953 526.268 126.062 195.7758990825688 109
stats: users_count 11 120
stats: finish_users_count 11 120
stats: 302 12 120
stats: request 48 45.826562499999994 57.15360482029482 275.23 10.548 48.41047222222223 432
stats: connect 11 1.0207272727272727 0.28911843779735 10.509 0.679 1.1944862385321102 109
stats: page 24 91.77554166666668 73.25682875107911 331.106 23.103 96.96860185185187 216
stats: match 48 480
stats: 200 36 360
stats: size_rcv 1531008 13362894
stats: size_sent 24530 246392
stats: connected -1 0
# stats: dump at 1610438993
stats: users 4 4
stats: {load,"tsung_controller@ip-172-31-36-11"} 1 0.0 0.0 0.0 0.0 0.0 6
stats: {freemem,"tsung_controller@ip-172-31-36-11"} 1 7341.3515625 0.0 7344.640625 7341.28515625 7343.046223958333 6
stats: {cpu,"tsung_controller@ip-172-31-36-11"} 1 0.3996003996003996 0.0 1.3439522150323544 0.32943886988823173 0.8110180570549992 6
stats: session 26 197.14488461538457 34.84031197238106 526.268 126.062 195.10705833333336 120
stats: users_count 30 150
stats: finish_users_count 26 146
stats: request 104 48.677259615384614 54.48606687193513 275.23 10.26 48.15208125000001 480
stats: connect 26 1.0923846153846148 0.5785277785314586 10.509 0.679 1.1785583333333336 120
stats: page 52 97.48057692307694 67.50419168447877 331.106 23.103 96.44929583333335 240
stats: 302 26 146
stats: match 104 584
stats: 200 78 438
stats: size_rcv 3464698 16827592
stats: newphase 1 1
stats: size_sent 53314 299706
stats: connected 0 0
# stats: dump at 1610439003
stats: users 0 11
stats: {load,"tsung_controller@ip-172-31-36-11"} 1 0.0 0.0 0.0 0.0 0.0 7
stats: {freemem,"tsung_controller@ip-172-31-36-11"} 1 7340.3984375 0.0 7344.640625 7340.3984375 7342.804129464285 7
stats: {cpu,"tsung_controller@ip-172-31-36-11"} 1 1.097804391217565 0.0 1.3439522150323544 0.32943886988823173 0.7522441059900563 7
stats: session 46 453.3693695652175 349.25882256158195 1245.619 126.062 195.4699589041096 146
stats: users_count 42 192
stats: finish_users_count 46 192
stats: request 180 114.31040555555553 137.50322703355394 635.653 10.26 48.24560616438357 584
stats: page 90 228.7587222222222 226.07918524343177 911.745 23.103 96.63294863013701 292
stats: connect 45 1.121688888888889 1.6041085973520515 11.75 0.679 1.1632123287671234 146
stats: 302 45 191
stats: match 180 764
stats: 200 135 573
stats: size_rcv 6454636 23282228
stats: newphase 0 1
stats: size_sent 92325 392031
stats: connected 0 0
# stats: dump at 1610439013
stats: users 2 11
stats: {load,"tsung_controller@ip-172-31-36-11"} 1 0.0 0.0 0.0 0.0 0.0 8
stats: {freemem,"tsung_controller@ip-172-31-36-11"} 1 7338.59375 0.0 7344.640625 7338.59375 7342.50341796875 8
stats: {cpu,"tsung_controller@ip-172-31-36-11"} 1 1.299350324837581 0.0 1.3439522150323544 0.32943886988823173 0.7954391416434949 8
stats: session 23 224.10408695652174 54.94591536024354 1245.619 126.062 257.25835937500005 192
stats: users_count 25 217
stats: finish_users_count 23 215
stats: request 92 54.47159782608694 65.89431764824177 635.653 10.26 63.810611256544504 764
stats: connect 26 0.9898846153846154 0.3561463967488086 11.75 0.679 1.1534293193717278 191
stats: 302 23 214
stats: page 46 109.07526086956521 85.68916316482775 911.745 23.103 127.76205759162303 382
stats: match 92 856
stats: 200 69 642
stats: size_rcv 3543933 26826161
stats: newphase 0 1
stats: size_sent 47479 439510
stats: connected 3 3
# stats: dump at 1610439023
stats: users 4 11
stats: {load,"tsung_controller@ip-172-31-36-11"} 1 0.0 0.0 0.0 0.0 0.0 9
stats: {freemem,"tsung_controller@ip-172-31-36-11"} 1 7337.30078125 0.0 7344.640625 7337.30078125 7342.069010416667 9
stats: {cpu,"tsung_controller@ip-172-31-36-11"} 1 0.7996001999000499 0.0 1.3439522150323544 0.32943886988823173 0.8514292731095046 9
stats: session 32 329.55753125 157.70921016838722 1245.619 126.062 253.711623255814 215
stats: users_count 34 251
stats: finish_users_count 32 247
stats: request 132 81.20177272727271 96.26277559640646 635.653 10.26 62.806885514018695 856
stats: 302 33 247
stats: connect 31 1.0385483870967742 0.46282943550336814 11.75 0.679 1.1338341013824884 217
stats: page 66 162.52904545454547 136.03697132480278 911.745 23.103 125.75366355140187 428
stats: match 132 988
stats: 200 99 741
stats: size_rcv 5355645 32181806
stats: newphase 0 1
stats: size_sent 67605 507115
stats: connected -2 1
# stats: dump at 1610439033
stats: users 0 11
stats: {load,"tsung_controller@ip-172-31-36-11"} 1 0.0 0.0 0.0 0.0 0.0 10
stats: {freemem,"tsung_controller@ip-172-31-36-11"} 1 7337.76953125 0.0 7344.640625 7337.30078125 7341.5921875 10
stats: {cpu,"tsung_controller@ip-172-31-36-11"} 1 1.3965087281795512 0.0 1.3965087281795512 0.32943886988823173 0.846246365788559 10
stats: session 24 309.61258333333336 173.19129456974173 1245.619 126.062 263.53781376518225 247
stats: users_count 20 271
stats: finish_users_count 24 271
stats: request 92 77.41484782608693 91.24178304122545 635.653 10.26 65.2645020242915 988
stats: connect 23 0.8947391304347826 0.11193756698978088 11.75 0.679 1.121923387096774 248
stats: page 46 154.96480434782615 130.6921547343753 911.745 23.103 130.66697368421052 494
stats: 302 23 270
stats: match 92 1080
stats: 200 69 810
stats: size_rcv 3926200 36108006
stats: newphase 0 1
stats: size_sent 47245 554360
stats: connected 0 1
# stats: dump at 1610439043
stats: users 1 11
stats: {load,"tsung_controller@ip-172-31-36-11"} 1 0.0 0.0 0.0 0.0 0.0 11
stats: {freemem,"tsung_controller@ip-172-31-36-11"} 1 7337.77734375 0.0 7344.640625 7337.30078125 7341.244673295455 11
stats: {cpu,"tsung_controller@ip-172-31-36-11"} 1 1.045816733067729 0.0 1.3965087281795512 0.32943886988823173 0.896270216915013 11
stats: session 26 254.7388076923077 73.53575828440893 1245.619 126.062 267.61823616236165 271
stats: users_count 27 298
stats: finish_users_count 26 297
stats: request 104 63.63466346153848 79.18020126021337 635.653 10.26 66.29953148148148 1080
stats: connect 26 0.9193076923076924 0.06147780664645714 11.75 0.679 1.1026420664206642 271
stats: page 52 127.403076923077 99.36351369705507 911.745 23.103 132.73678888888887 540
stats: 302 26 296
stats: match 104 1184
stats: 200 78 888
stats: size_rcv 4631864 40739870
stats: newphase 0 1
stats: size_sent 53354 607714
stats: connected 0 1
# stats: dump at 1610439053
stats: users 1 11
stats: {load,"tsung_controller@ip-172-31-36-11"} 1 0.0 0.0 0.0 0.0 0.0 12
stats: {freemem,"tsung_controller@ip-172-31-36-11"} 1 7342.62890625 0.0 7344.640625 7337.30078125 7340.955729166667 12
stats: {cpu,"tsung_controller@ip-172-31-36-11"} 1 0.8 0.0 1.3965087281795512 0.32943886988823173 0.908732426594406 12
stats: session 36 308.18897222222216 143.16186075703226 1245.619 126.062 266.49074410774415 297
stats: users_count 36 334
stats: finish_users_count 36 333
stats: request 144 76.33710416666666 100.99754186301315 635.653 10.26 66.0654552364865 1184
stats: connect 36 0.9493055555555556 0.2693382651615751 11.75 0.677 1.0865925925925926 297
stats: page 72 152.81097222222218 135.03494026845343 911.745 23.103 132.26828716216215 592
stats: 302 36 332
stats: match 144 1328
stats: 200 108 996
stats: size_rcv 6745241 47485111
stats: newphase 1 2
stats: size_sent 73966 681680
stats: connected 0 1
# stats: dump at 1610439063
stats: users 0 11
stats: {load,"tsung_controller@ip-172-31-36-11"} 1 0.0 0.0 0.0 0.0 0.0 13
stats: {freemem,"tsung_controller@ip-172-31-36-11"} 1 7338.97265625 0.0 7344.640625 7337.30078125 7341.084435096154 13
stats: {cpu,"tsung_controller@ip-172-31-36-11"} 1 1.844466600199402 0.0 1.844466600199402 0.32943886988823173 0.9003683937794518 13
stats: session 39 413.98776923076935 233.20503118560728 1245.619 126.062 270.99866066066073 333
stats: users_count 38 372
stats: finish_users_count 39 372
stats: connect 39 1.1048717948717948 1.1825376706633088 11.75 0.677 1.0717507507507507 333
stats: 302 40 372
stats: page 80 203.27190000000002 160.9993266418838 911.745 23.103 134.49580722891565 664
stats: request 160 101.56861875000004 113.99773747737672 635.653 10.26 67.17924849397592 1328
stats: match 160 1488
stats: 200 120 1116
stats: size_rcv 7944154 55429265
stats: newphase 0 2
stats: size_sent 82050 763730
stats: connected -1 0
# stats: dump at 1610439073
stats: users 3 11
stats: {load,"tsung_controller@ip-172-31-36-11"} 1 0.0 0.0 0.0 0.0 0.0 14
stats: {freemem,"tsung_controller@ip-172-31-36-11"} 1 7334.515625 0.0 7344.640625 7334.515625 7340.93359375 14
stats: {cpu,"tsung_controller@ip-172-31-36-11"} 1 1.6991504247876061 0.0 1.844466600199402 0.32943886988823173 0.9678039799523053 14
stats: session 37 574.0532432432435 373.98238107446986 1381.485 126.062 285.98945430107534 372
stats: users_count 40 412
stats: finish_users_count 37 409
stats: request 148 142.8762905405406 151.9648139963191 706.023 10.26 70.8770302419355 1488
stats: connect 39 0.9835641025641028 0.48294384633347814 11.75 0.677 1.0752231182795697 372
stats: page 74 285.8989324324323 243.31380370187344 1124.782 23.103 141.89108602150537 744
stats: 302 37 409
stats: match 148 1636
stats: 200 111 1227
stats: size_rcv 7768559 63197824
stats: newphase 0 2
stats: size_sent 76015 839745
stats: connected 2 2
# stats: dump at 1610439083
stats: users 1 11
stats: {load,"tsung_controller@ip-172-31-36-11"} 1 0.0 0.0 0.0 0.0 0.0 15
stats: {freemem,"tsung_controller@ip-172-31-36-11"} 1 7335.63671875 0.0 7344.640625 7334.515625 7340.505729166666 15
stats: {cpu,"tsung_controller@ip-172-31-36-11"} 1 2.3928215353938187 0.0 2.3928215353938187 0.32943886988823173 1.0165604096079919 15
stats: session 43 551.8964651162792 292.8129047665594 1381.485 126.062 312.04901466992675 409
stats: users_count 41 453
stats: finish_users_count 43 452
stats: request 172 137.34616860465118 156.04150212620667 706.023 10.26 77.39041075794623 1636
stats: connect 41 0.8876097560975609 0.10156167849619709 11.75 0.677 1.0665255474452555 411
stats: page 86 274.8391744186046 234.23247892445974 1124.782 23.103 154.91869070904644 818
stats: 302 43 452
stats: match 172 1808
stats: 200 129 1356
stats: size_rcv 9547251 72745075
stats: newphase 0 2
stats: size_sent 88135 927880
stats: connected -2 0
# stats: dump at 1610439093
stats: users 2 11
stats: {load,"tsung_controller@ip-172-31-36-11"} 1 0.0 0.0 0.0 0.0 0.0 16
stats: {freemem,"tsung_controller@ip-172-31-36-11"} 1 7333.9296875 0.0 7344.640625 7333.9296875 7340.201416015625 16
stats: {cpu,"tsung_controller@ip-172-31-36-11"} 1 2.29426433915212 0.0 2.3928215353938187 0.32943886988823173 1.102576729969606 16
stats: session 33 387.0083636363636 165.91017356367385 1381.485 126.062 334.8663606194691 452
stats: users_count 34 487
stats: finish_users_count 33 485
stats: 302 32 484
stats: request 129 97.6975736434108 118.79714656347781 706.023 10.26 83.0941664823009 1808
stats: match 129 1937
stats: connect 35 0.9167142857142857 0.15776720126793897 11.75 0.677 1.0502964601769913 452
stats: 200 97 1453
stats: size_rcv 7695084 80440159
stats: page 64 192.17865625 162.50914979030978 1124.782 23.103 166.3270553097345 904
stats: newphase 0 2
stats: size_sent 66473 994353
stats: connected 3 3
# stats: dump at 1610439103
stats: users 8 11
stats: {load,"tsung_controller@ip-172-31-36-11"} 1 0.0 0.0 0.0 0.0 0.0 17
stats: {freemem,"tsung_controller@ip-172-31-36-11"} 1 7334.5234375 0.0 7344.640625 7333.9296875 7339.832490808823 17
stats: {cpu,"tsung_controller@ip-172-31-36-11"} 1 2.1934197407776668 0.0 2.3928215353938187 0.32943886988823173 1.1726760010979893 17
stats: session 32 579.95290625 397.63255027941307 1407.723 126.062 338.41416701030937 485
stats: users_count 38 525
stats: finish_users_count 32 517
stats: page 68 297.03574999999995 301.6346803543191 1187.808 23.103 168.0362520661157 968
stats: request 138 157.44068840579695 202.96838688177138 890.068 10.26 84.0667217346412 1937
stats: connect 37 0.8658378378378381 0.09343056780695734 11.75 0.61 1.0406960985626286 487
stats: 302 33 517
stats: match 138 2075
stats: 200 105 1558
stats: size_rcv 8990429 89430588
stats: newphase 0 2
stats: size_sent 71753 1066106
stats: connected 4 7
# stats: dump at 1610439113
stats: users 27 30
stats: {load,"tsung_controller@ip-172-31-36-11"} 1 0.0 0.0 0.0 0.0 0.0 18
stats: {freemem,"tsung_controller@ip-172-31-36-11"} 1 7332.4609375 0.0 7344.640625 7332.4609375 7339.537543402777 18
stats: {cpu,"tsung_controller@ip-172-31-36-11"} 1 2.3464802795806294 0.0 2.3928215353938187 0.32943886988823173 1.2293839866357492 18
stats: session 43 2939.3112093023256 1800.2618981702524 4805.521 126.062 353.36434042553196 517
stats: users_count 62 587
stats: finish_users_count 43 560
stats: request 197 797.1030812182739 486.0420135622727 1750.556 10.26 88.94653253012048 2075
stats: connect 62 0.9922096774193555 0.7011491290707492 11.75 0.61 1.0283492366412217 524
stats: page 94 1551.5413510638296 932.1135620232178 2856.62 23.103 176.50340057915056 1036
stats: 302 49 566
stats: match 197 2272
stats: 200 148 1706
stats: size_rcv 13723369 103153957
stats: newphase 1 3
stats: size_sent 105906 1172012
stats: connected 19 26
# stats: dump at 1610439123
stats: users 13 30
stats: {load,"tsung_controller@ip-172-31-36-11"} 1 0.0 0.0 0.0 0.0 0.0 19
stats: {freemem,"tsung_controller@ip-172-31-36-11"} 1 7317.56640625 0.0 7344.640625 7317.56640625 7339.165090460527 19
stats: {cpu,"tsung_controller@ip-172-31-36-11"} 1 2.0989505247376314 0.0 2.3928215353938187 0.32943886988823173 1.2881785283696903 19
stats: session 61 3751.2865081967216 708.9568883054125 5204.524 126.062 551.928117857143 560
stats: users_count 47 634
stats: finish_users_count 61 621
stats: request 232 910.7327112068967 347.22991397550726 2171.659 10.26 150.34919102112676 2272
stats: connect 48 1.090458333333333 0.8637688241637471 11.75 0.61 1.024525597269625 586
stats: page 118 1853.5836016949143 532.1845086376212 3123.872 23.103 290.8870884955752 1130
stats: 302 59 625
stats: match 232 2504
stats: 200 174 1880
stats: size_rcv 14959556 118113513
stats: newphase 0 3
stats: size_sent 117390 1289402
stats: connected -12 14
# stats: dump at 1610439133
stats: users 17 30
stats: {load,"tsung_controller@ip-172-31-36-11"} 1 0.0 0.0 0.0 0.0 0.0 20
stats: {freemem,"tsung_controller@ip-172-31-36-11"} 1 7322.79296875 0.0 7344.640625 7317.56640625 7338.08515625 20
stats: {cpu,"tsung_controller@ip-172-31-36-11"} 1 2.3046092184368736 0.0 2.3928215353938187 0.32943886988823173 1.3287171281880874 20
stats: session 46 1467.4423695652172 765.7894571119956 5204.524 126.062 866.1968164251208 621
stats: users_count 50 684
stats: finish_users_count 46 667
stats: request 179 343.20687150838 261.0734881220682 2171.659 10.26 220.80006030351439 2504
stats: connect 50 0.8939600000000002 0.11350171100031933 11.75 0.61 1.029517350157729 634
stats: page 91 690.8475274725273 420.05256748954287 3123.872 23.103 438.64204727564095 1248
stats: 302 43 668
stats: match 179 2683
stats: 200 135 2015
stats: size_rcv 12955508 131069021
stats: newphase 0 3
stats: size_sent 90746 1380148
stats: connected 3 17
# stats: dump at 1610439143
stats: users 26 33
stats: {load,"tsung_controller@ip-172-31-36-11"} 1 0.0 0.0 0.0 0.0 0.0 21
stats: {freemem,"tsung_controller@ip-172-31-36-11"} 1 7320.3671875 0.0 7344.640625 7317.56640625 7337.3569568452385 21
stats: {cpu,"tsung_controller@ip-172-31-36-11"} 1 2.6865671641791042 0.0 2.6865671641791042 0.32943886988823173 1.3751881801046961 21
stats: session 42 5351.3107619047605 914.5735112780792 6650.603 126.062 907.6620269865066 667
stats: users_count 51 735
stats: finish_users_count 42 709
stats: request 188 1408.8712765957437 284.51989626100027 2374.066 10.26 228.96659746552368 2683
stats: connect 50 1.01208 0.4125297002641143 11.75 0.61 1.019608187134503 684
stats: page 90 2801.5735555555566 432.90840267587816 3612.506 23.103 455.7822255414488 1339
stats: 302 47 715
stats: match 188 2871
stats: 200 141 2156
stats: size_rcv 15226351 146295372
stats: newphase 0 3
stats: size_sent 100309 1480457
stats: connected 9 26
# stats: dump at 1610439153
stats: users 17 33
stats: {load,"tsung_controller@ip-172-31-36-11"} 1 0.0 0.0 0.0 0.0 0.0 22
stats: {freemem,"tsung_controller@ip-172-31-36-11"} 1 7315.9609375 0.0 7344.640625 7315.9609375 7336.584694602273 22
stats: {cpu,"tsung_controller@ip-172-31-36-11"} 1 2.3928215353938187 0.0 2.6865671641791042 0.32943886988823173 1.4347963157444419 22
stats: session 51 3101.6696862745107 1680.4930687710755 6650.603 126.062 1170.8965077574046 709
stats: users_count 42 777
stats: finish_users_count 51 760
stats: request 198 710.0086313131314 478.77430582157376 2374.066 10.26 306.2295997910135 2871
stats: connect 43 0.9476046511627907 0.18758193738785361 11.75 0.61 1.0190953678474117 734
stats: page 102 1463.4187058823527 871.6874699810884 3612.506 23.103 603.5227571728482 1429
stats: 302 49 764
stats: match 198 3069
stats: 200 149 2305
stats: size_rcv 14908522 161203894
stats: newphase 0 3
stats: size_sent 99931 1580388
stats: connected -9 17
# stats: dump at 1610439163
stats: users 22 33
stats: {load,"tsung_controller@ip-172-31-36-11"} 1 0.0 0.0 0.0 0.0 0.0 23
stats: {freemem,"tsung_controller@ip-172-31-36-11"} 1 7318.046875 0.0 7344.640625 7315.9609375 7335.68800951087 23
stats: {cpu,"tsung_controller@ip-172-31-36-11"} 1 2.2977022977022976 0.0 2.6865671641791042 0.32943886988823173 1.4764495861639801 23
stats: session 47 3886.524808510638 1006.4898967282418 6650.603 126.062 1300.46155 760
stats: users_count 52 829
stats: finish_users_count 47 807
stats: connect 52 1.040596153846154 1.0890192175251332 11.75 0.61 1.0151389961389963 777
stats: page 92 1948.6717934782605 691.9789800531538 3612.506 23.103 660.8117099934683 1531
stats: request 186 983.3668655913976 417.48954773536263 2374.066 10.26 332.2798598892147 3069
stats: 302 47 811
stats: match 186 3255
stats: 200 139 2444
stats: size_rcv 15463565 176667459
stats: newphase 0 3
stats: size_sent 95316 1675704
stats: connected 5 22
# stats: dump at 1610439168
stats: users 0 33
stats: {load,"tsung_controller@ip-172-31-36-11"} 1 0.0 0.0 0.0 0.0 0.0 24
stats: {freemem,"tsung_controller@ip-172-31-36-11"} 1 7313.9296875 0.0 7344.640625 7313.9296875 7334.952962239583 24
stats: {cpu,"tsung_controller@ip-172-31-36-11"} 1 2.3940149625935163 0.0 2.6865671641791042 0.32943886988823173 1.5106684491447435 24
stats: session 22 3762.6875454545448 1008.0891053938152 6650.603 126.062 1451.0748996282528 807
stats: users_count 0 829
stats: finish_users_count 22 829
stats: request 61 803.994360655738 694.2969501671303 2374.066 10.26 369.48483164362517 3255
stats: connect 0 0 0 11.75 0.61 1.0167358262967432 829
stats: page 35 1742.0426571428575 1059.4191607155562 3612.506 23.103 733.8142532347505 1623
stats: 302 18 829
stats: match 61 3316
stats: 200 43 2487
stats: size_rcv 2784210 179451669
stats: newphase 0 3
stats: size_sent 26263 1701967
stats: connected -22 0
EndMonitor:{1610,439168,367481}
