# stats: dump at 1610436211
stats: users 0 7
stats: {load,"tsung_controller@ip-172-31-36-11"} 1 0.16015625 0 0.16015625 0.16015625 0 0
stats: {freemem,"tsung_controller@ip-172-31-36-11"} 1 7344.265625 0 7344.265625 7344.265625 0 0
stats: {cpu,"tsung_controller@ip-172-31-36-11"} 1 0.24161713588296407 0 0.24161713588296407 0.24161713588296407 0 0
stats: session 50 268.84006 129.44325657559915 620.56 131.265 0 0
stats: users_count 50 50
stats: finish_users_count 50 50
stats: request 180 69.10218888888888 80.24896181736138 376.617 10.829 0 0
stats: connect 47 1.3161914893617024 2.06795614627252 14.637 0.6 0 0
stats: page 90 138.36229999999995 115.87147745646183 545.34 23.628 0 0
stats: 302 44 44
stats: match 180 180
stats: 200 136 136
stats: size_rcv 4598164 4598164
stats: size_sent 93288 93288
stats: connected 3 3
# stats: dump at 1610436221
stats: users 0 7
stats: {load,"tsung_controller@ip-172-31-36-11"} 1 0.140625 0.0 0.16015625 0.140625 0.16015625 1
stats: {freemem,"tsung_controller@ip-172-31-36-11"} 1 7340.875 0.0 7344.265625 7340.875 7344.265625 1
stats: {cpu,"tsung_controller@ip-172-31-36-11"} 1 1.998001998001998 0.0 1.998001998001998 0.24161713588296407 0.24161713588296407 1
stats: session 50 236.78484 117.1408920557394 620.56 131.265 268.84006 50
stats: users_count 50 100
stats: finish_users_count 50 100
stats: 302 54 98
stats: request 212 57.44345283018876 70.9886560494706 376.617 10.731 69.10218888888888 180
stats: match 212 392
stats: 200 158 294
stats: size_rcv 5972333 10570497
stats: connect 51 1.085647058823529 0.8492069847119172 14.637 0.6 1.3161914893617024 47
stats: size_sent 107894 201182
stats: connected -3 0
stats: page 106 115.03527358490561 96.57756343053943 545.34 23.473 138.36229999999995 90
# stats: dump at 1610436231
stats: users 1 7
stats: {load,"tsung_controller@ip-172-31-36-11"} 1 0.19140625 0.0 0.19140625 0.140625 0.150390625 2
stats: {freemem,"tsung_controller@ip-172-31-36-11"} 1 7341.48046875 0.0 7344.265625 7340.875 7342.5703125 2
stats: {cpu,"tsung_controller@ip-172-31-36-11"} 1 1.9441674975074776 0.0 1.998001998001998 0.24161713588296407 1.119809566942481 2
stats: session 43 270.5082325581396 115.86235319266245 626.481 131.265 252.81245 100
stats: users_count 44 144
stats: finish_users_count 43 143
stats: request 180 66.28745555555562 78.39372847225319 440.541 10.731 62.7969540816327 392
stats: page 90 132.7196444444444 107.2367717535269 545.34 23.473 125.74666326530607 196
stats: connect 45 0.8847999999999999 0.18224898719425936 14.637 0.6 1.1962142857142855 98
stats: 302 45 143
stats: match 180 572
stats: 200 135 429
stats: size_rcv 5820197 16390694
stats: size_sent 92473 293655
stats: connected 0 0
# stats: dump at 1610436241
stats: users 5 7
stats: {load,"tsung_controller@ip-172-31-36-11"} 1 0.16015625 0.0 0.19140625 0.140625 0.1640625 3
stats: {freemem,"tsung_controller@ip-172-31-36-11"} 1 7339.1484375 0.0 7344.265625 7339.1484375 7342.20703125 3
stats: {cpu,"tsung_controller@ip-172-31-36-11"} 1 1.8509254627313656 0.0 1.998001998001998 0.24161713588296407 1.39459554379748 3
stats: session 54 334.0055555555557 153.89668612942023 723.03 131.265 258.13355944055945 143
stats: users_count 58 202
stats: finish_users_count 54 197
stats: connect 54 0.9196666666666664 0.14467767495239078 14.637 0.6 1.0982167832167828 143
stats: 302 52 195
stats: request 210 83.29120952380947 95.84130337899559 487.263 10.731 63.89536363636369 572
stats: page 105 166.70901904761894 127.10623501307727 545.34 23.473 127.940958041958 286
stats: match 210 782
stats: 200 158 587
stats: size_rcv 7624112 24014806
stats: size_sent 108326 401981
stats: connected 2 2
# stats: dump at 1610436251
stats: users 0 7
stats: {load,"tsung_controller@ip-172-31-36-11"} 1 0.12890625 0.0 0.19140625 0.12890625 0.1630859375 4
stats: {freemem,"tsung_controller@ip-172-31-36-11"} 1 7338.9140625 0.0 7344.265625 7338.9140625 7341.4423828125 4
stats: {cpu,"tsung_controller@ip-172-31-36-11"} 1 1.7500000000000002 0.0 1.998001998001998 0.24161713588296407 1.5086780235309514 4
stats: session 54 387.1902407407407 174.62766350543652 896.591 131.265 278.930959390863 197
stats: users_count 49 251
stats: finish_users_count 54 251
stats: 302 56 251
stats: request 222 95.42528828828831 114.53320161730258 555.114 10.556 69.10396675191818 782
stats: match 222 1004
stats: 200 166 753
stats: size_rcv 8800876 32815682
stats: size_sent 113484 515465
stats: connect 54 0.9707777777777779 0.5672178909400417 14.637 0.6 1.0492741116751265 197
stats: connected -2 0
stats: page 111 190.99198198198218 153.5494117100557 618.186 23.473 138.35181841432217 391
# stats: dump at 1610436261
stats: users 2 7
stats: {load,"tsung_controller@ip-172-31-36-11"} 1 0.109375 0.0 0.19140625 0.109375 0.15625 5
stats: {freemem,"tsung_controller@ip-172-31-36-11"} 1 7337.58984375 0.0 7344.265625 7337.58984375 7340.93671875 5
stats: {cpu,"tsung_controller@ip-172-31-36-11"} 1 1.6524787180771157 0.0 1.998001998001998 0.24161713588296407 1.5569424188247611 5
stats: session 47 309.89425531914884 108.99903179493242 896.591 131.265 302.2218007968128 251
stats: users_count 49 300
stats: finish_users_count 47 298
stats: request 184 76.98404347826086 90.32923348018446 555.114 10.556 74.92401992031874 1004
stats: connect 47 0.9540851063829787 0.3640364039422451 14.637 0.6 1.0323864541832668 251
stats: page 92 154.10647826086958 115.38282156911197 618.186 23.473 149.99137649402388 502
stats: 302 46 297
stats: match 184 1188
stats: 200 138 891
stats: size_rcv 8063488 40879170
stats: size_sent 94474 609939
stats: connected 1 1
# stats: dump at 1610436266
stats: users 0 7
stats: {load,"tsung_controller@ip-172-31-36-11"} 1 0.1015625 0.0 0.19140625 0.1015625 0.1484375 6
stats: {freemem,"tsung_controller@ip-172-31-36-11"} 1 7337.9375 0.0 7344.265625 7337.58984375 7340.37890625 6
stats: {cpu,"tsung_controller@ip-172-31-36-11"} 1 1.2537612838515546 0.0 1.998001998001998 0.24161713588296407 1.5728651353668202 6
stats: session 2 288.84799999999996 26.529999999999987 896.591 131.265 303.4318859060403 298
stats: users_count 0 300
stats: finish_users_count 2 300
stats: request 12 71.34416666666665 79.51333592112431 555.114 10.556 75.24308080808082 1188
stats: connect 2 0.9355 0.025499999999999967 14.637 0.6 1.0200369127516777 298
stats: page 6 142.8215 108.27828886523528 618.186 23.473 150.6287323232323 594
stats: 302 3 300
stats: match 12 1200
stats: 200 9 900
stats: size_rcv 548238 41427408
stats: size_sent 6073 616012
stats: connected -1 0
EndMonitor:{1610,436266,511393}
