# stats: dump at 1610437313
stats: users 1 4
stats: {load,"tsung_controller@ip-172-31-36-11"} 1 0.0 0 0.0 0.0 0 0
stats: {freemem,"tsung_controller@ip-172-31-36-11"} 1 7345.31640625 0 7345.31640625 7345.31640625 0 0
stats: {cpu,"tsung_controller@ip-172-31-36-11"} 1 0.2674361037083029 0 0.2674361037083029 0.2674361037083029 0 0
stats: session 47 219.1173829787234 92.47679323278506 558.722 128.523 0 0
stats: users_count 48 48
stats: finish_users_count 47 47
stats: request 178 54.52501685393259 61.21599010002764 382.02 11.156 0 0
stats: connect 46 1.204586956521739 1.7689277589408812 12.878 0.674 0 0
stats: page 89 109.21267415730335 86.87818690127791 467.284 24.454 0 0
stats: 302 44 44
stats: match 178 178
stats: 200 134 134
stats: size_rcv 4499169 4499169
stats: size_sent 91826 91826
stats: connected 2 2
# stats: dump at 1610437323
stats: users 2 10
stats: {load,"tsung_controller@ip-172-31-36-11"} 1 0.0 0.0 0.0 0.0 0.0 1
stats: {freemem,"tsung_controller@ip-172-31-36-11"} 1 7341.42578125 0.0 7345.31640625 7341.42578125 7345.31640625 1
stats: {cpu,"tsung_controller@ip-172-31-36-11"} 1 2.1934197407776668 0.0 2.1934197407776668 0.2674361037083029 0.2674361037083029 1
stats: session 55 409.972909090909 304.04758972731844 1118.178 128.523 219.1173829787234 47
stats: users_count 56 104
stats: finish_users_count 55 102
stats: 302 50 94
stats: request 202 84.9601831683168 109.79970515844883 610.779 10.626 54.52501685393259 178
stats: match 202 380
stats: 200 152 286
stats: connect 57 0.8816491228070175 0.13490756955705613 12.878 0.669 1.204586956521739 46
stats: size_rcv 5916063 10415232
stats: size_sent 104182 196008
stats: page 100 166.74395 168.73563847927173 845.968 23.494 109.21267415730335 89
stats: connected 7 9
# stats: dump at 1610437333
stats: users 1 10
stats: {load,"tsung_controller@ip-172-31-36-11"} 1 0.0 0.0 0.0 0.0 0.0 2
stats: {freemem,"tsung_controller@ip-172-31-36-11"} 1 7337.6796875 0.0 7345.31640625 7337.6796875 7343.37109375 2
stats: {cpu,"tsung_controller@ip-172-31-36-11"} 1 1.7508754377188593 0.0 2.1934197407776668 0.2674361037083029 1.2304279222429848 2
stats: session 58 324.3189482758622 170.90707764973683 1118.178 128.523 322.0296764705882 102
stats: users_count 57 161
stats: finish_users_count 58 160
stats: connect 55 0.8632363636363638 0.08336447109723849 12.878 0.669 1.025873786407767 103
stats: page 121 194.6156280991736 196.21168392469437 845.968 23.436 139.65250264550264 189
stats: 302 61 155
stats: match 241 621
stats: request 241 95.78296265560165 127.77311849096944 610.779 10.626 70.70371052631577 380
stats: 200 180 466
stats: size_rcv 7749592 18164824
stats: size_sent 123601 319609
stats: connected -5 4
# stats: dump at 1610437343
stats: users 1 10
stats: {load,"tsung_controller@ip-172-31-36-11"} 1 0.0 0.0 0.0 0.0 0.0 3
stats: {freemem,"tsung_controller@ip-172-31-36-11"} 1 7338.3515625 0.0 7345.31640625 7337.6796875 7341.473958333333 3
stats: {cpu,"tsung_controller@ip-172-31-36-11"} 1 2.4950099800399204 0.0 2.4950099800399204 0.2674361037083029 1.4039104274016097 3
stats: session 52 382.4781730769231 224.5318272205285 1118.178 128.523 322.85953750000004 160
stats: users_count 52 213
stats: finish_users_count 52 212
stats: request 219 94.42636986301372 110.30893385461462 610.779 10.626 80.43656038647342 621
stats: connect 53 0.8829811320754717 0.09831898232544344 12.878 0.669 0.969259493670886 158
stats: page 110 188.65570000000002 161.26814956330847 845.968 23.436 161.10585161290322 310
stats: 302 55 210
stats: match 219 840
stats: 200 164 630
stats: size_rcv 7985817 26150641
stats: size_sent 111391 431000
stats: connected -3 1
# stats: dump at 1610437353
stats: users 12 14
stats: {load,"tsung_controller@ip-172-31-36-11"} 1 0.0 0.0 0.0 0.0 0.0 4
stats: {freemem,"tsung_controller@ip-172-31-36-11"} 1 7338.0078125 0.0 7345.31640625 7337.6796875 7340.693359375 4
stats: {cpu,"tsung_controller@ip-172-31-36-11"} 1 1.900950475237619 0.0 2.4950099800399204 0.2674361037083029 1.6766853155611874 4
stats: session 39 286.76646153846156 182.4806706172333 1118.178 128.523 337.48297641509436 212
stats: users_count 50 263
stats: finish_users_count 39 251
stats: 302 40 250
stats: request 164 70.56722560975612 91.03596268811988 619.12 10.626 84.08390357142856 840
stats: match 164 1004
stats: 200 124 754
stats: connect 46 0.9162391304347828 0.16104133749398805 12.878 0.669 0.9475876777251185 211
stats: size_rcv 6974243 33124884
stats: size_sent 85799 516799
stats: page 81 132.89951851851856 114.97535531733931 845.968 23.436 168.32128809523812 420
stats: connected 7 8
# stats: dump at 1610437363
stats: users 0 14
stats: {load,"tsung_controller@ip-172-31-36-11"} 1 0.0 0.0 0.0 0.0 0.0 5
stats: {freemem,"tsung_controller@ip-172-31-36-11"} 1 7335.59765625 0.0 7345.31640625 7335.59765625 7340.15625 5
stats: {cpu,"tsung_controller@ip-172-31-36-11"} 1 1.3032581453634084 0.0 2.4950099800399204 0.2674361037083029 1.7215383474964738 5
stats: session 49 749.6512040816325 448.224237509279 1676.398 128.523 329.6027211155378 251
stats: users_count 37 300
stats: finish_users_count 49 300
stats: request 196 186.19726020408152 219.58214549473283 970.927 10.626 81.876 1004
stats: connect 43 0.9023953488372094 0.11288338076433257 12.878 0.667 0.9419766536964982 257
stats: page 99 377.0550202020203 317.583762715802 1243.168 23.436 162.5944151696607 501
stats: 302 50 300
stats: match 196 1200
stats: 200 146 900
stats: size_rcv 8258938 41383822
stats: size_sent 98961 615760
stats: connected -8 0
# stats: dump at 1610437365
stats: users 0 14
stats: {load,"tsung_controller@ip-172-31-36-11"} 1 0.0 0.0 0.0 0.0 0.0 6
stats: {freemem,"tsung_controller@ip-172-31-36-11"} 1 7338.48828125 0.0 7345.31640625 7335.59765625 7339.396484375 6
stats: {cpu,"tsung_controller@ip-172-31-36-11"} 1 0.8525576730190572 0.0 2.4950099800399204 0.2674361037083029 1.6518249804742962 6
stats: session 0 0 0 1676.398 128.523 398.21063999999996 300
stats: users_count 0 300
stats: finish_users_count 0 300
stats: request 0 0 0 970.927 10.626 98.91513916666666 1200
stats: connect 0 0 0 12.878 0.667 0.9363033333333334 300
stats: page 0 0 0 1243.168 23.436 197.98041500000002 600
stats: 302 0 300
stats: match 0 1200
stats: 200 0 900
stats: size_rcv 0 41383822
stats: size_sent 0 615760
stats: connected 0 0
EndMonitor:{1610,437365,702537}
